[2018-11-13 15:32:31.733] [sharedprocess] [info] main {"machineId":"688693ba4ea11fb6dec10aea7b1a39bd11a08b2f7c99da68bb8d3df559db3ab2"}
[2018-11-13 15:32:31.907] [sharedprocess] [info] Scanned user extensions: 21
[2018-11-13 15:32:31.939] [sharedprocess] [info] Scanned user extensions: 21
[2018-11-13 15:32:31.947] [sharedprocess] [info] Scanned user extensions: 21
[2018-11-13 15:32:31.970] [sharedprocess] [info] Scanned user extensions: 21
[2018-11-13 15:32:32.060] [sharedprocess] [info] Scanned system extensions: 71
[2018-11-13 15:32:32.060] [sharedprocess] [info] Deleted from disk vangware.dark-plus-material-1.4.3
[2018-11-13 15:32:32.114] [sharedprocess] [info] Scanned system extensions: 71
[2018-11-13 15:32:32.128] [sharedprocess] [info] Deleted from disk coenraads.bracket-pair-colorizer-1.0.60
[2018-11-13 15:33:11.740] [sharedprocess] [info] Starting to clean up unused language packs.
[2018-11-13 15:37:32.022] [sharedprocess] [info] Scanned user extensions: 21
[2018-11-13 15:42:32.064] [sharedprocess] [info] Scanned user extensions: 21
[2018-11-13 15:47:32.108] [sharedprocess] [info] Scanned user extensions: 21
[2018-11-13 15:52:32.151] [sharedprocess] [info] Scanned user extensions: 21
[2018-11-13 15:57:32.185] [sharedprocess] [info] Scanned user extensions: 21
[2018-11-13 16:02:32.220] [sharedprocess] [info] Scanned user extensions: 21
[2018-11-13 16:07:32.450] [sharedprocess] [info] Scanned user extensions: 21
[2018-11-13 16:12:32.487] [sharedprocess] [info] Scanned user extensions: 21
[2018-11-13 16:17:32.531] [sharedprocess] [info] Scanned user extensions: 21
[2018-11-13 20:19:52.623] [sharedprocess] [info] Scanned user extensions: 21
[2018-11-13 20:24:52.660] [sharedprocess] [info] Scanned user extensions: 21
[2018-11-13 20:29:52.702] [sharedprocess] [info] Scanned user extensions: 21
[2018-11-13 20:34:52.738] [sharedprocess] [info] Scanned user extensions: 21
[2018-11-13 20:39:52.776] [sharedprocess] [info] Scanned user extensions: 21
[2018-11-13 20:44:52.821] [sharedprocess] [info] Scanned user extensions: 21
[2018-11-13 20:49:52.862] [sharedprocess] [info] Scanned user extensions: 21
[2018-11-13 20:54:52.901] [sharedprocess] [info] Scanned user extensions: 21
[2018-11-13 20:59:52.938] [sharedprocess] [info] Scanned user extensions: 21
[2018-11-13 21:04:52.975] [sharedprocess] [info] Scanned user extensions: 21
[2018-11-13 21:09:53.024] [sharedprocess] [info] Scanned user extensions: 21
[2018-11-13 21:14:53.068] [sharedprocess] [info] Scanned user extensions: 21
[2018-11-13 21:19:53.276] [sharedprocess] [info] Scanned user extensions: 21
[2018-11-14 08:34:16.708] [sharedprocess] [info] Scanned user extensions: 21
[2018-11-14 08:39:16.746] [sharedprocess] [info] Scanned user extensions: 21
[2018-11-14 08:44:16.784] [sharedprocess] [info] Scanned user extensions: 21
[2018-11-14 08:49:16.820] [sharedprocess] [info] Scanned user extensions: 21
[2018-11-14 08:54:16.857] [sharedprocess] [info] Scanned user extensions: 21
[2018-11-14 08:59:16.896] [sharedprocess] [info] Scanned user extensions: 21
[2018-11-14 09:04:16.932] [sharedprocess] [info] Scanned user extensions: 21
[2018-11-14 09:09:16.971] [sharedprocess] [info] Scanned user extensions: 21
[2018-11-14 09:14:17.008] [sharedprocess] [info] Scanned user extensions: 21
[2018-11-14 09:19:17.047] [sharedprocess] [info] Scanned user extensions: 21
[2018-11-14 09:24:17.079] [sharedprocess] [info] Scanned user extensions: 21
[2018-11-14 09:29:17.113] [sharedprocess] [info] Scanned user extensions: 21
[2018-11-14 09:34:17.278] [sharedprocess] [info] Scanned user extensions: 21
[2018-11-14 09:39:17.319] [sharedprocess] [info] Scanned user extensions: 21
[2018-11-14 11:31:54.669] [sharedprocess] [info] Scanned user extensions: 21
[2018-11-14 11:36:54.704] [sharedprocess] [info] Scanned user extensions: 21
[2018-11-14 11:41:54.740] [sharedprocess] [info] Scanned user extensions: 21
[2018-11-14 11:46:54.776] [sharedprocess] [info] Scanned user extensions: 21
[2018-11-14 11:51:54.815] [sharedprocess] [info] Scanned user extensions: 21
[2018-11-14 11:56:54.851] [sharedprocess] [info] Scanned user extensions: 21
[2018-11-14 12:01:54.893] [sharedprocess] [info] Scanned user extensions: 21
[2018-11-14 12:06:54.929] [sharedprocess] [info] Scanned user extensions: 21
[2018-11-14 12:11:54.967] [sharedprocess] [info] Scanned user extensions: 21
[2018-11-14 12:16:55.007] [sharedprocess] [info] Scanned user extensions: 21
[2018-11-14 12:21:55.042] [sharedprocess] [info] Scanned user extensions: 21
[2018-11-14 12:26:55.079] [sharedprocess] [info] Scanned user extensions: 21
[2018-11-14 12:28:24.332] [sharedprocess] [info] Scanned user extensions: 21
[2018-11-14 12:28:24.338] [sharedprocess] [info] Scanned user extensions: 21
[2018-11-14 12:28:24.341] [sharedprocess] [info] Scanned user extensions: 21
[2018-11-14 12:28:24.379] [sharedprocess] [info] Scanned system extensions: 71
[2018-11-14 12:28:24.386] [sharedprocess] [info] Scanned system extensions: 71
[2018-11-14 12:28:24.495] [sharedprocess] [info] Scanned user extensions: 21
[2018-11-14 12:31:55.286] [sharedprocess] [info] Scanned user extensions: 21
[2018-11-14 12:36:55.319] [sharedprocess] [info] Scanned user extensions: 21
[2018-11-14 12:41:55.353] [sharedprocess] [info] Scanned user extensions: 21
[2018-11-14 12:46:55.390] [sharedprocess] [info] Scanned user extensions: 21
[2018-11-14 12:51:55.429] [sharedprocess] [info] Scanned user extensions: 21
[2018-11-14 12:56:55.467] [sharedprocess] [info] Scanned user extensions: 21
[2018-11-14 13:01:55.502] [sharedprocess] [info] Scanned user extensions: 21
[2018-11-14 13:06:55.537] [sharedprocess] [info] Scanned user extensions: 21
[2018-11-15 18:32:17.706] [sharedprocess] [info] Scanned user extensions: 21
[2018-11-15 18:37:17.740] [sharedprocess] [info] Scanned user extensions: 21
[2018-11-15 18:42:17.775] [sharedprocess] [info] Scanned user extensions: 21
[2018-11-15 18:47:17.807] [sharedprocess] [info] Scanned user extensions: 21
[2018-11-15 18:52:17.844] [sharedprocess] [info] Scanned user extensions: 21
[2018-11-15 18:57:17.880] [sharedprocess] [info] Scanned user extensions: 21
[2018-11-15 19:02:17.919] [sharedprocess] [info] Scanned user extensions: 21
[2018-11-15 19:07:17.950] [sharedprocess] [info] Scanned user extensions: 21
[2018-11-15 19:12:17.982] [sharedprocess] [info] Scanned user extensions: 21
[2018-11-15 19:17:18.015] [sharedprocess] [info] Scanned user extensions: 21
[2018-11-15 19:22:18.056] [sharedprocess] [info] Scanned user extensions: 21
[2018-11-15 19:27:18.097] [sharedprocess] [info] Scanned user extensions: 21
[2018-11-15 19:32:18.274] [sharedprocess] [info] Scanned user extensions: 21
[2018-11-15 19:37:18.300] [sharedprocess] [info] Scanned user extensions: 21
[2018-11-15 19:42:18.337] [sharedprocess] [info] Scanned user extensions: 21
[2018-11-15 19:47:18.379] [sharedprocess] [info] Scanned user extensions: 21
[2018-11-15 19:52:18.418] [sharedprocess] [info] Scanned user extensions: 21
