[2018-11-16 20:25:47.580] [sharedprocess] [info] main {"machineId":"688693ba4ea11fb6dec10aea7b1a39bd11a08b2f7c99da68bb8d3df559db3ab2"}
[2018-11-16 20:25:47.827] [sharedprocess] [info] Scanned user extensions: 21
[2018-11-16 20:25:48.042] [sharedprocess] [info] Scanned system extensions: 71
[2018-11-16 20:25:48.056] [sharedprocess] [info] Scanned user extensions: 21
[2018-11-16 20:25:48.147] [sharedprocess] [info] Scanned system extensions: 71
[2018-11-16 20:25:49.981] [sharedprocess] [info] Scanned user extensions: 21
[2018-11-16 20:25:51.794] [sharedprocess] [info] Installing extension: LiveServer
[2018-11-16 20:25:51.841] [sharedprocess] [info] Scanned user extensions: 21
[2018-11-16 20:25:54.334] [sharedprocess] [info] Downloaded extension: LiveServer /tmp/181e5278-669c-457f-9f92-3f4ed2884f87
[2018-11-16 20:25:58.269] [sharedprocess] [info] Extracted extension to /home/lvzbel/.vscode/extensions/.ritwickdey.liveserver-5.2.0: ritwickdey.liveserver-5.2.0
[2018-11-16 20:25:58.269] [sharedprocess] [info] Renamed to /home/lvzbel/.vscode/extensions/ritwickdey.liveserver-5.2.0
[2018-11-16 20:25:58.269] [sharedprocess] [info] Installation completed. ritwickdey.liveserver-5.2.0
[2018-11-16 20:25:58.282] [sharedprocess] [info] Extensions installed successfully: ritwickdey.liveserver
[2018-11-16 20:26:27.603] [sharedprocess] [info] Starting to clean up unused language packs.
[2018-11-16 20:30:50.062] [sharedprocess] [info] Scanned user extensions: 21
[2018-11-16 20:35:50.101] [sharedprocess] [info] Scanned user extensions: 21
[2018-11-16 20:40:50.140] [sharedprocess] [info] Scanned user extensions: 21
[2018-11-16 20:45:50.175] [sharedprocess] [info] Scanned user extensions: 21
[2018-11-16 20:48:21.737] [sharedprocess] [info] Scanned user extensions: 21
[2018-11-16 20:48:21.745] [sharedprocess] [info] Scanned user extensions: 21
[2018-11-16 20:48:21.821] [sharedprocess] [info] Scanned system extensions: 71
[2018-11-16 20:48:21.830] [sharedprocess] [info] Scanned system extensions: 71
[2018-11-16 20:48:22.339] [sharedprocess] [info] Scanned user extensions: 21
[2018-11-16 20:53:22.440] [sharedprocess] [info] Scanned user extensions: 21
[2018-11-16 20:58:22.484] [sharedprocess] [info] Scanned user extensions: 21
[2018-11-16 21:03:22.522] [sharedprocess] [info] Scanned user extensions: 21
[2018-11-16 21:08:22.571] [sharedprocess] [info] Scanned user extensions: 21
[2018-11-16 21:13:22.625] [sharedprocess] [info] Scanned user extensions: 21
[2018-11-16 21:18:22.664] [sharedprocess] [info] Scanned user extensions: 21
[2018-11-16 21:23:22.707] [sharedprocess] [info] Scanned user extensions: 21
[2018-11-16 21:28:22.955] [sharedprocess] [info] Scanned user extensions: 21
[2018-11-16 21:33:22.993] [sharedprocess] [info] Scanned user extensions: 21
[2018-11-16 21:38:23.036] [sharedprocess] [info] Scanned user extensions: 21
[2018-11-16 21:43:23.075] [sharedprocess] [info] Scanned user extensions: 21
[2018-11-16 21:48:23.111] [sharedprocess] [info] Scanned user extensions: 21
[2018-11-16 21:53:23.148] [sharedprocess] [info] Scanned user extensions: 21
[2018-11-16 21:58:23.204] [sharedprocess] [info] Scanned user extensions: 21
[2018-11-16 22:03:23.241] [sharedprocess] [info] Scanned user extensions: 21
[2018-11-16 22:08:23.272] [sharedprocess] [info] Scanned user extensions: 21
[2018-11-16 22:13:23.310] [sharedprocess] [info] Scanned user extensions: 21
[2018-11-16 22:18:23.346] [sharedprocess] [info] Scanned user extensions: 21
[2018-11-18 13:11:48.801] [sharedprocess] [info] Scanned user extensions: 21
[2018-11-18 13:16:48.841] [sharedprocess] [info] Scanned user extensions: 21
[2018-11-18 13:21:48.885] [sharedprocess] [info] Scanned user extensions: 21
[2018-11-18 13:26:48.920] [sharedprocess] [info] Scanned user extensions: 21
[2018-11-18 13:31:48.960] [sharedprocess] [info] Scanned user extensions: 21
[2018-11-18 13:36:48.998] [sharedprocess] [info] Scanned user extensions: 21
[2018-11-18 13:41:49.036] [sharedprocess] [info] Scanned user extensions: 21
[2018-11-18 13:46:49.074] [sharedprocess] [info] Scanned user extensions: 21
[2018-11-18 13:51:49.114] [sharedprocess] [info] Scanned user extensions: 21
[2018-11-18 13:56:49.158] [sharedprocess] [info] Scanned user extensions: 21
[2018-11-18 14:01:49.194] [sharedprocess] [info] Scanned user extensions: 21
[2018-11-18 14:06:49.237] [sharedprocess] [info] Scanned user extensions: 21
[2018-11-18 14:11:49.482] [sharedprocess] [info] Scanned user extensions: 21
[2018-11-18 14:16:49.520] [sharedprocess] [info] Scanned user extensions: 21
[2018-11-18 14:21:49.549] [sharedprocess] [info] Scanned user extensions: 21
[2018-11-18 14:26:49.590] [sharedprocess] [info] Scanned user extensions: 21
[2018-11-18 14:31:49.632] [sharedprocess] [info] Scanned user extensions: 21
[2018-11-18 14:36:49.677] [sharedprocess] [info] Scanned user extensions: 21
[2018-11-18 14:41:49.718] [sharedprocess] [info] Scanned user extensions: 21
[2018-11-18 14:46:49.753] [sharedprocess] [info] Scanned user extensions: 21
[2018-11-18 14:50:01.395] [sharedprocess] [info] Scanned user extensions: 21
[2018-11-18 14:50:01.402] [sharedprocess] [info] Scanned user extensions: 21
[2018-11-18 14:50:01.473] [sharedprocess] [info] Scanned system extensions: 71
[2018-11-18 14:50:01.480] [sharedprocess] [info] Scanned system extensions: 71
[2018-11-18 14:50:02.003] [sharedprocess] [info] Scanned user extensions: 21
[2018-11-18 14:55:02.049] [sharedprocess] [info] Scanned user extensions: 21
[2018-11-18 15:00:02.091] [sharedprocess] [info] Scanned user extensions: 21
[2018-11-18 15:05:02.129] [sharedprocess] [info] Scanned user extensions: 21
[2018-11-18 15:10:02.177] [sharedprocess] [info] Scanned user extensions: 21
[2018-11-18 15:15:07.441] [sharedprocess] [info] Scanned user extensions: 21
[2018-11-18 15:20:07.479] [sharedprocess] [info] Scanned user extensions: 21
[2018-11-18 15:25:07.521] [sharedprocess] [info] Scanned user extensions: 21
[2018-11-18 15:30:07.561] [sharedprocess] [info] Scanned user extensions: 21
[2018-11-18 15:35:07.600] [sharedprocess] [info] Scanned user extensions: 21
[2018-11-18 15:40:07.639] [sharedprocess] [info] Scanned user extensions: 21
[2018-11-18 15:45:07.676] [sharedprocess] [info] Scanned user extensions: 21
[2018-11-18 15:50:07.719] [sharedprocess] [info] Scanned user extensions: 21
[2018-11-18 15:55:07.757] [sharedprocess] [info] Scanned user extensions: 21
[2018-11-18 16:00:07.787] [sharedprocess] [info] Scanned user extensions: 21
[2018-11-18 16:05:07.826] [sharedprocess] [info] Scanned user extensions: 21
[2018-11-18 16:10:07.862] [sharedprocess] [info] Scanned user extensions: 21
[2018-11-18 16:15:08.049] [sharedprocess] [info] Scanned user extensions: 21
[2018-11-18 20:34:29.977] [sharedprocess] [info] Scanned user extensions: 21
[2018-11-18 20:39:30.015] [sharedprocess] [info] Scanned user extensions: 21
[2018-11-18 20:44:30.048] [sharedprocess] [info] Scanned user extensions: 21
[2018-11-18 20:49:30.085] [sharedprocess] [info] Scanned user extensions: 21
[2018-11-18 20:54:30.122] [sharedprocess] [info] Scanned user extensions: 21
[2018-11-18 20:59:30.164] [sharedprocess] [info] Scanned user extensions: 21
[2018-11-18 21:04:30.198] [sharedprocess] [info] Scanned user extensions: 21
[2018-11-18 21:09:30.234] [sharedprocess] [info] Scanned user extensions: 21
[2018-11-18 21:14:30.271] [sharedprocess] [info] Scanned user extensions: 21
[2018-11-18 21:19:30.309] [sharedprocess] [info] Scanned user extensions: 21
[2018-11-18 21:24:30.345] [sharedprocess] [info] Scanned user extensions: 21
[2018-11-18 21:29:30.390] [sharedprocess] [info] Scanned user extensions: 21
[2018-11-18 21:34:32.310] [sharedprocess] [info] Scanned user extensions: 21
[2018-11-18 21:39:32.344] [sharedprocess] [info] Scanned user extensions: 21
[2018-11-18 21:44:32.372] [sharedprocess] [info] Scanned user extensions: 21
[2018-11-18 21:49:32.406] [sharedprocess] [info] Scanned user extensions: 21
[2018-11-18 21:54:32.443] [sharedprocess] [info] Scanned user extensions: 21
[2018-11-18 21:59:32.481] [sharedprocess] [info] Scanned user extensions: 21
[2018-11-18 22:04:32.522] [sharedprocess] [info] Scanned user extensions: 21
[2018-11-18 22:09:32.549] [sharedprocess] [info] Scanned user extensions: 21
[2018-11-18 22:14:32.584] [sharedprocess] [info] Scanned user extensions: 21
[2018-11-18 22:19:32.618] [sharedprocess] [info] Scanned user extensions: 21
[2018-11-18 22:24:32.660] [sharedprocess] [info] Scanned user extensions: 21
[2018-11-18 22:29:32.693] [sharedprocess] [info] Scanned user extensions: 21
[2018-11-18 22:43:32.410] [sharedprocess] [info] Scanned user extensions: 21
[2018-11-18 22:48:32.440] [sharedprocess] [info] Scanned user extensions: 21
[2018-11-18 22:53:32.477] [sharedprocess] [info] Scanned user extensions: 21
[2018-11-18 22:58:32.510] [sharedprocess] [info] Scanned user extensions: 21
[2018-11-18 23:03:32.548] [sharedprocess] [info] Scanned user extensions: 21
[2018-11-18 23:08:32.580] [sharedprocess] [info] Scanned user extensions: 21
[2018-11-18 23:13:32.619] [sharedprocess] [info] Scanned user extensions: 21
[2018-11-18 23:18:32.657] [sharedprocess] [info] Scanned user extensions: 21
[2018-11-18 23:23:32.694] [sharedprocess] [info] Scanned user extensions: 21
[2018-11-18 23:28:32.735] [sharedprocess] [info] Scanned user extensions: 21
[2018-11-18 23:33:32.767] [sharedprocess] [info] Scanned user extensions: 21
[2018-11-18 23:38:32.804] [sharedprocess] [info] Scanned user extensions: 21
[2018-11-18 23:43:33.181] [sharedprocess] [info] Scanned user extensions: 21
[2018-11-18 23:48:33.219] [sharedprocess] [info] Scanned user extensions: 21
[2018-11-18 23:53:33.253] [sharedprocess] [info] Scanned user extensions: 21
[2018-11-19 18:48:43.466] [sharedprocess] [info] Scanned user extensions: 21
[2018-11-19 18:53:43.507] [sharedprocess] [info] Scanned user extensions: 21
