[2019-01-14 22:46:29.923] [sharedprocess] [info] main {"machineId":"688693ba4ea11fb6dec10aea7b1a39bd11a08b2f7c99da68bb8d3df559db3ab2"}
[2019-01-14 22:46:30.218] [sharedprocess] [info] Scanned user extensions: 27
[2019-01-14 22:46:30.301] [sharedprocess] [info] Scanned user extensions: 27
[2019-01-14 22:46:30.354] [sharedprocess] [info] Scanned user extensions: 27
[2019-01-14 22:46:30.416] [sharedprocess] [info] Scanned system extensions: 71
[2019-01-14 22:46:30.423] [sharedprocess] [info] Scanned system extensions: 71
[2019-01-14 22:47:09.930] [sharedprocess] [info] Starting to clean up unused language packs.
[2019-01-14 22:50:58.872] [sharedprocess] [info] Scanned user extensions: 27
[2019-01-14 22:50:58.882] [sharedprocess] [info] Scanned user extensions: 27
[2019-01-14 22:50:58.924] [sharedprocess] [info] Scanned system extensions: 71
[2019-01-14 22:50:58.931] [sharedprocess] [info] Scanned system extensions: 71
[2019-01-14 22:50:59.288] [sharedprocess] [info] Scanned user extensions: 27
[2019-01-14 22:55:59.312] [sharedprocess] [info] Scanned user extensions: 27
[2019-01-14 22:56:33.995] [sharedprocess] [info] Scanned user extensions: 27
[2019-01-14 22:56:34.010] [sharedprocess] [info] Scanned user extensions: 27
[2019-01-14 22:56:34.017] [sharedprocess] [info] Scanned user extensions: 27
[2019-01-14 22:56:34.026] [sharedprocess] [info] Scanned user extensions: 27
[2019-01-14 22:56:34.100] [sharedprocess] [info] Scanned system extensions: 71
[2019-01-14 22:56:34.104] [sharedprocess] [info] Scanned system extensions: 71
[2019-01-14 22:56:34.113] [sharedprocess] [info] Scanned system extensions: 71
[2019-01-14 22:56:46.161] [sharedprocess] [info] Installing extension: vscode-extension-auto-import
[2019-01-14 22:56:46.183] [sharedprocess] [info] Scanned user extensions: 27
[2019-01-14 22:56:46.628] [sharedprocess] [info] Downloaded extension: vscode-extension-auto-import /tmp/7e24ab8b-0707-4caa-bda9-4ab23f0f6fa2
[2019-01-14 22:56:48.395] [sharedprocess] [info] Extracted extension to /home/lvzbel/.vscode/extensions/.nucllear.vscode-extension-auto-import-1.4.3: nucllear.vscode-extension-auto-import-1.4.3
[2019-01-14 22:56:48.395] [sharedprocess] [info] Renamed to /home/lvzbel/.vscode/extensions/nucllear.vscode-extension-auto-import-1.4.3
[2019-01-14 22:56:48.396] [sharedprocess] [info] Installation completed. nucllear.vscode-extension-auto-import-1.4.3
[2019-01-14 22:56:48.402] [sharedprocess] [info] Extensions installed successfully: nucllear.vscode-extension-auto-import
[2019-01-14 22:56:48.536] [sharedprocess] [info] Scanned user extensions: 28
[2019-01-14 22:56:48.548] [sharedprocess] [info] Scanned system extensions: 71
[2019-01-14 23:00:59.495] [sharedprocess] [info] Scanned user extensions: 28
[2019-01-14 23:02:16.027] [sharedprocess] [info] Scanned user extensions: 28
[2019-01-14 23:05:59.533] [sharedprocess] [info] Scanned user extensions: 28
[2019-01-14 23:10:59.564] [sharedprocess] [info] Scanned user extensions: 28
[2019-01-14 23:15:59.595] [sharedprocess] [info] Scanned user extensions: 28
[2019-01-14 23:20:59.625] [sharedprocess] [info] Scanned user extensions: 28
[2019-01-14 23:25:59.656] [sharedprocess] [info] Scanned user extensions: 28
[2019-01-14 23:30:59.690] [sharedprocess] [info] Scanned user extensions: 28
[2019-01-14 23:35:59.721] [sharedprocess] [info] Scanned user extensions: 28
[2019-01-14 23:40:59.754] [sharedprocess] [info] Scanned user extensions: 28
[2019-01-14 23:45:59.783] [sharedprocess] [info] Scanned user extensions: 28
[2019-01-14 23:50:59.816] [sharedprocess] [info] Scanned user extensions: 28
[2019-01-14 23:55:59.846] [sharedprocess] [info] Scanned user extensions: 28
[2019-01-15 00:01:06.031] [sharedprocess] [info] Scanned user extensions: 28
[2019-01-15 00:06:06.058] [sharedprocess] [info] Scanned user extensions: 28
[2019-01-15 00:11:06.093] [sharedprocess] [info] Scanned user extensions: 28
[2019-01-15 00:16:06.130] [sharedprocess] [info] Scanned user extensions: 28
[2019-01-15 11:38:58.519] [sharedprocess] [info] Scanned user extensions: 28
[2019-01-15 11:43:58.550] [sharedprocess] [info] Scanned user extensions: 28
[2019-01-15 11:48:58.580] [sharedprocess] [info] Scanned user extensions: 28
[2019-01-15 11:53:58.607] [sharedprocess] [info] Scanned user extensions: 28
[2019-01-15 11:58:58.644] [sharedprocess] [info] Scanned user extensions: 28
[2019-01-15 12:03:58.672] [sharedprocess] [info] Scanned user extensions: 28
[2019-01-15 12:08:58.703] [sharedprocess] [info] Scanned user extensions: 28
[2019-01-15 12:13:58.738] [sharedprocess] [info] Scanned user extensions: 28
[2019-01-15 12:18:58.770] [sharedprocess] [info] Scanned user extensions: 28
[2019-01-15 12:23:58.802] [sharedprocess] [info] Scanned user extensions: 28
[2019-01-15 12:28:58.831] [sharedprocess] [info] Scanned user extensions: 28
[2019-01-15 12:33:58.863] [sharedprocess] [info] Scanned user extensions: 28
[2019-01-15 12:52:06.419] [sharedprocess] [info] Scanned user extensions: 28
[2019-01-15 12:57:06.582] [sharedprocess] [info] Scanned user extensions: 28
[2019-01-15 13:02:06.614] [sharedprocess] [info] Scanned user extensions: 28
[2019-01-15 13:07:06.643] [sharedprocess] [info] Scanned user extensions: 28
[2019-01-15 13:12:06.669] [sharedprocess] [info] Scanned user extensions: 28
[2019-01-15 13:17:06.697] [sharedprocess] [info] Scanned user extensions: 28
[2019-01-15 14:54:13.239] [sharedprocess] [info] Scanned user extensions: 28
[2019-01-15 14:59:13.264] [sharedprocess] [info] Scanned user extensions: 28
[2019-01-15 15:04:13.290] [sharedprocess] [info] Scanned user extensions: 28
[2019-01-15 15:26:02.135] [sharedprocess] [info] Scanned user extensions: 28
[2019-01-15 15:31:03.060] [sharedprocess] [info] Scanned user extensions: 28
[2019-01-15 15:36:03.088] [sharedprocess] [info] Scanned user extensions: 28
[2019-01-15 15:41:03.117] [sharedprocess] [info] Scanned user extensions: 28
[2019-01-15 15:46:03.148] [sharedprocess] [info] Scanned user extensions: 28
[2019-01-15 15:51:03.180] [sharedprocess] [info] Scanned user extensions: 28
[2019-01-15 15:56:03.563] [sharedprocess] [info] Scanned user extensions: 28
[2019-01-15 16:01:03.594] [sharedprocess] [info] Scanned user extensions: 28
[2019-01-15 16:06:03.624] [sharedprocess] [info] Scanned user extensions: 28
[2019-01-15 16:11:03.651] [sharedprocess] [info] Scanned user extensions: 28
[2019-01-15 16:16:03.680] [sharedprocess] [info] Scanned user extensions: 28
[2019-01-15 16:21:03.711] [sharedprocess] [info] Scanned user extensions: 28
