[2018-12-16 18:52:06.240] [renderer1] [info] no standard startup: not the explorer viewlet
[2018-12-16 23:20:50.416] [renderer1] [error] cannot open file:///home/lvzbel/GitHub/porfolio-website/src/styles/components. Detail: File is directory: Error: cannot open file:///home/lvzbel/GitHub/porfolio-website/src/styles/components. Detail: File is directory
    at file:///opt/visual-studio-code/resources/app/out/vs/workbench/workbench.main.js:4491:262
    at <anonymous>
[2018-12-18 21:27:57.362] [renderer1] [info] no standard startup: not a new window
[2018-12-18 21:58:12.903] [renderer1] [error] An unknown error occurred. Please consult the log for more details.
[2018-12-18 21:59:24.063] [renderer1] [error] An unknown error occurred. Please consult the log for more details.
[2018-12-18 21:59:51.209] [renderer1] [error] An unknown error occurred. Please consult the log for more details.
[2018-12-21 20:59:56.544] [renderer1] [error] An unknown error occurred. Please consult the log for more details.
[2018-12-21 21:52:22.940] [renderer1] [error] An unknown error occurred. Please consult the log for more details.
[2018-12-21 21:52:25.520] [renderer1] [error] An unknown error occurred. Please consult the log for more details.
[2018-12-21 21:56:21.889] [renderer1] [error] An unknown error occurred. Please consult the log for more details.
[2018-12-21 21:56:27.255] [renderer1] [error] An unknown error occurred. Please consult the log for more details.
[2018-12-23 15:53:38.849] [renderer1] [error] An unknown error occurred. Please consult the log for more details.
[2018-12-23 16:07:42.778] [renderer1] [error] An unknown error occurred. Please consult the log for more details.
[2018-12-23 16:10:23.726] [renderer1] [error] An unknown error occurred. Please consult the log for more details.
[2018-12-23 16:19:00.224] [renderer1] [error] An unknown error occurred. Please consult the log for more details.
[2018-12-23 16:19:11.918] [renderer1] [error] An unknown error occurred. Please consult the log for more details.
[2018-12-23 16:40:49.299] [renderer1] [error] An unknown error occurred. Please consult the log for more details.
[2018-12-23 16:43:36.671] [renderer1] [error] An unknown error occurred. Please consult the log for more details.
[2018-12-23 17:47:50.229] [renderer1] [error] An unknown error occurred. Please consult the log for more details.
[2018-12-25 20:25:46.595] [renderer1] [info] no standard startup: not a new window
[2018-12-26 22:11:54.428] [renderer1] [info] no standard startup: not a new window
[2018-12-26 22:12:11.936] [renderer1] [info] no standard startup: not a new window
[2018-12-26 23:15:05.094] [renderer1] [error] An unknown error occurred. Please consult the log for more details.
[2018-12-27 19:42:05.190] [renderer1] [error] An unknown error occurred. Please consult the log for more details.
[2018-12-28 19:18:40.517] [renderer1] [error] An unknown error occurred. Please consult the log for more details.
[2018-12-30 17:59:44.390] [renderer1] [info] no standard startup: not just one text editor
[2018-12-30 18:03:26.422] [renderer1] [info] no standard startup: not a new window
[2019-01-03 19:15:50.984] [renderer1] [info] no standard startup: not just one text editor
[2019-01-03 19:17:43.491] [renderer1] [error] An unknown error occurred. Please consult the log for more details.
