[2018-12-16 18:52:04.452] [sharedprocess] [info] main {"machineId":"688693ba4ea11fb6dec10aea7b1a39bd11a08b2f7c99da68bb8d3df559db3ab2"}
[2018-12-16 18:52:04.645] [sharedprocess] [info] Scanned user extensions: 21
[2018-12-16 18:52:04.799] [sharedprocess] [info] Scanned system extensions: 71
[2018-12-16 18:52:04.971] [sharedprocess] [info] Scanned user extensions: 21
[2018-12-16 18:52:04.982] [sharedprocess] [info] Scanned user extensions: 21
[2018-12-16 18:52:05.002] [sharedprocess] [info] Scanned user extensions: 21
[2018-12-16 18:52:05.253] [sharedprocess] [info] Scanned system extensions: 71
[2018-12-16 18:52:05.284] [sharedprocess] [info] Scanned system extensions: 71
[2018-12-16 18:52:05.314] [sharedprocess] [info] Scanned system extensions: 71
[2018-12-16 18:52:06.351] [sharedprocess] [info] Scanned user extensions: 21
[2018-12-16 18:52:09.303] [sharedprocess] [info] Installing extension: vscode-eslint
[2018-12-16 18:52:09.304] [sharedprocess] [info] Installing extension: vscode-great-icons
[2018-12-16 18:52:09.304] [sharedprocess] [info] Installing extension: python
[2018-12-16 18:52:09.399] [sharedprocess] [info] Scanned user extensions: 21
[2018-12-16 18:52:09.412] [sharedprocess] [info] Scanned user extensions: 21
[2018-12-16 18:52:09.427] [sharedprocess] [info] Scanned user extensions: 21
[2018-12-16 18:52:16.495] [sharedprocess] [info] Downloaded extension: vscode-eslint /tmp/b5443b31-ad5d-4f68-8c8b-12f9b5b41147
[2018-12-16 18:52:16.761] [sharedprocess] [info] Extracted extension to /home/lvzbel/.vscode/extensions/.dbaeumer.vscode-eslint-1.7.2: dbaeumer.vscode-eslint-1.7.2
[2018-12-16 18:52:16.761] [sharedprocess] [info] Renamed to /home/lvzbel/.vscode/extensions/dbaeumer.vscode-eslint-1.7.2
[2018-12-16 18:52:16.762] [sharedprocess] [info] Installation completed. dbaeumer.vscode-eslint-1.7.2
[2018-12-16 18:52:16.769] [sharedprocess] [info] Extensions installed successfully: dbaeumer.vscode-eslint
[2018-12-16 18:52:20.293] [sharedprocess] [info] Downloaded extension: vscode-great-icons /tmp/60c5d89c-ebbb-41c5-bc32-49162589100a
[2018-12-16 18:52:20.539] [sharedprocess] [info] Extracted extension to /home/lvzbel/.vscode/extensions/.emmanuelbeziat.vscode-great-icons-2.1.46: emmanuelbeziat.vscode-great-icons-2.1.46
[2018-12-16 18:52:20.539] [sharedprocess] [info] Renamed to /home/lvzbel/.vscode/extensions/emmanuelbeziat.vscode-great-icons-2.1.46
[2018-12-16 18:52:20.540] [sharedprocess] [info] Installation completed. emmanuelbeziat.vscode-great-icons-2.1.46
[2018-12-16 18:52:20.548] [sharedprocess] [info] Extensions installed successfully: emmanuelbeziat.vscode-great-icons
[2018-12-16 18:52:28.779] [sharedprocess] [info] Downloaded extension: python /tmp/f95b1b31-55f9-495b-b72b-109d88f84853
[2018-12-16 18:52:29.717] [sharedprocess] [info] Extracted extension to /home/lvzbel/.vscode/extensions/.ms-python.python-2018.12.1: ms-python.python-2018.12.1
[2018-12-16 18:52:29.717] [sharedprocess] [info] Renamed to /home/lvzbel/.vscode/extensions/ms-python.python-2018.12.1
[2018-12-16 18:52:29.721] [sharedprocess] [info] Installation completed. ms-python.python-2018.12.1
[2018-12-16 18:52:29.737] [sharedprocess] [info] Extensions installed successfully: ms-python.python
[2018-12-16 18:52:44.464] [sharedprocess] [info] Starting to clean up unused language packs.
[2018-12-16 18:57:06.421] [sharedprocess] [info] Scanned user extensions: 21
[2018-12-16 19:02:06.455] [sharedprocess] [info] Scanned user extensions: 21
[2018-12-16 19:07:06.490] [sharedprocess] [info] Scanned user extensions: 21
[2018-12-16 19:12:06.525] [sharedprocess] [info] Scanned user extensions: 21
[2018-12-16 19:17:06.554] [sharedprocess] [info] Scanned user extensions: 21
[2018-12-16 19:22:06.594] [sharedprocess] [info] Scanned user extensions: 21
[2018-12-16 19:27:06.629] [sharedprocess] [info] Scanned user extensions: 21
[2018-12-16 19:32:06.668] [sharedprocess] [info] Scanned user extensions: 21
[2018-12-16 19:37:06.706] [sharedprocess] [info] Scanned user extensions: 21
[2018-12-16 19:42:06.744] [sharedprocess] [info] Scanned user extensions: 21
[2018-12-16 19:47:06.777] [sharedprocess] [info] Scanned user extensions: 21
[2018-12-16 19:52:07.044] [sharedprocess] [info] Scanned user extensions: 21
[2018-12-16 19:57:07.075] [sharedprocess] [info] Scanned user extensions: 21
[2018-12-16 20:02:07.119] [sharedprocess] [info] Scanned user extensions: 21
[2018-12-16 20:07:07.158] [sharedprocess] [info] Scanned user extensions: 21
[2018-12-16 20:12:07.197] [sharedprocess] [info] Scanned user extensions: 21
[2018-12-16 21:45:02.089] [sharedprocess] [info] Scanned user extensions: 21
[2018-12-16 21:50:02.129] [sharedprocess] [info] Scanned user extensions: 21
[2018-12-16 21:55:02.169] [sharedprocess] [info] Scanned user extensions: 21
[2018-12-16 22:00:02.203] [sharedprocess] [info] Scanned user extensions: 21
[2018-12-16 22:05:02.238] [sharedprocess] [info] Scanned user extensions: 21
[2018-12-16 22:10:02.285] [sharedprocess] [info] Scanned user extensions: 21
[2018-12-16 22:15:02.336] [sharedprocess] [info] Scanned user extensions: 21
[2018-12-16 22:20:02.379] [sharedprocess] [info] Scanned user extensions: 21
[2018-12-16 22:25:02.411] [sharedprocess] [info] Scanned user extensions: 21
[2018-12-16 22:30:02.448] [sharedprocess] [info] Scanned user extensions: 21
[2018-12-16 22:35:02.485] [sharedprocess] [info] Scanned user extensions: 21
[2018-12-16 22:40:02.520] [sharedprocess] [info] Scanned user extensions: 21
[2018-12-16 22:45:02.695] [sharedprocess] [info] Scanned user extensions: 21
[2018-12-16 22:50:02.735] [sharedprocess] [info] Scanned user extensions: 21
[2018-12-16 22:55:02.771] [sharedprocess] [info] Scanned user extensions: 21
[2018-12-16 23:00:02.809] [sharedprocess] [info] Scanned user extensions: 21
[2018-12-16 23:05:02.844] [sharedprocess] [info] Scanned user extensions: 21
[2018-12-16 23:10:02.888] [sharedprocess] [info] Scanned user extensions: 21
[2018-12-16 23:15:02.929] [sharedprocess] [info] Scanned user extensions: 21
[2018-12-16 23:20:02.965] [sharedprocess] [info] Scanned user extensions: 21
[2018-12-16 23:25:02.996] [sharedprocess] [info] Scanned user extensions: 21
[2018-12-16 23:30:03.030] [sharedprocess] [info] Scanned user extensions: 21
[2018-12-16 23:35:03.068] [sharedprocess] [info] Scanned user extensions: 21
[2018-12-16 23:40:03.104] [sharedprocess] [info] Scanned user extensions: 21
[2018-12-16 23:45:03.274] [sharedprocess] [info] Scanned user extensions: 21
[2018-12-18 21:27:00.266] [sharedprocess] [info] Scanned user extensions: 21
[2018-12-18 21:27:56.574] [sharedprocess] [info] Scanned user extensions: 21
[2018-12-18 21:27:56.605] [sharedprocess] [info] Scanned system extensions: 71
[2018-12-18 21:27:57.424] [sharedprocess] [info] Scanned user extensions: 21
[2018-12-18 21:28:03.246] [sharedprocess] [info] Installing extension: es7-react-js-snippets
[2018-12-18 21:28:03.247] [sharedprocess] [info] Installing extension: prettier-vscode
[2018-12-18 21:28:03.300] [sharedprocess] [info] Scanned user extensions: 21
[2018-12-18 21:28:03.305] [sharedprocess] [info] Scanned user extensions: 21
[2018-12-18 21:28:03.915] [sharedprocess] [info] Downloaded extension: es7-react-js-snippets /tmp/beb041f1-ac30-4cdf-813f-8d88d5853723
[2018-12-18 21:28:03.931] [sharedprocess] [info] Extracted extension to /home/lvzbel/.vscode/extensions/.dsznajder.es7-react-js-snippets-1.9.3: dsznajder.es7-react-js-snippets-1.9.3
[2018-12-18 21:28:03.932] [sharedprocess] [info] Renamed to /home/lvzbel/.vscode/extensions/dsznajder.es7-react-js-snippets-1.9.3
[2018-12-18 21:28:03.932] [sharedprocess] [info] Installation completed. dsznajder.es7-react-js-snippets-1.9.3
[2018-12-18 21:28:03.937] [sharedprocess] [info] Extensions installed successfully: dsznajder.es7-react-js-snippets
[2018-12-18 21:28:06.734] [sharedprocess] [info] Scanned user extensions: 21
[2018-12-18 21:28:06.740] [sharedprocess] [info] Scanned user extensions: 21
[2018-12-18 21:28:06.743] [sharedprocess] [info] Scanned user extensions: 21
[2018-12-18 21:28:06.749] [sharedprocess] [info] Scanned user extensions: 21
[2018-12-18 21:28:06.820] [sharedprocess] [info] Scanned system extensions: 71
[2018-12-18 21:28:06.829] [sharedprocess] [info] Scanned system extensions: 71
[2018-12-18 21:28:06.835] [sharedprocess] [info] Scanned system extensions: 71
[2018-12-18 21:28:10.093] [sharedprocess] [info] Downloaded extension: prettier-vscode /tmp/c123f2a6-846c-4c5a-b4ca-ca7d2d779e3b
[2018-12-18 21:28:19.424] [sharedprocess] [info] Extracted extension to /home/lvzbel/.vscode/extensions/.esbenp.prettier-vscode-1.7.3: esbenp.prettier-vscode-1.7.3
[2018-12-18 21:28:19.426] [sharedprocess] [info] Renamed to /home/lvzbel/.vscode/extensions/esbenp.prettier-vscode-1.7.3
[2018-12-18 21:28:19.427] [sharedprocess] [info] Installation completed. esbenp.prettier-vscode-1.7.3
[2018-12-18 21:28:19.441] [sharedprocess] [info] Extensions installed successfully: esbenp.prettier-vscode
[2018-12-18 21:32:57.471] [sharedprocess] [info] Scanned user extensions: 21
[2018-12-18 21:37:57.506] [sharedprocess] [info] Scanned user extensions: 21
[2018-12-18 21:38:42.853] [sharedprocess] [info] Scanned user extensions: 21
[2018-12-18 21:57:23.986] [sharedprocess] [info] Scanned user extensions: 21
[2018-12-18 22:02:24.019] [sharedprocess] [info] Scanned user extensions: 21
[2018-12-18 22:07:24.058] [sharedprocess] [info] Scanned user extensions: 21
[2018-12-18 22:12:24.090] [sharedprocess] [info] Scanned user extensions: 21
[2018-12-18 22:17:24.122] [sharedprocess] [info] Scanned user extensions: 21
[2018-12-18 22:22:24.167] [sharedprocess] [info] Scanned user extensions: 21
[2018-12-18 22:27:24.335] [sharedprocess] [info] Scanned user extensions: 21
[2018-12-18 22:32:24.366] [sharedprocess] [info] Scanned user extensions: 21
[2018-12-18 22:37:24.408] [sharedprocess] [info] Scanned user extensions: 21
[2018-12-18 22:42:24.445] [sharedprocess] [info] Scanned user extensions: 21
[2018-12-18 22:47:24.488] [sharedprocess] [info] Scanned user extensions: 21
[2018-12-18 22:52:24.524] [sharedprocess] [info] Scanned user extensions: 21
[2018-12-18 22:57:24.560] [sharedprocess] [info] Scanned user extensions: 21
[2018-12-18 23:02:24.600] [sharedprocess] [info] Scanned user extensions: 21
[2018-12-18 23:07:24.641] [sharedprocess] [info] Scanned user extensions: 21
[2018-12-18 23:12:24.682] [sharedprocess] [info] Scanned user extensions: 21
[2018-12-20 21:44:31.456] [sharedprocess] [info] Scanned user extensions: 21
[2018-12-20 21:49:31.493] [sharedprocess] [info] Scanned user extensions: 21
[2018-12-20 21:54:31.533] [sharedprocess] [info] Scanned user extensions: 21
[2018-12-20 21:59:31.565] [sharedprocess] [info] Scanned user extensions: 21
[2018-12-20 22:04:31.602] [sharedprocess] [info] Scanned user extensions: 21
[2018-12-20 22:09:31.638] [sharedprocess] [info] Scanned user extensions: 21
[2018-12-20 22:14:31.676] [sharedprocess] [info] Scanned user extensions: 21
[2018-12-20 22:19:31.707] [sharedprocess] [info] Scanned user extensions: 21
[2018-12-20 22:24:31.743] [sharedprocess] [info] Scanned user extensions: 21
[2018-12-20 22:29:31.777] [sharedprocess] [info] Scanned user extensions: 21
[2018-12-20 22:34:31.814] [sharedprocess] [info] Scanned user extensions: 21
[2018-12-20 22:39:31.847] [sharedprocess] [info] Scanned user extensions: 21
[2018-12-20 22:44:32.042] [sharedprocess] [info] Scanned user extensions: 21
[2018-12-20 22:49:32.071] [sharedprocess] [info] Scanned user extensions: 21
[2018-12-20 22:54:32.107] [sharedprocess] [info] Scanned user extensions: 21
[2018-12-20 22:59:32.140] [sharedprocess] [info] Scanned user extensions: 21
[2018-12-20 23:04:32.173] [sharedprocess] [info] Scanned user extensions: 21
[2018-12-20 23:25:20.357] [sharedprocess] [info] Scanned user extensions: 21
[2018-12-20 23:30:20.395] [sharedprocess] [info] Scanned user extensions: 21
[2018-12-21 17:18:27.258] [sharedprocess] [info] Scanned user extensions: 21
[2018-12-21 17:23:27.289] [sharedprocess] [info] Scanned user extensions: 21
[2018-12-21 17:28:27.327] [sharedprocess] [info] Scanned user extensions: 21
[2018-12-21 17:33:27.366] [sharedprocess] [info] Scanned user extensions: 21
[2018-12-21 17:38:27.406] [sharedprocess] [info] Scanned user extensions: 21
[2018-12-21 18:38:59.222] [sharedprocess] [info] Scanned user extensions: 21
[2018-12-21 18:43:59.252] [sharedprocess] [info] Scanned user extensions: 21
[2018-12-21 18:48:59.285] [sharedprocess] [info] Scanned user extensions: 21
[2018-12-21 18:53:59.321] [sharedprocess] [info] Scanned user extensions: 21
[2018-12-21 18:58:59.354] [sharedprocess] [info] Scanned user extensions: 21
[2018-12-21 20:08:39.796] [sharedprocess] [info] Scanned user extensions: 21
[2018-12-21 20:13:39.835] [sharedprocess] [info] Scanned user extensions: 21
[2018-12-21 20:18:39.880] [sharedprocess] [info] Scanned user extensions: 21
[2018-12-21 20:23:39.924] [sharedprocess] [info] Scanned user extensions: 21
[2018-12-21 20:28:39.961] [sharedprocess] [info] Scanned user extensions: 21
[2018-12-21 20:33:40.005] [sharedprocess] [info] Scanned user extensions: 21
[2018-12-21 20:38:40.045] [sharedprocess] [info] Scanned user extensions: 21
[2018-12-21 20:43:40.085] [sharedprocess] [info] Scanned user extensions: 21
[2018-12-21 20:48:40.124] [sharedprocess] [info] Scanned user extensions: 21
[2018-12-21 20:53:40.168] [sharedprocess] [info] Scanned user extensions: 21
[2018-12-21 20:58:40.208] [sharedprocess] [info] Scanned user extensions: 21
[2018-12-21 21:03:40.241] [sharedprocess] [info] Scanned user extensions: 21
[2018-12-21 21:08:40.663] [sharedprocess] [info] Scanned user extensions: 21
[2018-12-21 21:13:40.707] [sharedprocess] [info] Scanned user extensions: 21
[2018-12-21 21:18:40.744] [sharedprocess] [info] Scanned user extensions: 21
[2018-12-21 21:23:40.781] [sharedprocess] [info] Scanned user extensions: 21
[2018-12-21 21:28:40.816] [sharedprocess] [info] Scanned user extensions: 21
[2018-12-21 21:33:40.860] [sharedprocess] [info] Scanned user extensions: 21
[2018-12-21 21:38:40.897] [sharedprocess] [info] Scanned user extensions: 21
[2018-12-21 21:43:40.951] [sharedprocess] [info] Scanned user extensions: 21
[2018-12-21 21:48:41.001] [sharedprocess] [info] Scanned user extensions: 21
[2018-12-21 21:53:41.036] [sharedprocess] [info] Scanned user extensions: 21
[2018-12-21 21:58:41.075] [sharedprocess] [info] Scanned user extensions: 21
[2018-12-21 22:03:41.107] [sharedprocess] [info] Scanned user extensions: 21
[2018-12-21 22:08:41.283] [sharedprocess] [info] Scanned user extensions: 21
[2018-12-21 22:13:41.325] [sharedprocess] [info] Scanned user extensions: 21
[2018-12-21 22:47:07.914] [sharedprocess] [info] Scanned user extensions: 21
[2018-12-23 15:46:16.161] [sharedprocess] [info] Scanned user extensions: 21
[2018-12-23 15:51:16.193] [sharedprocess] [info] Scanned user extensions: 21
[2018-12-23 15:56:16.237] [sharedprocess] [info] Scanned user extensions: 21
[2018-12-23 16:01:16.266] [sharedprocess] [info] Scanned user extensions: 21
[2018-12-23 16:06:16.304] [sharedprocess] [info] Scanned user extensions: 21
[2018-12-23 16:11:16.362] [sharedprocess] [info] Scanned user extensions: 21
[2018-12-23 16:16:16.394] [sharedprocess] [info] Scanned user extensions: 21
[2018-12-23 16:21:16.434] [sharedprocess] [info] Scanned user extensions: 21
[2018-12-23 16:26:16.475] [sharedprocess] [info] Scanned user extensions: 21
[2018-12-23 16:31:16.506] [sharedprocess] [info] Scanned user extensions: 21
[2018-12-23 16:36:16.542] [sharedprocess] [info] Scanned user extensions: 21
[2018-12-23 16:41:16.575] [sharedprocess] [info] Scanned user extensions: 21
[2018-12-23 16:46:16.744] [sharedprocess] [info] Scanned user extensions: 21
[2018-12-23 16:51:16.779] [sharedprocess] [info] Scanned user extensions: 21
[2018-12-23 16:56:16.810] [sharedprocess] [info] Scanned user extensions: 21
[2018-12-23 17:01:16.857] [sharedprocess] [info] Scanned user extensions: 21
[2018-12-23 17:06:16.905] [sharedprocess] [info] Scanned user extensions: 21
[2018-12-23 17:11:16.939] [sharedprocess] [info] Scanned user extensions: 21
[2018-12-23 17:16:16.975] [sharedprocess] [info] Scanned user extensions: 21
[2018-12-23 17:21:17.014] [sharedprocess] [info] Scanned user extensions: 21
[2018-12-23 17:26:17.052] [sharedprocess] [info] Scanned user extensions: 21
[2018-12-23 17:31:17.093] [sharedprocess] [info] Scanned user extensions: 21
[2018-12-23 17:36:17.124] [sharedprocess] [info] Scanned user extensions: 21
[2018-12-23 17:41:17.158] [sharedprocess] [info] Scanned user extensions: 21
[2018-12-23 17:46:17.363] [sharedprocess] [info] Scanned user extensions: 21
[2018-12-23 17:51:17.406] [sharedprocess] [info] Scanned user extensions: 21
[2018-12-23 17:56:17.443] [sharedprocess] [info] Scanned user extensions: 21
[2018-12-23 18:01:17.480] [sharedprocess] [info] Scanned user extensions: 21
[2018-12-23 18:06:17.526] [sharedprocess] [info] Scanned user extensions: 21
[2018-12-23 18:11:17.568] [sharedprocess] [info] Scanned user extensions: 21
[2018-12-23 18:16:17.604] [sharedprocess] [info] Scanned user extensions: 21
[2018-12-23 18:21:17.639] [sharedprocess] [info] Scanned user extensions: 21
[2018-12-23 18:26:17.669] [sharedprocess] [info] Scanned user extensions: 21
[2018-12-24 13:53:32.126] [sharedprocess] [info] Scanned user extensions: 21
[2018-12-24 13:58:32.169] [sharedprocess] [info] Scanned user extensions: 21
[2018-12-24 14:03:32.204] [sharedprocess] [info] Scanned user extensions: 21
[2018-12-24 14:08:32.246] [sharedprocess] [info] Scanned user extensions: 21
[2018-12-24 14:13:32.277] [sharedprocess] [info] Scanned user extensions: 21
[2018-12-24 14:19:59.756] [sharedprocess] [info] Scanned user extensions: 21
[2018-12-24 14:24:59.785] [sharedprocess] [info] Scanned user extensions: 21
[2018-12-24 14:29:59.818] [sharedprocess] [info] Scanned user extensions: 21
[2018-12-24 14:34:59.851] [sharedprocess] [info] Scanned user extensions: 21
[2018-12-24 14:39:59.882] [sharedprocess] [info] Scanned user extensions: 21
[2018-12-24 14:44:59.914] [sharedprocess] [info] Scanned user extensions: 21
[2018-12-24 14:49:59.953] [sharedprocess] [info] Scanned user extensions: 21
[2018-12-24 14:55:00.138] [sharedprocess] [info] Scanned user extensions: 21
[2018-12-24 15:00:00.171] [sharedprocess] [info] Scanned user extensions: 21
[2018-12-24 15:05:00.208] [sharedprocess] [info] Scanned user extensions: 21
[2018-12-24 15:10:00.241] [sharedprocess] [info] Scanned user extensions: 21
[2018-12-24 15:15:00.278] [sharedprocess] [info] Scanned user extensions: 21
[2018-12-24 15:20:00.302] [sharedprocess] [info] Scanned user extensions: 21
[2018-12-24 15:25:00.336] [sharedprocess] [info] Scanned user extensions: 21
[2018-12-24 15:32:06.428] [sharedprocess] [info] Scanned user extensions: 21
[2018-12-24 15:37:06.472] [sharedprocess] [info] Scanned user extensions: 21
[2018-12-24 15:42:06.505] [sharedprocess] [info] Scanned user extensions: 21
[2018-12-24 15:47:06.536] [sharedprocess] [info] Scanned user extensions: 21
[2018-12-24 15:52:06.571] [sharedprocess] [info] Scanned user extensions: 21
[2018-12-24 15:57:06.742] [sharedprocess] [info] Scanned user extensions: 21
[2018-12-24 16:02:06.774] [sharedprocess] [info] Scanned user extensions: 21
[2018-12-24 16:07:06.804] [sharedprocess] [info] Scanned user extensions: 21
[2018-12-24 23:31:07.052] [sharedprocess] [info] Scanned user extensions: 21
[2018-12-24 23:36:07.856] [sharedprocess] [info] Scanned user extensions: 21
[2018-12-24 23:41:07.892] [sharedprocess] [info] Scanned user extensions: 21
[2018-12-24 23:46:07.923] [sharedprocess] [info] Scanned user extensions: 21
[2018-12-24 23:51:07.958] [sharedprocess] [info] Scanned user extensions: 21
[2018-12-24 23:56:07.990] [sharedprocess] [info] Scanned user extensions: 21
[2018-12-25 00:01:08.031] [sharedprocess] [info] Scanned user extensions: 21
[2018-12-25 00:06:08.076] [sharedprocess] [info] Scanned user extensions: 21
[2018-12-25 00:15:10.766] [sharedprocess] [info] Scanned user extensions: 21
[2018-12-25 00:20:05.191] [sharedprocess] [info] Installing extension: es7-react-js-snippets
[2018-12-25 00:20:05.192] [sharedprocess] [info] Installing extension: material-icon-theme
[2018-12-25 00:20:05.192] [sharedprocess] [info] Installing extension: JavaScriptSnippets
[2018-12-25 00:20:05.239] [sharedprocess] [info] Scanned user extensions: 21
[2018-12-25 00:20:05.241] [sharedprocess] [info] Scanned user extensions: 21
[2018-12-25 00:20:05.248] [sharedprocess] [info] Scanned user extensions: 21
[2018-12-25 00:20:05.781] [sharedprocess] [info] Downloaded extension: JavaScriptSnippets /tmp/52453e3a-5053-49d4-95fd-976d1eaa979c
[2018-12-25 00:20:05.782] [sharedprocess] [info] Downloaded extension: es7-react-js-snippets /tmp/b0e965c1-89f4-47f2-8606-2d14be84609f
[2018-12-25 00:20:05.803] [sharedprocess] [info] Extracted extension to /home/lvzbel/.vscode/extensions/.xabikos.javascriptsnippets-1.7.2: xabikos.javascriptsnippets-1.7.2
[2018-12-25 00:20:05.804] [sharedprocess] [info] Renamed to /home/lvzbel/.vscode/extensions/xabikos.javascriptsnippets-1.7.2
[2018-12-25 00:20:05.805] [sharedprocess] [info] Downloaded extension: material-icon-theme /tmp/d69b7e93-d821-45f4-9ab7-fc93cccd85a8
[2018-12-25 00:20:05.806] [sharedprocess] [info] Installation completed. xabikos.javascriptsnippets-1.7.2
[2018-12-25 00:20:05.812] [sharedprocess] [info] Extensions installed successfully: xabikos.javascriptsnippets
[2018-12-25 00:20:05.816] [sharedprocess] [info] Extracted extension to /home/lvzbel/.vscode/extensions/.dsznajder.es7-react-js-snippets-1.9.4: dsznajder.es7-react-js-snippets-1.9.4
[2018-12-25 00:20:05.816] [sharedprocess] [info] Renamed to /home/lvzbel/.vscode/extensions/dsznajder.es7-react-js-snippets-1.9.4
[2018-12-25 00:20:05.816] [sharedprocess] [info] Installation completed. dsznajder.es7-react-js-snippets-1.9.4
[2018-12-25 00:20:05.819] [sharedprocess] [info] Extensions installed successfully: dsznajder.es7-react-js-snippets
[2018-12-25 00:20:06.643] [sharedprocess] [info] Extracted extension to /home/lvzbel/.vscode/extensions/.pkief.material-icon-theme-3.6.2: pkief.material-icon-theme-3.6.2
[2018-12-25 00:20:06.643] [sharedprocess] [info] Renamed to /home/lvzbel/.vscode/extensions/pkief.material-icon-theme-3.6.2
[2018-12-25 00:20:06.644] [sharedprocess] [info] Installation completed. pkief.material-icon-theme-3.6.2
[2018-12-25 00:20:06.649] [sharedprocess] [info] Extensions installed successfully: pkief.material-icon-theme
[2018-12-25 00:20:11.661] [sharedprocess] [info] Scanned user extensions: 21
[2018-12-25 00:25:11.694] [sharedprocess] [info] Scanned user extensions: 21
[2018-12-25 11:55:03.574] [sharedprocess] [info] Scanned user extensions: 21
[2018-12-25 12:00:03.614] [sharedprocess] [info] Scanned user extensions: 21
[2018-12-25 12:05:03.653] [sharedprocess] [info] Scanned user extensions: 21
[2018-12-25 12:10:03.688] [sharedprocess] [info] Scanned user extensions: 21
[2018-12-25 12:15:03.725] [sharedprocess] [info] Scanned user extensions: 21
[2018-12-25 12:20:03.758] [sharedprocess] [info] Scanned user extensions: 21
[2018-12-25 12:25:03.790] [sharedprocess] [info] Scanned user extensions: 21
[2018-12-25 12:30:03.829] [sharedprocess] [info] Scanned user extensions: 21
[2018-12-25 12:35:03.869] [sharedprocess] [info] Scanned user extensions: 21
[2018-12-25 12:40:03.903] [sharedprocess] [info] Scanned user extensions: 21
[2018-12-25 12:45:03.946] [sharedprocess] [info] Scanned user extensions: 21
[2018-12-25 12:50:03.983] [sharedprocess] [info] Scanned user extensions: 21
[2018-12-25 12:55:04.182] [sharedprocess] [info] Scanned user extensions: 21
[2018-12-25 13:00:04.218] [sharedprocess] [info] Scanned user extensions: 21
[2018-12-25 13:05:04.259] [sharedprocess] [info] Scanned user extensions: 21
[2018-12-25 13:10:04.297] [sharedprocess] [info] Scanned user extensions: 21
[2018-12-25 13:15:04.348] [sharedprocess] [info] Scanned user extensions: 21
[2018-12-25 13:20:04.490] [sharedprocess] [info] Scanned user extensions: 21
[2018-12-25 13:25:04.521] [sharedprocess] [info] Scanned user extensions: 21
[2018-12-25 13:30:04.557] [sharedprocess] [info] Scanned user extensions: 21
[2018-12-25 13:35:04.618] [sharedprocess] [info] Scanned user extensions: 21
[2018-12-25 20:09:35.612] [sharedprocess] [info] Scanned user extensions: 21
[2018-12-25 20:14:35.655] [sharedprocess] [info] Scanned user extensions: 21
[2018-12-25 20:19:35.690] [sharedprocess] [info] Scanned user extensions: 21
[2018-12-25 20:24:35.726] [sharedprocess] [info] Scanned user extensions: 21
[2018-12-25 20:25:45.658] [sharedprocess] [info] Scanned user extensions: 21
[2018-12-25 20:25:45.715] [sharedprocess] [info] Scanned system extensions: 71
[2018-12-25 20:25:46.667] [sharedprocess] [info] Scanned user extensions: 21
[2018-12-25 20:25:47.842] [sharedprocess] [info] Installing extension: es7-react-js-snippets
[2018-12-25 20:25:47.864] [sharedprocess] [info] Scanned user extensions: 21
[2018-12-25 20:25:48.814] [sharedprocess] [info] Downloaded extension: es7-react-js-snippets /tmp/64bba137-f5fc-45a7-9148-620589ee6641
[2018-12-25 20:25:48.846] [sharedprocess] [info] Extracted extension to /home/lvzbel/.vscode/extensions/.dsznajder.es7-react-js-snippets-1.9.5: dsznajder.es7-react-js-snippets-1.9.5
[2018-12-25 20:25:48.846] [sharedprocess] [info] Renamed to /home/lvzbel/.vscode/extensions/dsznajder.es7-react-js-snippets-1.9.5
[2018-12-25 20:25:48.847] [sharedprocess] [info] Installation completed. dsznajder.es7-react-js-snippets-1.9.5
[2018-12-25 20:25:48.851] [sharedprocess] [info] Extensions installed successfully: dsznajder.es7-react-js-snippets
[2018-12-25 20:30:46.725] [sharedprocess] [info] Scanned user extensions: 21
[2018-12-25 20:35:46.761] [sharedprocess] [info] Scanned user extensions: 21
[2018-12-25 20:40:46.802] [sharedprocess] [info] Scanned user extensions: 21
[2018-12-25 20:45:46.835] [sharedprocess] [info] Scanned user extensions: 21
[2018-12-25 20:50:46.871] [sharedprocess] [info] Scanned user extensions: 21
[2018-12-25 20:55:46.919] [sharedprocess] [info] Scanned user extensions: 21
[2018-12-25 21:00:46.963] [sharedprocess] [info] Scanned user extensions: 21
[2018-12-25 21:05:47.002] [sharedprocess] [info] Scanned user extensions: 21
[2018-12-25 21:10:47.340] [sharedprocess] [info] Scanned user extensions: 21
[2018-12-25 21:15:47.377] [sharedprocess] [info] Scanned user extensions: 21
[2018-12-25 21:20:47.410] [sharedprocess] [info] Scanned user extensions: 21
[2018-12-25 21:25:47.484] [sharedprocess] [info] Scanned user extensions: 21
[2018-12-25 21:30:47.526] [sharedprocess] [info] Scanned user extensions: 21
[2018-12-25 21:35:47.567] [sharedprocess] [info] Scanned user extensions: 21
[2018-12-25 21:40:47.609] [sharedprocess] [info] Scanned user extensions: 21
[2018-12-25 21:45:47.646] [sharedprocess] [info] Scanned user extensions: 21
[2018-12-25 21:50:47.689] [sharedprocess] [info] Scanned user extensions: 21
[2018-12-25 21:55:47.727] [sharedprocess] [info] Scanned user extensions: 21
[2018-12-25 22:00:47.767] [sharedprocess] [info] Scanned user extensions: 21
[2018-12-25 22:05:47.810] [sharedprocess] [info] Scanned user extensions: 21
[2018-12-25 22:10:48.007] [sharedprocess] [info] Scanned user extensions: 21
[2018-12-25 22:15:48.043] [sharedprocess] [info] Scanned user extensions: 21
[2018-12-25 22:20:48.091] [sharedprocess] [info] Scanned user extensions: 21
[2018-12-25 22:25:48.128] [sharedprocess] [info] Scanned user extensions: 21
[2018-12-25 22:30:48.177] [sharedprocess] [info] Scanned user extensions: 21
[2018-12-25 22:35:48.216] [sharedprocess] [info] Scanned user extensions: 21
[2018-12-25 22:40:48.260] [sharedprocess] [info] Scanned user extensions: 21
[2018-12-25 22:45:48.302] [sharedprocess] [info] Scanned user extensions: 21
[2018-12-25 22:50:48.341] [sharedprocess] [info] Scanned user extensions: 21
[2018-12-25 22:55:48.380] [sharedprocess] [info] Scanned user extensions: 21
[2018-12-25 23:00:48.424] [sharedprocess] [info] Scanned user extensions: 21
[2018-12-25 23:05:48.456] [sharedprocess] [info] Scanned user extensions: 21
[2018-12-25 23:10:48.667] [sharedprocess] [info] Scanned user extensions: 21
[2018-12-25 23:15:48.699] [sharedprocess] [info] Scanned user extensions: 21
[2018-12-25 23:20:48.743] [sharedprocess] [info] Scanned user extensions: 21
[2018-12-25 23:25:48.781] [sharedprocess] [info] Scanned user extensions: 21
[2018-12-25 23:30:48.827] [sharedprocess] [info] Scanned user extensions: 21
[2018-12-25 23:35:48.861] [sharedprocess] [info] Scanned user extensions: 21
[2018-12-25 23:40:48.901] [sharedprocess] [info] Scanned user extensions: 21
[2018-12-25 23:45:48.941] [sharedprocess] [info] Scanned user extensions: 21
[2018-12-25 23:50:48.968] [sharedprocess] [info] Scanned user extensions: 21
[2018-12-25 23:55:49.008] [sharedprocess] [info] Scanned user extensions: 21
[2018-12-26 00:00:49.042] [sharedprocess] [info] Scanned user extensions: 21
[2018-12-26 21:18:52.575] [sharedprocess] [info] Scanned user extensions: 21
[2018-12-26 21:23:52.618] [sharedprocess] [info] Scanned user extensions: 21
[2018-12-26 21:28:52.658] [sharedprocess] [info] Scanned user extensions: 21
[2018-12-26 21:33:52.695] [sharedprocess] [info] Scanned user extensions: 21
[2018-12-26 21:38:52.733] [sharedprocess] [info] Scanned user extensions: 21
[2018-12-26 21:43:52.776] [sharedprocess] [info] Scanned user extensions: 21
[2018-12-26 21:48:52.813] [sharedprocess] [info] Scanned user extensions: 21
[2018-12-26 21:53:52.849] [sharedprocess] [info] Scanned user extensions: 21
[2018-12-26 21:58:52.877] [sharedprocess] [info] Scanned user extensions: 21
[2018-12-26 22:03:52.913] [sharedprocess] [info] Scanned user extensions: 21
[2018-12-26 22:10:18.781] [sharedprocess] [info] Scanned user extensions: 21
[2018-12-26 22:11:53.758] [sharedprocess] [info] Scanned user extensions: 21
[2018-12-26 22:11:53.831] [sharedprocess] [info] Scanned system extensions: 71
[2018-12-26 22:11:54.529] [sharedprocess] [info] Scanned user extensions: 21
[2018-12-26 22:11:56.072] [sharedprocess] [info] Installing extension: vsc-material-theme
[2018-12-26 22:11:56.072] [sharedprocess] [info] Installing extension: dark-plus-material
[2018-12-26 22:11:56.116] [sharedprocess] [info] Scanned user extensions: 21
[2018-12-26 22:11:56.123] [sharedprocess] [info] Scanned user extensions: 21
[2018-12-26 22:11:56.628] [sharedprocess] [info] Downloaded extension: dark-plus-material /tmp/2dfbfc23-7d18-4027-bc4d-78abbffc1a7c
[2018-12-26 22:11:56.688] [sharedprocess] [info] Extracted extension to /home/lvzbel/.vscode/extensions/.vangware.dark-plus-material-1.4.6: vangware.dark-plus-material-1.4.6
[2018-12-26 22:11:56.688] [sharedprocess] [info] Renamed to /home/lvzbel/.vscode/extensions/vangware.dark-plus-material-1.4.6
[2018-12-26 22:11:56.689] [sharedprocess] [info] Installation completed. vangware.dark-plus-material-1.4.6
[2018-12-26 22:11:56.697] [sharedprocess] [info] Extensions installed successfully: vangware.dark-plus-material
[2018-12-26 22:12:01.639] [sharedprocess] [info] Downloaded extension: vsc-material-theme /tmp/ee9c552a-537e-470d-85da-0aa0916f7165
[2018-12-26 22:12:02.630] [sharedprocess] [info] Extracted extension to /home/lvzbel/.vscode/extensions/.equinusocio.vsc-material-theme-2.6.3: equinusocio.vsc-material-theme-2.6.3
[2018-12-26 22:12:02.630] [sharedprocess] [info] Renamed to /home/lvzbel/.vscode/extensions/equinusocio.vsc-material-theme-2.6.3
[2018-12-26 22:12:02.631] [sharedprocess] [info] Installation completed. equinusocio.vsc-material-theme-2.6.3
[2018-12-26 22:12:02.638] [sharedprocess] [info] Extensions installed successfully: equinusocio.vsc-material-theme
[2018-12-26 22:12:11.165] [sharedprocess] [info] Scanned user extensions: 21
[2018-12-26 22:12:11.213] [sharedprocess] [info] Scanned system extensions: 71
[2018-12-26 22:12:12.113] [sharedprocess] [info] Scanned user extensions: 21
[2018-12-26 22:17:12.156] [sharedprocess] [info] Scanned user extensions: 21
[2018-12-26 22:22:12.348] [sharedprocess] [info] Scanned user extensions: 21
[2018-12-26 22:27:12.391] [sharedprocess] [info] Scanned user extensions: 21
[2018-12-26 22:32:12.430] [sharedprocess] [info] Scanned user extensions: 21
[2018-12-26 22:37:12.470] [sharedprocess] [info] Scanned user extensions: 21
[2018-12-26 22:42:12.506] [sharedprocess] [info] Scanned user extensions: 21
[2018-12-26 22:47:12.546] [sharedprocess] [info] Scanned user extensions: 21
[2018-12-26 22:52:12.587] [sharedprocess] [info] Scanned user extensions: 21
[2018-12-26 22:57:12.629] [sharedprocess] [info] Scanned user extensions: 21
[2018-12-26 23:02:12.671] [sharedprocess] [info] Scanned user extensions: 21
[2018-12-26 23:07:12.714] [sharedprocess] [info] Scanned user extensions: 21
[2018-12-26 23:12:12.753] [sharedprocess] [info] Scanned user extensions: 21
[2018-12-26 23:17:12.807] [sharedprocess] [info] Scanned user extensions: 21
[2018-12-26 23:22:12.982] [sharedprocess] [info] Scanned user extensions: 21
[2018-12-26 23:27:13.023] [sharedprocess] [info] Scanned user extensions: 21
[2018-12-27 19:42:38.553] [sharedprocess] [info] Scanned user extensions: 21
[2018-12-27 19:47:38.596] [sharedprocess] [info] Scanned user extensions: 21
[2018-12-27 19:52:38.636] [sharedprocess] [info] Scanned user extensions: 21
[2018-12-27 19:57:38.680] [sharedprocess] [info] Scanned user extensions: 21
[2018-12-27 20:02:38.719] [sharedprocess] [info] Scanned user extensions: 21
[2018-12-27 20:07:38.749] [sharedprocess] [info] Scanned user extensions: 21
[2018-12-27 20:12:38.785] [sharedprocess] [info] Scanned user extensions: 21
[2018-12-27 20:17:38.828] [sharedprocess] [info] Scanned user extensions: 21
[2018-12-27 20:22:38.865] [sharedprocess] [info] Scanned user extensions: 21
[2018-12-27 20:27:38.928] [sharedprocess] [info] Scanned user extensions: 21
[2018-12-27 20:32:38.961] [sharedprocess] [info] Scanned user extensions: 21
[2018-12-27 20:37:38.998] [sharedprocess] [info] Scanned user extensions: 21
[2018-12-27 20:42:39.170] [sharedprocess] [info] Scanned user extensions: 21
[2018-12-27 20:47:39.206] [sharedprocess] [info] Scanned user extensions: 21
[2018-12-27 20:52:39.247] [sharedprocess] [info] Scanned user extensions: 21
[2018-12-27 20:57:39.283] [sharedprocess] [info] Scanned user extensions: 21
[2018-12-27 21:18:36.630] [sharedprocess] [info] Scanned user extensions: 21
[2018-12-27 21:23:36.782] [sharedprocess] [info] Scanned user extensions: 21
[2018-12-27 21:28:36.838] [sharedprocess] [info] Scanned user extensions: 21
[2018-12-27 21:33:36.879] [sharedprocess] [info] Scanned user extensions: 21
[2018-12-27 21:38:36.924] [sharedprocess] [info] Scanned user extensions: 21
[2018-12-27 21:43:37.254] [sharedprocess] [info] Scanned user extensions: 21
[2018-12-27 21:48:37.297] [sharedprocess] [info] Scanned user extensions: 21
[2018-12-27 21:53:37.327] [sharedprocess] [info] Scanned user extensions: 21
[2018-12-27 21:58:37.362] [sharedprocess] [info] Scanned user extensions: 21
[2018-12-27 22:03:37.414] [sharedprocess] [info] Scanned user extensions: 21
[2018-12-27 22:08:37.459] [sharedprocess] [info] Scanned user extensions: 21
[2018-12-27 22:13:37.499] [sharedprocess] [info] Scanned user extensions: 21
[2018-12-27 22:18:37.547] [sharedprocess] [info] Scanned user extensions: 21
[2018-12-27 22:23:37.591] [sharedprocess] [info] Scanned user extensions: 21
[2018-12-27 22:28:37.635] [sharedprocess] [info] Scanned user extensions: 21
[2018-12-27 22:33:37.684] [sharedprocess] [info] Scanned user extensions: 21
[2018-12-27 22:38:37.730] [sharedprocess] [info] Scanned user extensions: 21
[2018-12-27 22:43:38.107] [sharedprocess] [info] Scanned user extensions: 21
[2018-12-27 22:48:38.139] [sharedprocess] [info] Scanned user extensions: 21
[2018-12-27 22:53:38.180] [sharedprocess] [info] Scanned user extensions: 21
[2018-12-27 22:58:38.228] [sharedprocess] [info] Scanned user extensions: 21
[2018-12-27 23:03:38.277] [sharedprocess] [info] Scanned user extensions: 21
[2018-12-28 18:59:53.764] [sharedprocess] [info] Scanned user extensions: 21
[2018-12-28 19:04:53.806] [sharedprocess] [info] Scanned user extensions: 21
[2018-12-28 19:09:53.840] [sharedprocess] [info] Scanned user extensions: 21
[2018-12-28 19:14:53.876] [sharedprocess] [info] Scanned user extensions: 21
[2018-12-28 19:19:53.916] [sharedprocess] [info] Scanned user extensions: 21
[2018-12-28 19:24:53.948] [sharedprocess] [info] Scanned user extensions: 21
[2018-12-28 19:29:53.987] [sharedprocess] [info] Scanned user extensions: 21
[2018-12-28 19:34:54.036] [sharedprocess] [info] Scanned user extensions: 21
[2018-12-28 19:39:54.078] [sharedprocess] [info] Scanned user extensions: 21
[2018-12-28 19:44:54.124] [sharedprocess] [info] Scanned user extensions: 21
[2018-12-28 19:49:54.159] [sharedprocess] [info] Scanned user extensions: 21
[2018-12-28 19:54:54.199] [sharedprocess] [info] Scanned user extensions: 21
[2018-12-28 19:59:54.364] [sharedprocess] [info] Scanned user extensions: 21
[2018-12-28 20:04:54.405] [sharedprocess] [info] Scanned user extensions: 21
[2018-12-28 20:09:54.445] [sharedprocess] [info] Scanned user extensions: 21
[2018-12-28 20:14:54.479] [sharedprocess] [info] Scanned user extensions: 21
[2018-12-28 20:19:54.525] [sharedprocess] [info] Scanned user extensions: 21
[2018-12-28 20:24:54.565] [sharedprocess] [info] Scanned user extensions: 21
[2018-12-28 20:29:54.599] [sharedprocess] [info] Scanned user extensions: 21
[2018-12-28 20:34:54.642] [sharedprocess] [info] Scanned user extensions: 21
[2018-12-28 20:39:54.696] [sharedprocess] [info] Scanned user extensions: 21
[2018-12-28 20:44:54.740] [sharedprocess] [info] Scanned user extensions: 21
[2018-12-28 20:49:54.781] [sharedprocess] [info] Scanned user extensions: 21
[2018-12-28 20:54:54.885] [sharedprocess] [info] Scanned user extensions: 21
[2018-12-28 20:59:55.096] [sharedprocess] [info] Scanned user extensions: 21
[2018-12-28 21:04:55.145] [sharedprocess] [info] Scanned user extensions: 21
[2018-12-28 21:09:55.189] [sharedprocess] [info] Scanned user extensions: 21
[2018-12-28 21:14:55.235] [sharedprocess] [info] Scanned user extensions: 21
[2018-12-28 21:19:55.278] [sharedprocess] [info] Scanned user extensions: 21
[2018-12-28 21:24:55.312] [sharedprocess] [info] Scanned user extensions: 21
[2018-12-28 21:29:55.349] [sharedprocess] [info] Scanned user extensions: 21
[2018-12-28 21:34:55.396] [sharedprocess] [info] Scanned user extensions: 21
[2018-12-28 21:39:55.443] [sharedprocess] [info] Scanned user extensions: 21
[2018-12-28 21:44:55.483] [sharedprocess] [info] Scanned user extensions: 21
[2018-12-28 21:49:55.522] [sharedprocess] [info] Scanned user extensions: 21
[2018-12-28 21:54:55.558] [sharedprocess] [info] Scanned user extensions: 21
[2018-12-28 21:59:55.755] [sharedprocess] [info] Scanned user extensions: 21
[2018-12-28 22:04:55.800] [sharedprocess] [info] Scanned user extensions: 21
[2018-12-28 22:09:55.841] [sharedprocess] [info] Scanned user extensions: 21
[2018-12-28 22:14:55.880] [sharedprocess] [info] Scanned user extensions: 21
[2018-12-28 22:19:55.918] [sharedprocess] [info] Scanned user extensions: 21
[2018-12-28 22:24:55.955] [sharedprocess] [info] Scanned user extensions: 21
[2018-12-28 22:29:55.990] [sharedprocess] [info] Scanned user extensions: 21
[2018-12-28 22:34:56.026] [sharedprocess] [info] Scanned user extensions: 21
[2018-12-30 17:51:46.616] [sharedprocess] [info] Scanned user extensions: 21
[2018-12-30 17:56:47.320] [sharedprocess] [info] Scanned user extensions: 21
[2018-12-30 17:59:43.949] [sharedprocess] [info] Scanned user extensions: 21
[2018-12-30 17:59:43.970] [sharedprocess] [info] Scanned user extensions: 21
[2018-12-30 17:59:44.034] [sharedprocess] [info] Scanned system extensions: 71
[2018-12-30 17:59:44.045] [sharedprocess] [info] Scanned system extensions: 71
[2018-12-30 17:59:44.462] [sharedprocess] [info] Scanned user extensions: 21
[2018-12-30 18:03:25.823] [sharedprocess] [info] Scanned user extensions: 21
[2018-12-30 18:03:25.838] [sharedprocess] [info] Scanned system extensions: 71
[2018-12-30 18:03:26.552] [sharedprocess] [info] Scanned user extensions: 21
[2018-12-30 18:08:26.581] [sharedprocess] [info] Scanned user extensions: 21
[2018-12-30 18:13:26.623] [sharedprocess] [info] Scanned user extensions: 21
[2018-12-30 18:18:26.660] [sharedprocess] [info] Scanned user extensions: 21
[2018-12-30 18:23:26.700] [sharedprocess] [info] Scanned user extensions: 21
[2018-12-30 18:28:26.736] [sharedprocess] [info] Scanned user extensions: 21
[2018-12-30 18:33:26.772] [sharedprocess] [info] Scanned user extensions: 21
[2018-12-30 18:38:26.807] [sharedprocess] [info] Scanned user extensions: 21
[2018-12-30 18:43:26.844] [sharedprocess] [info] Scanned user extensions: 21
[2018-12-30 18:48:26.884] [sharedprocess] [info] Scanned user extensions: 21
[2018-12-30 18:53:27.137] [sharedprocess] [info] Scanned user extensions: 21
[2018-12-30 18:58:27.175] [sharedprocess] [info] Scanned user extensions: 21
[2018-12-30 19:03:27.216] [sharedprocess] [info] Scanned user extensions: 21
[2018-12-30 19:08:27.245] [sharedprocess] [info] Scanned user extensions: 21
[2018-12-30 19:13:27.280] [sharedprocess] [info] Scanned user extensions: 21
[2018-12-30 19:18:27.318] [sharedprocess] [info] Scanned user extensions: 21
[2018-12-30 19:23:27.356] [sharedprocess] [info] Scanned user extensions: 21
[2018-12-30 19:28:27.393] [sharedprocess] [info] Scanned user extensions: 21
[2018-12-30 19:33:27.430] [sharedprocess] [info] Scanned user extensions: 21
[2018-12-30 19:38:27.465] [sharedprocess] [info] Scanned user extensions: 21
[2018-12-30 19:43:27.497] [sharedprocess] [info] Scanned user extensions: 21
[2018-12-30 19:48:27.535] [sharedprocess] [info] Scanned user extensions: 21
[2018-12-30 19:53:27.702] [sharedprocess] [info] Scanned user extensions: 21
[2018-12-30 19:58:27.736] [sharedprocess] [info] Scanned user extensions: 21
[2018-12-30 20:03:27.772] [sharedprocess] [info] Scanned user extensions: 21
[2018-12-30 20:08:27.827] [sharedprocess] [info] Scanned user extensions: 21
[2018-12-30 20:13:27.875] [sharedprocess] [info] Scanned user extensions: 21
[2018-12-30 20:18:27.910] [sharedprocess] [info] Scanned user extensions: 21
[2018-12-30 20:23:27.948] [sharedprocess] [info] Scanned user extensions: 21
[2018-12-30 20:28:27.985] [sharedprocess] [info] Scanned user extensions: 21
[2018-12-30 20:33:28.047] [sharedprocess] [info] Scanned user extensions: 21
[2018-12-30 20:38:28.084] [sharedprocess] [info] Scanned user extensions: 21
[2018-12-30 20:43:28.131] [sharedprocess] [info] Scanned user extensions: 21
[2018-12-30 20:48:28.166] [sharedprocess] [info] Scanned user extensions: 21
[2018-12-30 20:53:28.378] [sharedprocess] [info] Scanned user extensions: 21
[2018-12-30 20:58:28.418] [sharedprocess] [info] Scanned user extensions: 21
[2018-12-30 21:03:28.460] [sharedprocess] [info] Scanned user extensions: 21
[2018-12-30 21:08:28.491] [sharedprocess] [info] Scanned user extensions: 21
[2018-12-30 21:13:28.539] [sharedprocess] [info] Scanned user extensions: 21
[2018-12-30 21:18:28.581] [sharedprocess] [info] Scanned user extensions: 21
[2018-12-30 21:23:28.612] [sharedprocess] [info] Scanned user extensions: 21
[2018-12-30 21:28:28.649] [sharedprocess] [info] Scanned user extensions: 21
[2018-12-30 21:33:28.695] [sharedprocess] [info] Scanned user extensions: 21
[2018-12-30 21:38:28.738] [sharedprocess] [info] Scanned user extensions: 21
[2018-12-30 21:43:28.772] [sharedprocess] [info] Scanned user extensions: 21
[2018-12-30 21:48:28.814] [sharedprocess] [info] Scanned user extensions: 21
[2018-12-30 21:53:28.996] [sharedprocess] [info] Scanned user extensions: 21
[2018-12-30 21:58:29.035] [sharedprocess] [info] Scanned user extensions: 21
[2018-12-30 22:03:29.073] [sharedprocess] [info] Scanned user extensions: 21
[2018-12-30 22:08:29.117] [sharedprocess] [info] Scanned user extensions: 21
[2018-12-30 22:13:29.157] [sharedprocess] [info] Scanned user extensions: 21
[2018-12-30 22:18:29.194] [sharedprocess] [info] Scanned user extensions: 21
[2018-12-30 22:23:29.223] [sharedprocess] [info] Scanned user extensions: 21
[2018-12-30 22:28:29.258] [sharedprocess] [info] Scanned user extensions: 21
[2018-12-30 22:33:29.297] [sharedprocess] [info] Scanned user extensions: 21
[2018-12-30 22:38:29.333] [sharedprocess] [info] Scanned user extensions: 21
[2018-12-30 22:43:29.370] [sharedprocess] [info] Scanned user extensions: 21
[2018-12-30 22:48:29.411] [sharedprocess] [info] Scanned user extensions: 21
[2018-12-30 22:53:29.587] [sharedprocess] [info] Scanned user extensions: 21
[2018-12-30 22:58:29.622] [sharedprocess] [info] Scanned user extensions: 21
[2018-12-30 23:03:29.657] [sharedprocess] [info] Scanned user extensions: 21
[2018-12-30 23:08:29.695] [sharedprocess] [info] Scanned user extensions: 21
[2018-12-30 23:13:29.745] [sharedprocess] [info] Scanned user extensions: 21
[2018-12-30 23:18:29.784] [sharedprocess] [info] Scanned user extensions: 21
[2018-12-30 23:23:29.829] [sharedprocess] [info] Scanned user extensions: 21
[2018-12-30 23:28:29.876] [sharedprocess] [info] Scanned user extensions: 21
[2018-12-30 23:33:29.913] [sharedprocess] [info] Scanned user extensions: 21
[2018-12-30 23:38:29.960] [sharedprocess] [info] Scanned user extensions: 21
[2018-12-30 23:43:29.993] [sharedprocess] [info] Scanned user extensions: 21
[2018-12-30 23:48:30.031] [sharedprocess] [info] Scanned user extensions: 21
[2018-12-30 23:53:30.603] [sharedprocess] [info] Scanned user extensions: 21
[2018-12-30 23:58:30.640] [sharedprocess] [info] Scanned user extensions: 21
[2018-12-31 00:03:30.680] [sharedprocess] [info] Scanned user extensions: 21
[2018-12-31 00:08:30.720] [sharedprocess] [info] Scanned user extensions: 21
[2018-12-31 13:05:54.682] [sharedprocess] [info] Scanned user extensions: 21
[2018-12-31 13:10:54.717] [sharedprocess] [info] Scanned user extensions: 21
[2018-12-31 13:15:54.754] [sharedprocess] [info] Scanned user extensions: 21
[2018-12-31 13:20:54.795] [sharedprocess] [info] Scanned user extensions: 21
[2018-12-31 13:25:54.831] [sharedprocess] [info] Scanned user extensions: 21
[2018-12-31 13:30:54.871] [sharedprocess] [info] Scanned user extensions: 21
[2018-12-31 13:35:54.913] [sharedprocess] [info] Scanned user extensions: 21
[2018-12-31 13:40:54.950] [sharedprocess] [info] Scanned user extensions: 21
[2018-12-31 13:45:54.992] [sharedprocess] [info] Scanned user extensions: 21
[2018-12-31 13:50:55.039] [sharedprocess] [info] Scanned user extensions: 21
[2018-12-31 13:57:31.801] [sharedprocess] [info] Scanned user extensions: 21
[2018-12-31 14:02:31.832] [sharedprocess] [info] Scanned user extensions: 21
[2018-12-31 14:07:32.019] [sharedprocess] [info] Scanned user extensions: 21
[2018-12-31 14:20:50.054] [sharedprocess] [info] Scanned user extensions: 21
[2018-12-31 14:25:50.086] [sharedprocess] [info] Scanned user extensions: 21
[2019-01-01 21:50:16.142] [sharedprocess] [info] Scanned user extensions: 21
[2019-01-01 21:55:16.176] [sharedprocess] [info] Scanned user extensions: 21
[2019-01-01 22:00:16.214] [sharedprocess] [info] Scanned user extensions: 21
[2019-01-01 22:05:16.246] [sharedprocess] [info] Scanned user extensions: 21
[2019-01-01 22:10:16.281] [sharedprocess] [info] Scanned user extensions: 21
[2019-01-01 22:15:16.308] [sharedprocess] [info] Scanned user extensions: 21
[2019-01-01 22:20:16.348] [sharedprocess] [info] Scanned user extensions: 21
[2019-01-01 22:25:16.377] [sharedprocess] [info] Scanned user extensions: 21
[2019-01-01 22:30:16.423] [sharedprocess] [info] Scanned user extensions: 21
[2019-01-01 22:50:16.576] [sharedprocess] [info] Scanned user extensions: 21
[2019-01-01 22:55:16.617] [sharedprocess] [info] Scanned user extensions: 21
[2019-01-01 23:00:16.655] [sharedprocess] [info] Scanned user extensions: 21
[2019-01-03 18:58:58.531] [sharedprocess] [info] Scanned user extensions: 21
[2019-01-03 19:03:59.221] [sharedprocess] [info] Scanned user extensions: 21
[2019-01-03 19:08:59.263] [sharedprocess] [info] Scanned user extensions: 21
[2019-01-03 19:13:59.297] [sharedprocess] [info] Scanned user extensions: 21
[2019-01-03 19:15:50.476] [sharedprocess] [info] Scanned user extensions: 21
[2019-01-03 19:15:50.490] [sharedprocess] [info] Scanned user extensions: 21
[2019-01-03 19:15:50.594] [sharedprocess] [info] Scanned system extensions: 71
[2019-01-03 19:15:50.602] [sharedprocess] [info] Scanned system extensions: 71
[2019-01-03 19:15:51.039] [sharedprocess] [info] Scanned user extensions: 21
[2019-01-03 19:15:52.451] [sharedprocess] [info] Installing extension: vs-color-picker
[2019-01-03 19:15:52.472] [sharedprocess] [info] Scanned user extensions: 21
[2019-01-03 19:15:52.937] [sharedprocess] [info] Downloaded extension: vs-color-picker /tmp/e93830b7-668c-48b8-b118-4db3ee6415e5
[2019-01-03 19:15:52.951] [sharedprocess] [info] Extracted extension to /home/lvzbel/.vscode/extensions/.lihui.vs-color-picker-1.0.0: lihui.vs-color-picker-1.0.0
[2019-01-03 19:15:52.951] [sharedprocess] [info] Renamed to /home/lvzbel/.vscode/extensions/lihui.vs-color-picker-1.0.0
[2019-01-03 19:15:52.952] [sharedprocess] [info] Installation completed. lihui.vs-color-picker-1.0.0
[2019-01-03 19:15:52.956] [sharedprocess] [info] Extensions installed successfully: lihui.vs-color-picker
[2019-01-03 19:20:51.067] [sharedprocess] [info] Scanned user extensions: 21
[2019-01-03 19:25:51.102] [sharedprocess] [info] Scanned user extensions: 21
[2019-01-03 19:30:51.143] [sharedprocess] [info] Scanned user extensions: 21
[2019-01-03 19:35:51.178] [sharedprocess] [info] Scanned user extensions: 21
[2019-01-03 19:40:51.217] [sharedprocess] [info] Scanned user extensions: 21
[2019-01-03 19:45:51.260] [sharedprocess] [info] Scanned user extensions: 21
[2019-01-03 19:50:51.297] [sharedprocess] [info] Scanned user extensions: 21
[2019-01-03 19:55:51.329] [sharedprocess] [info] Scanned user extensions: 21
[2019-01-03 20:00:51.494] [sharedprocess] [info] Scanned user extensions: 21
[2019-01-03 20:05:51.530] [sharedprocess] [info] Scanned user extensions: 21
[2019-01-03 20:10:51.574] [sharedprocess] [info] Scanned user extensions: 21
[2019-01-03 20:15:51.612] [sharedprocess] [info] Scanned user extensions: 21
[2019-01-03 20:20:51.649] [sharedprocess] [info] Scanned user extensions: 21
[2019-01-03 20:25:51.689] [sharedprocess] [info] Scanned user extensions: 21
[2019-01-03 20:30:51.722] [sharedprocess] [info] Scanned user extensions: 21
[2019-01-03 20:35:51.757] [sharedprocess] [info] Scanned user extensions: 21
[2019-01-03 20:40:51.791] [sharedprocess] [info] Scanned user extensions: 21
[2019-01-03 20:45:51.825] [sharedprocess] [info] Scanned user extensions: 21
[2019-01-03 20:50:51.877] [sharedprocess] [info] Scanned user extensions: 21
