1/11/2019, 8:33:43 PM:
----------------------
JSX attributes must only be assigned a non-empty expression (/home/lvzbel/GitHub/mosh-react/vidly/src/App.js:17:30)
  15 |         <div className="row">
  16 |           <div className="col-3">
> 17 |             <ListGroup genre={}/>
     |                              ^
  18 |           </div>
  19 |           <div className="col">
  20 |             <Movies />

1/12/2019, 9:45:39 PM:
----------------------
Unexpected token (/home/lvzbel/GitHub/mosh-react/vidly/src/components/common/listGroup.jsx:27:13)
  25 |           key={item[valueProperty]}
  26 |           className={
> 27 |             debugger;
     |             ^
  28 |             selectedItem === item[textProperty]
  29 |               ? "list-group-item active"
  30 |               : "list-group-item"

1/12/2019, 10:03:22 PM:
-----------------------
Unexpected token, expected "}" (/home/lvzbel/GitHub/mosh-react/vidly/src/components/moviesTable.jsx:30:34)
  28 |                     liked={favorite}
  29 |                     onClick={() => 
> 30 |                       onLike(_id);
     |                                  ^
  31 |                     }
  32 |                   />
  33 |                 </td>

1/12/2019, 11:47:28 PM:
-----------------------
Unexpected token (/home/lvzbel/GitHub/mosh-react/vidly/src/components/common/tableBody.jsx:6:7)
  4 |   render() {
  5 |     return (
> 6 |       const {data, onLike, onDelete}
    |       ^
  7 |       <tbody>
  8 |         {movies.map(
  9 |           ({ _id, title, genre, numberInStock, dailyRentalRate, favorite }) => {

1/12/2019, 11:47:36 PM:
-----------------------
Unexpected token (/home/lvzbel/GitHub/mosh-react/vidly/src/components/common/tableBody.jsx:6:7)
  4 |   render() {
  5 |     return (
> 6 |       const {data, onLike, onDelete} = this.props
    |       ^
  7 |       <tbody>
  8 |         {movies.map(
  9 |           ({ _id, title, genre, numberInStock, dailyRentalRate, favorite }) => {

1/13/2019, 12:25:12 AM:
-----------------------
Unexpected token, expected ";" (/home/lvzbel/GitHub/mosh-react/vidly/src/components/common/tableHeader.jsx:17:45)
  15 |   renderSortIcon = column => {
  16 |     if (column.path !== this.props.sortColumn.path) return null;
> 17 |     (this.props.sortColumn.order === 'asc') return <i className="fa fa-sort-asc" />
     |                                             ^
  18 |   }
  19 | 
  20 |   render() {

1/13/2019, 12:33:40 AM:
-----------------------
Unexpected token (/home/lvzbel/GitHub/mosh-react/vidly/src/components/moviesTable.jsx:37:5)
  35 |     return (
  36 |       
> 37 |     );
     |     ^
  38 |   }
  39 | }
  40 | 

