[Info  - 7:21:47 PM] Using tsserver from: /opt/visual-studio-code/resources/app/extensions/node_modules/typescript/lib
[Info  - 7:21:47 PM] Forking TSServer
[Info  - 7:21:47 PM] Started TSServer
[Error  - 9:48:30 PM] 'references' request failed with error.
Error processing request. Debug Failure. False expression.
Error: Debug Failure. False expression.
    at Object.first (/opt/visual-studio-code/resources/app/extensions/node_modules/typescript/lib/tsserver.js:1015:15)
    at /opt/visual-studio-code/resources/app/extensions/node_modules/typescript/lib/tsserver.js:98842:89
    at definitionToReferencedSymbolDefinitionInfo (/opt/visual-studio-code/resources/app/extensions/node_modules/typescript/lib/tsserver.js:98866:15)
    at /opt/visual-studio-code/resources/app/extensions/node_modules/typescript/lib/tsserver.js:98786:113
    at Object.runWithCancellationToken (/opt/visual-studio-code/resources/app/extensions/node_modules/typescript/lib/tsserver.js:31045:28)
    at /opt/visual-studio-code/resources/app/extensions/node_modules/typescript/lib/tsserver.js:98786:41
    at Object.mapDefined (/opt/visual-studio-code/resources/app/extensions/node_modules/typescript/lib/tsserver.js:601:30)
    at Object.findReferencedSymbols (/opt/visual-studio-code/resources/app/extensions/node_modules/typescript/lib/tsserver.js:98782:85)
    at Object.findReferences (/opt/visual-studio-code/resources/app/extensions/node_modules/typescript/lib/tsserver.js:117557:41)
    at /opt/visual-studio-code/resources/app/extensions/node_modules/typescript/lib/tsserver.js:124107:68
    at callbackProjectAndLocation (/opt/visual-studio-code/resources/app/extensions/node_modules/typescript/lib/tsserver.js:124160:13)
    at /opt/visual-studio-code/resources/app/extensions/node_modules/typescript/lib/tsserver.js:124134:24
    at forEachProjectInProjects (/opt/visual-studio-code/resources/app/extensions/node_modules/typescript/lib/tsserver.js:124117:17)
    at combineProjectOutputWorker (/opt/visual-studio-code/resources/app/extensions/node_modules/typescript/lib/tsserver.js:124132:13)
    at combineProjectOutputForReferences (/opt/visual-studio-code/resources/app/extensions/node_modules/typescript/lib/tsserver.js:124090:13)
    at IOSession.Session.getReferences (/opt/visual-studio-code/resources/app/extensions/node_modules/typescript/lib/tsserver.js:125124:34)
    at Session.handlers.ts.createMapFromTemplate._a.(anonymous function) (/opt/visual-studio-code/resources/app/extensions/node_modules/typescript/lib/tsserver.js:124270:61)
    at /opt/visual-studio-code/resources/app/extensions/node_modules/typescript/lib/tsserver.js:125824:88
    at IOSession.Session.executeWithRequestId (/opt/visual-studio-code/resources/app/extensions/node_modules/typescript/lib/tsserver.js:125815:28)
    at IOSession.Session.executeCommand (/opt/visual-studio-code/resources/app/extensions/node_modules/typescript/lib/tsserver.js:125824:33)
    at IOSession.Session.onMessage (/opt/visual-studio-code/resources/app/extensions/node_modules/typescript/lib/tsserver.js:125846:35)
    at Interface.<anonymous> (/opt/visual-studio-code/resources/app/extensions/node_modules/typescript/lib/tsserver.js:127106:27)
    at emitOne (events.js:116:13)
    at Interface.emit (events.js:211:7)
    at Interface._onLine (readline.js:282:10)
    at Interface._normalWrite (readline.js:424:12)
    at Socket.ondata (readline.js:141:10)
    at emitOne (events.js:116:13)
    at Socket.emit (events.js:211:7)
    at addChunk (_stream_readable.js:263:12)
    at readableAddChunk (_stream_readable.js:250:11)
    at Socket.Readable.push (_stream_readable.js:208:10)
    at Pipe.onread (net.js:594:20)
[Error  - 9:49:26 PM] 'references' request failed with error.
Error processing request. Debug Failure. False expression.
Error: Debug Failure. False expression.
    at Object.first (/opt/visual-studio-code/resources/app/extensions/node_modules/typescript/lib/tsserver.js:1015:15)
    at /opt/visual-studio-code/resources/app/extensions/node_modules/typescript/lib/tsserver.js:98842:89
    at definitionToReferencedSymbolDefinitionInfo (/opt/visual-studio-code/resources/app/extensions/node_modules/typescript/lib/tsserver.js:98866:15)
    at /opt/visual-studio-code/resources/app/extensions/node_modules/typescript/lib/tsserver.js:98786:113
    at Object.runWithCancellationToken (/opt/visual-studio-code/resources/app/extensions/node_modules/typescript/lib/tsserver.js:31045:28)
    at /opt/visual-studio-code/resources/app/extensions/node_modules/typescript/lib/tsserver.js:98786:41
    at Object.mapDefined (/opt/visual-studio-code/resources/app/extensions/node_modules/typescript/lib/tsserver.js:601:30)
    at Object.findReferencedSymbols (/opt/visual-studio-code/resources/app/extensions/node_modules/typescript/lib/tsserver.js:98782:85)
    at Object.findReferences (/opt/visual-studio-code/resources/app/extensions/node_modules/typescript/lib/tsserver.js:117557:41)
    at /opt/visual-studio-code/resources/app/extensions/node_modules/typescript/lib/tsserver.js:124107:68
    at callbackProjectAndLocation (/opt/visual-studio-code/resources/app/extensions/node_modules/typescript/lib/tsserver.js:124160:13)
    at /opt/visual-studio-code/resources/app/extensions/node_modules/typescript/lib/tsserver.js:124134:24
    at forEachProjectInProjects (/opt/visual-studio-code/resources/app/extensions/node_modules/typescript/lib/tsserver.js:124117:17)
    at combineProjectOutputWorker (/opt/visual-studio-code/resources/app/extensions/node_modules/typescript/lib/tsserver.js:124132:13)
    at combineProjectOutputForReferences (/opt/visual-studio-code/resources/app/extensions/node_modules/typescript/lib/tsserver.js:124090:13)
    at IOSession.Session.getReferences (/opt/visual-studio-code/resources/app/extensions/node_modules/typescript/lib/tsserver.js:125124:34)
    at Session.handlers.ts.createMapFromTemplate._a.(anonymous function) (/opt/visual-studio-code/resources/app/extensions/node_modules/typescript/lib/tsserver.js:124270:61)
    at /opt/visual-studio-code/resources/app/extensions/node_modules/typescript/lib/tsserver.js:125824:88
    at IOSession.Session.executeWithRequestId (/opt/visual-studio-code/resources/app/extensions/node_modules/typescript/lib/tsserver.js:125815:28)
    at IOSession.Session.executeCommand (/opt/visual-studio-code/resources/app/extensions/node_modules/typescript/lib/tsserver.js:125824:33)
    at IOSession.Session.onMessage (/opt/visual-studio-code/resources/app/extensions/node_modules/typescript/lib/tsserver.js:125846:35)
    at Interface.<anonymous> (/opt/visual-studio-code/resources/app/extensions/node_modules/typescript/lib/tsserver.js:127106:27)
    at emitOne (events.js:116:13)
    at Interface.emit (events.js:211:7)
    at Interface._onLine (readline.js:282:10)
    at Interface._normalWrite (readline.js:424:12)
    at Socket.ondata (readline.js:141:10)
    at emitOne (events.js:116:13)
    at Socket.emit (events.js:211:7)
    at addChunk (_stream_readable.js:263:12)
    at readableAddChunk (_stream_readable.js:250:11)
    at Socket.Readable.push (_stream_readable.js:208:10)
    at Pipe.onread (net.js:594:20)
[Error  - 9:49:27 PM] 'references' request failed with error.
Error processing request. Debug Failure. False expression.
Error: Debug Failure. False expression.
    at Object.first (/opt/visual-studio-code/resources/app/extensions/node_modules/typescript/lib/tsserver.js:1015:15)
    at /opt/visual-studio-code/resources/app/extensions/node_modules/typescript/lib/tsserver.js:98842:89
    at definitionToReferencedSymbolDefinitionInfo (/opt/visual-studio-code/resources/app/extensions/node_modules/typescript/lib/tsserver.js:98866:15)
    at /opt/visual-studio-code/resources/app/extensions/node_modules/typescript/lib/tsserver.js:98786:113
    at Object.runWithCancellationToken (/opt/visual-studio-code/resources/app/extensions/node_modules/typescript/lib/tsserver.js:31045:28)
    at /opt/visual-studio-code/resources/app/extensions/node_modules/typescript/lib/tsserver.js:98786:41
    at Object.mapDefined (/opt/visual-studio-code/resources/app/extensions/node_modules/typescript/lib/tsserver.js:601:30)
    at Object.findReferencedSymbols (/opt/visual-studio-code/resources/app/extensions/node_modules/typescript/lib/tsserver.js:98782:85)
    at Object.findReferences (/opt/visual-studio-code/resources/app/extensions/node_modules/typescript/lib/tsserver.js:117557:41)
    at /opt/visual-studio-code/resources/app/extensions/node_modules/typescript/lib/tsserver.js:124107:68
    at callbackProjectAndLocation (/opt/visual-studio-code/resources/app/extensions/node_modules/typescript/lib/tsserver.js:124160:13)
    at /opt/visual-studio-code/resources/app/extensions/node_modules/typescript/lib/tsserver.js:124134:24
    at forEachProjectInProjects (/opt/visual-studio-code/resources/app/extensions/node_modules/typescript/lib/tsserver.js:124117:17)
    at combineProjectOutputWorker (/opt/visual-studio-code/resources/app/extensions/node_modules/typescript/lib/tsserver.js:124132:13)
    at combineProjectOutputForReferences (/opt/visual-studio-code/resources/app/extensions/node_modules/typescript/lib/tsserver.js:124090:13)
    at IOSession.Session.getReferences (/opt/visual-studio-code/resources/app/extensions/node_modules/typescript/lib/tsserver.js:125124:34)
    at Session.handlers.ts.createMapFromTemplate._a.(anonymous function) (/opt/visual-studio-code/resources/app/extensions/node_modules/typescript/lib/tsserver.js:124270:61)
    at /opt/visual-studio-code/resources/app/extensions/node_modules/typescript/lib/tsserver.js:125824:88
    at IOSession.Session.executeWithRequestId (/opt/visual-studio-code/resources/app/extensions/node_modules/typescript/lib/tsserver.js:125815:28)
    at IOSession.Session.executeCommand (/opt/visual-studio-code/resources/app/extensions/node_modules/typescript/lib/tsserver.js:125824:33)
    at IOSession.Session.onMessage (/opt/visual-studio-code/resources/app/extensions/node_modules/typescript/lib/tsserver.js:125846:35)
    at Interface.<anonymous> (/opt/visual-studio-code/resources/app/extensions/node_modules/typescript/lib/tsserver.js:127106:27)
    at emitOne (events.js:116:13)
    at Interface.emit (events.js:211:7)
    at Interface._onLine (readline.js:282:10)
    at Interface._normalWrite (readline.js:424:12)
    at Socket.ondata (readline.js:141:10)
    at emitOne (events.js:116:13)
    at Socket.emit (events.js:211:7)
    at addChunk (_stream_readable.js:263:12)
    at readableAddChunk (_stream_readable.js:250:11)
    at Socket.Readable.push (_stream_readable.js:208:10)
    at Pipe.onread (net.js:594:20)
[Error  - 9:49:28 PM] 'references' request failed with error.
Error processing request. Debug Failure. False expression.
Error: Debug Failure. False expression.
    at Object.first (/opt/visual-studio-code/resources/app/extensions/node_modules/typescript/lib/tsserver.js:1015:15)
    at /opt/visual-studio-code/resources/app/extensions/node_modules/typescript/lib/tsserver.js:98842:89
    at definitionToReferencedSymbolDefinitionInfo (/opt/visual-studio-code/resources/app/extensions/node_modules/typescript/lib/tsserver.js:98866:15)
    at /opt/visual-studio-code/resources/app/extensions/node_modules/typescript/lib/tsserver.js:98786:113
    at Object.runWithCancellationToken (/opt/visual-studio-code/resources/app/extensions/node_modules/typescript/lib/tsserver.js:31045:28)
    at /opt/visual-studio-code/resources/app/extensions/node_modules/typescript/lib/tsserver.js:98786:41
    at Object.mapDefined (/opt/visual-studio-code/resources/app/extensions/node_modules/typescript/lib/tsserver.js:601:30)
    at Object.findReferencedSymbols (/opt/visual-studio-code/resources/app/extensions/node_modules/typescript/lib/tsserver.js:98782:85)
    at Object.findReferences (/opt/visual-studio-code/resources/app/extensions/node_modules/typescript/lib/tsserver.js:117557:41)
    at /opt/visual-studio-code/resources/app/extensions/node_modules/typescript/lib/tsserver.js:124107:68
    at callbackProjectAndLocation (/opt/visual-studio-code/resources/app/extensions/node_modules/typescript/lib/tsserver.js:124160:13)
    at /opt/visual-studio-code/resources/app/extensions/node_modules/typescript/lib/tsserver.js:124134:24
    at forEachProjectInProjects (/opt/visual-studio-code/resources/app/extensions/node_modules/typescript/lib/tsserver.js:124117:17)
    at combineProjectOutputWorker (/opt/visual-studio-code/resources/app/extensions/node_modules/typescript/lib/tsserver.js:124132:13)
    at combineProjectOutputForReferences (/opt/visual-studio-code/resources/app/extensions/node_modules/typescript/lib/tsserver.js:124090:13)
    at IOSession.Session.getReferences (/opt/visual-studio-code/resources/app/extensions/node_modules/typescript/lib/tsserver.js:125124:34)
    at Session.handlers.ts.createMapFromTemplate._a.(anonymous function) (/opt/visual-studio-code/resources/app/extensions/node_modules/typescript/lib/tsserver.js:124270:61)
    at /opt/visual-studio-code/resources/app/extensions/node_modules/typescript/lib/tsserver.js:125824:88
    at IOSession.Session.executeWithRequestId (/opt/visual-studio-code/resources/app/extensions/node_modules/typescript/lib/tsserver.js:125815:28)
    at IOSession.Session.executeCommand (/opt/visual-studio-code/resources/app/extensions/node_modules/typescript/lib/tsserver.js:125824:33)
    at IOSession.Session.onMessage (/opt/visual-studio-code/resources/app/extensions/node_modules/typescript/lib/tsserver.js:125846:35)
    at Interface.<anonymous> (/opt/visual-studio-code/resources/app/extensions/node_modules/typescript/lib/tsserver.js:127106:27)
    at emitOne (events.js:116:13)
    at Interface.emit (events.js:211:7)
    at Interface._onLine (readline.js:282:10)
    at Interface._normalWrite (readline.js:424:12)
    at Socket.ondata (readline.js:141:10)
    at emitOne (events.js:116:13)
    at Socket.emit (events.js:211:7)
    at addChunk (_stream_readable.js:263:12)
    at readableAddChunk (_stream_readable.js:250:11)
    at Socket.Readable.push (_stream_readable.js:208:10)
    at Pipe.onread (net.js:594:20)
[Error  - 10:26:49 PM] 'references' request failed with error.
Error processing request. Debug Failure. False expression.
Error: Debug Failure. False expression.
    at Object.first (/opt/visual-studio-code/resources/app/extensions/node_modules/typescript/lib/tsserver.js:1015:15)
    at /opt/visual-studio-code/resources/app/extensions/node_modules/typescript/lib/tsserver.js:98842:89
    at definitionToReferencedSymbolDefinitionInfo (/opt/visual-studio-code/resources/app/extensions/node_modules/typescript/lib/tsserver.js:98866:15)
    at /opt/visual-studio-code/resources/app/extensions/node_modules/typescript/lib/tsserver.js:98786:113
    at Object.runWithCancellationToken (/opt/visual-studio-code/resources/app/extensions/node_modules/typescript/lib/tsserver.js:31045:28)
    at /opt/visual-studio-code/resources/app/extensions/node_modules/typescript/lib/tsserver.js:98786:41
    at Object.mapDefined (/opt/visual-studio-code/resources/app/extensions/node_modules/typescript/lib/tsserver.js:601:30)
    at Object.findReferencedSymbols (/opt/visual-studio-code/resources/app/extensions/node_modules/typescript/lib/tsserver.js:98782:85)
    at Object.findReferences (/opt/visual-studio-code/resources/app/extensions/node_modules/typescript/lib/tsserver.js:117557:41)
    at /opt/visual-studio-code/resources/app/extensions/node_modules/typescript/lib/tsserver.js:124107:68
    at callbackProjectAndLocation (/opt/visual-studio-code/resources/app/extensions/node_modules/typescript/lib/tsserver.js:124160:13)
    at /opt/visual-studio-code/resources/app/extensions/node_modules/typescript/lib/tsserver.js:124134:24
    at forEachProjectInProjects (/opt/visual-studio-code/resources/app/extensions/node_modules/typescript/lib/tsserver.js:124117:17)
    at combineProjectOutputWorker (/opt/visual-studio-code/resources/app/extensions/node_modules/typescript/lib/tsserver.js:124132:13)
    at combineProjectOutputForReferences (/opt/visual-studio-code/resources/app/extensions/node_modules/typescript/lib/tsserver.js:124090:13)
    at IOSession.Session.getReferences (/opt/visual-studio-code/resources/app/extensions/node_modules/typescript/lib/tsserver.js:125124:34)
    at Session.handlers.ts.createMapFromTemplate._a.(anonymous function) (/opt/visual-studio-code/resources/app/extensions/node_modules/typescript/lib/tsserver.js:124270:61)
    at /opt/visual-studio-code/resources/app/extensions/node_modules/typescript/lib/tsserver.js:125824:88
    at IOSession.Session.executeWithRequestId (/opt/visual-studio-code/resources/app/extensions/node_modules/typescript/lib/tsserver.js:125815:28)
    at IOSession.Session.executeCommand (/opt/visual-studio-code/resources/app/extensions/node_modules/typescript/lib/tsserver.js:125824:33)
    at IOSession.Session.onMessage (/opt/visual-studio-code/resources/app/extensions/node_modules/typescript/lib/tsserver.js:125846:35)
    at Interface.<anonymous> (/opt/visual-studio-code/resources/app/extensions/node_modules/typescript/lib/tsserver.js:127106:27)
    at emitOne (events.js:116:13)
    at Interface.emit (events.js:211:7)
    at Interface._onLine (readline.js:282:10)
    at Interface._normalWrite (readline.js:424:12)
    at Socket.ondata (readline.js:141:10)
    at emitOne (events.js:116:13)
    at Socket.emit (events.js:211:7)
    at addChunk (_stream_readable.js:263:12)
    at readableAddChunk (_stream_readable.js:250:11)
    at Socket.Readable.push (_stream_readable.js:208:10)
    at Pipe.onread (net.js:594:20)
[Error  - 10:55:02 PM] 'signatureHelp' request failed with error.
Error processing request. Cannot read property 'pos' of undefined
TypeError: Cannot read property 'pos' of undefined
    at Object.rangeContainsRange (/opt/visual-studio-code/resources/app/extensions/node_modules/typescript/lib/tsserver.js:92876:41)
    at _loop_6 (/opt/visual-studio-code/resources/app/extensions/node_modules/typescript/lib/tsserver.js:103739:36)
    at getContainingArgumentInfo (/opt/visual-studio-code/resources/app/extensions/node_modules/typescript/lib/tsserver.js:103746:31)
    at Object.getSignatureHelpItems (/opt/visual-studio-code/resources/app/extensions/node_modules/typescript/lib/tsserver.js:103361:32)
    at Object.getSignatureHelpItems (/opt/visual-studio-code/resources/app/extensions/node_modules/typescript/lib/tsserver.js:117580:37)
    at IOSession.Session.getSignatureHelpItems (/opt/visual-studio-code/resources/app/extensions/node_modules/typescript/lib/tsserver.js:125403:62)
    at Session.handlers.ts.createMapFromTemplate._a.(anonymous function) (/opt/visual-studio-code/resources/app/extensions/node_modules/typescript/lib/tsserver.js:124358:61)
    at /opt/visual-studio-code/resources/app/extensions/node_modules/typescript/lib/tsserver.js:125824:88
    at IOSession.Session.executeWithRequestId (/opt/visual-studio-code/resources/app/extensions/node_modules/typescript/lib/tsserver.js:125815:28)
    at IOSession.Session.executeCommand (/opt/visual-studio-code/resources/app/extensions/node_modules/typescript/lib/tsserver.js:125824:33)
    at IOSession.Session.onMessage (/opt/visual-studio-code/resources/app/extensions/node_modules/typescript/lib/tsserver.js:125846:35)
    at Interface.<anonymous> (/opt/visual-studio-code/resources/app/extensions/node_modules/typescript/lib/tsserver.js:127106:27)
    at emitOne (events.js:116:13)
    at Interface.emit (events.js:211:7)
    at Interface._onLine (readline.js:282:10)
    at Interface._normalWrite (readline.js:424:12)
    at Socket.ondata (readline.js:141:10)
    at emitOne (events.js:116:13)
    at Socket.emit (events.js:211:7)
    at addChunk (_stream_readable.js:263:12)
    at readableAddChunk (_stream_readable.js:250:11)
    at Socket.Readable.push (_stream_readable.js:208:10)
    at Pipe.onread (net.js:594:20)
[Error  - 10:55:03 PM] 'signatureHelp' request failed with error.
Error processing request. Cannot read property 'pos' of undefined
TypeError: Cannot read property 'pos' of undefined
    at Object.rangeContainsRange (/opt/visual-studio-code/resources/app/extensions/node_modules/typescript/lib/tsserver.js:92876:41)
    at _loop_6 (/opt/visual-studio-code/resources/app/extensions/node_modules/typescript/lib/tsserver.js:103739:36)
    at getContainingArgumentInfo (/opt/visual-studio-code/resources/app/extensions/node_modules/typescript/lib/tsserver.js:103746:31)
    at Object.getSignatureHelpItems (/opt/visual-studio-code/resources/app/extensions/node_modules/typescript/lib/tsserver.js:103361:32)
    at Object.getSignatureHelpItems (/opt/visual-studio-code/resources/app/extensions/node_modules/typescript/lib/tsserver.js:117580:37)
    at IOSession.Session.getSignatureHelpItems (/opt/visual-studio-code/resources/app/extensions/node_modules/typescript/lib/tsserver.js:125403:62)
    at Session.handlers.ts.createMapFromTemplate._a.(anonymous function) (/opt/visual-studio-code/resources/app/extensions/node_modules/typescript/lib/tsserver.js:124358:61)
    at /opt/visual-studio-code/resources/app/extensions/node_modules/typescript/lib/tsserver.js:125824:88
    at IOSession.Session.executeWithRequestId (/opt/visual-studio-code/resources/app/extensions/node_modules/typescript/lib/tsserver.js:125815:28)
    at IOSession.Session.executeCommand (/opt/visual-studio-code/resources/app/extensions/node_modules/typescript/lib/tsserver.js:125824:33)
    at IOSession.Session.onMessage (/opt/visual-studio-code/resources/app/extensions/node_modules/typescript/lib/tsserver.js:125846:35)
    at Interface.<anonymous> (/opt/visual-studio-code/resources/app/extensions/node_modules/typescript/lib/tsserver.js:127106:27)
    at emitOne (events.js:116:13)
    at Interface.emit (events.js:211:7)
    at Interface._onLine (readline.js:282:10)
    at Interface._normalWrite (readline.js:424:12)
    at Socket.ondata (readline.js:141:10)
    at emitOne (events.js:116:13)
    at Socket.emit (events.js:211:7)
    at addChunk (_stream_readable.js:263:12)
    at readableAddChunk (_stream_readable.js:250:11)
    at Socket.Readable.push (_stream_readable.js:208:10)
    at Pipe.onread (net.js:594:20)
[Info  - 2:49:36 PM] TSServer exited
