[2018-11-04 12:01:40.514] [exthost] [info] extension host started
[2018-11-04 12:01:40.555] [exthost] [info] ExtensionService#_doActivateExtension vscode.debug-auto-launch {"startup":true,"activationEvent":"*"}
[2018-11-04 12:01:40.555] [exthost] [info] ExtensionService#loadCommonJSModule /opt/visual-studio-code/resources/app/extensions/debug-auto-launch/dist/extension
[2018-11-04 12:01:40.568] [exthost] [info] ExtensionService#_doActivateExtension vscode.emmet {"startup":true,"activationEvent":"*"}
[2018-11-04 12:01:40.568] [exthost] [info] ExtensionService#loadCommonJSModule /opt/visual-studio-code/resources/app/extensions/emmet/dist/extension
[2018-11-04 12:01:40.630] [exthost] [info] ExtensionService#_doActivateExtension vscode.git {"startup":true,"activationEvent":"*"}
[2018-11-04 12:01:40.630] [exthost] [info] ExtensionService#loadCommonJSModule /opt/visual-studio-code/resources/app/extensions/git/dist/main
[2018-11-04 12:01:40.818] [exthost] [info] ExtensionService#_doActivateExtension vscode.merge-conflict {"startup":true,"activationEvent":"*"}
[2018-11-04 12:01:40.818] [exthost] [info] ExtensionService#loadCommonJSModule /opt/visual-studio-code/resources/app/extensions/merge-conflict/dist/extension
[2018-11-04 12:01:40.826] [exthost] [info] ExtensionService#_doActivateExtension vscode.search-rg {"startup":true,"activationEvent":"*"}
[2018-11-04 12:01:40.826] [exthost] [info] ExtensionService#loadCommonJSModule /opt/visual-studio-code/resources/app/extensions/search-rg/dist/extension
[2018-11-04 12:01:40.833] [exthost] [info] ExtensionService#_doActivateExtension CoenraadS.bracket-pair-colorizer {"startup":true,"activationEvent":"*"}
[2018-11-04 12:01:40.833] [exthost] [info] ExtensionService#loadCommonJSModule /home/lvzbel/.vscode/extensions/coenraads.bracket-pair-colorizer-1.0.60/out/src/extension
[2018-11-04 12:01:40.845] [exthost] [info] ExtensionService#_doActivateExtension esbenp.prettier-vscode {"startup":true,"activationEvent":"*"}
[2018-11-04 12:01:40.846] [exthost] [info] ExtensionService#loadCommonJSModule /home/lvzbel/.vscode/extensions/esbenp.prettier-vscode-1.6.1/out/src/extension
[2018-11-04 12:01:41.027] [exthost] [info] ExtensionService#_doActivateExtension lihui.vs-color-picker {"startup":true,"activationEvent":"*"}
[2018-11-04 12:01:41.027] [exthost] [info] ExtensionService#loadCommonJSModule /home/lvzbel/.vscode/extensions/lihui.vs-color-picker-0.7.0/out/src/extension
[2018-11-04 12:01:41.028] [exthost] [info] ExtensionService#_doActivateExtension naumovs.color-highlight {"startup":true,"activationEvent":"*"}
[2018-11-04 12:01:41.028] [exthost] [info] ExtensionService#loadCommonJSModule /home/lvzbel/.vscode/extensions/naumovs.color-highlight-2.3.0/dist/extension
[2018-11-04 12:01:41.067] [exthost] [info] ExtensionService#_doActivateExtension PKief.material-icon-theme {"startup":true,"activationEvent":"*"}
[2018-11-04 12:01:41.067] [exthost] [info] ExtensionService#loadCommonJSModule /home/lvzbel/.vscode/extensions/pkief.material-icon-theme-3.6.0/out/src/extension
[2018-11-04 12:01:41.112] [exthost] [info] ExtensionService#_doActivateExtension ritwickdey.LiveServer {"startup":true,"activationEvent":"*"}
[2018-11-04 12:01:41.112] [exthost] [info] ExtensionService#loadCommonJSModule /home/lvzbel/.vscode/extensions/ritwickdey.liveserver-5.1.1/out/src/extension
[2018-11-04 12:01:41.432] [exthost] [info] eager extensions activated
[2018-11-04 12:01:41.446] [exthost] [info] ExtensionService#_doActivateExtension vscode.html-language-features {"startup":false,"activationEvent":"onLanguage:html"}
[2018-11-04 12:01:41.446] [exthost] [info] ExtensionService#loadCommonJSModule /opt/visual-studio-code/resources/app/extensions/html-language-features/client/dist/htmlMain
[2018-11-04 12:01:41.542] [exthost] [info] ExtensionService#_doActivateExtension vscode.configuration-editing {"startup":false,"activationEvent":"onLanguage:json"}
[2018-11-04 12:01:41.542] [exthost] [info] ExtensionService#loadCommonJSModule /opt/visual-studio-code/resources/app/extensions/configuration-editing/dist/extension
[2018-11-04 12:01:41.554] [exthost] [info] ExtensionService#_doActivateExtension vscode.extension-editing {"startup":false,"activationEvent":"onLanguage:json"}
[2018-11-04 12:01:41.554] [exthost] [info] ExtensionService#loadCommonJSModule /opt/visual-studio-code/resources/app/extensions/extension-editing/dist/extension
[2018-11-04 12:01:41.619] [exthost] [info] ExtensionService#_doActivateExtension vscode.json-language-features {"startup":false,"activationEvent":"onLanguage:json"}
[2018-11-04 12:01:41.620] [exthost] [info] ExtensionService#loadCommonJSModule /opt/visual-studio-code/resources/app/extensions/json-language-features/client/dist/jsonMain
[2018-11-04 12:01:41.707] [exthost] [info] ExtensionService#_doActivateExtension vscode.npm {"startup":false,"activationEvent":"onLanguage:json"}
[2018-11-04 12:01:41.707] [exthost] [info] ExtensionService#loadCommonJSModule /opt/visual-studio-code/resources/app/extensions/npm/dist/main
[2018-11-04 12:01:44.693] [exthost] [info] ExtensionService#_doActivateExtension vscode.typescript-language-features {"startup":false,"activationEvent":"onLanguage:jsonc"}
[2018-11-04 12:01:44.693] [exthost] [info] ExtensionService#loadCommonJSModule /opt/visual-studio-code/resources/app/extensions/typescript-language-features/dist/extension
[2018-11-04 12:02:01.900] [exthost] [info] extension host started
[2018-11-04 12:02:01.925] [exthost] [info] ExtensionService#_doActivateExtension vscode.debug-auto-launch {"startup":true,"activationEvent":"*"}
[2018-11-04 12:02:01.925] [exthost] [info] ExtensionService#loadCommonJSModule /opt/visual-studio-code/resources/app/extensions/debug-auto-launch/dist/extension
[2018-11-04 12:02:01.932] [exthost] [info] ExtensionService#_doActivateExtension vscode.emmet {"startup":true,"activationEvent":"*"}
[2018-11-04 12:02:01.933] [exthost] [info] ExtensionService#loadCommonJSModule /opt/visual-studio-code/resources/app/extensions/emmet/dist/extension
[2018-11-04 12:02:01.994] [exthost] [info] ExtensionService#_doActivateExtension vscode.git {"startup":true,"activationEvent":"*"}
[2018-11-04 12:02:01.994] [exthost] [info] ExtensionService#loadCommonJSModule /opt/visual-studio-code/resources/app/extensions/git/dist/main
[2018-11-04 12:02:02.144] [exthost] [info] ExtensionService#_doActivateExtension vscode.merge-conflict {"startup":true,"activationEvent":"*"}
[2018-11-04 12:02:02.144] [exthost] [info] ExtensionService#loadCommonJSModule /opt/visual-studio-code/resources/app/extensions/merge-conflict/dist/extension
[2018-11-04 12:02:02.151] [exthost] [info] ExtensionService#_doActivateExtension vscode.search-rg {"startup":true,"activationEvent":"*"}
[2018-11-04 12:02:02.151] [exthost] [info] ExtensionService#loadCommonJSModule /opt/visual-studio-code/resources/app/extensions/search-rg/dist/extension
[2018-11-04 12:02:02.157] [exthost] [info] ExtensionService#_doActivateExtension CoenraadS.bracket-pair-colorizer {"startup":true,"activationEvent":"*"}
[2018-11-04 12:02:02.157] [exthost] [info] ExtensionService#loadCommonJSModule /home/lvzbel/.vscode/extensions/coenraads.bracket-pair-colorizer-1.0.60/out/src/extension
[2018-11-04 12:02:02.168] [exthost] [info] ExtensionService#_doActivateExtension esbenp.prettier-vscode {"startup":true,"activationEvent":"*"}
[2018-11-04 12:02:02.168] [exthost] [info] ExtensionService#loadCommonJSModule /home/lvzbel/.vscode/extensions/esbenp.prettier-vscode-1.6.1/out/src/extension
[2018-11-04 12:02:02.336] [exthost] [info] ExtensionService#_doActivateExtension lihui.vs-color-picker {"startup":true,"activationEvent":"*"}
[2018-11-04 12:02:02.336] [exthost] [info] ExtensionService#loadCommonJSModule /home/lvzbel/.vscode/extensions/lihui.vs-color-picker-0.7.0/out/src/extension
[2018-11-04 12:02:02.337] [exthost] [info] ExtensionService#_doActivateExtension naumovs.color-highlight {"startup":true,"activationEvent":"*"}
[2018-11-04 12:02:02.337] [exthost] [info] ExtensionService#loadCommonJSModule /home/lvzbel/.vscode/extensions/naumovs.color-highlight-2.3.0/dist/extension
[2018-11-04 12:02:02.372] [exthost] [info] ExtensionService#_doActivateExtension PKief.material-icon-theme {"startup":true,"activationEvent":"*"}
[2018-11-04 12:02:02.372] [exthost] [info] ExtensionService#loadCommonJSModule /home/lvzbel/.vscode/extensions/pkief.material-icon-theme-3.6.0/out/src/extension
[2018-11-04 12:02:02.407] [exthost] [info] ExtensionService#_doActivateExtension ritwickdey.LiveServer {"startup":true,"activationEvent":"*"}
[2018-11-04 12:02:02.407] [exthost] [info] ExtensionService#loadCommonJSModule /home/lvzbel/.vscode/extensions/ritwickdey.liveserver-5.1.1/out/src/extension
[2018-11-04 12:02:02.623] [exthost] [info] eager extensions activated
[2018-11-04 12:04:28.846] [exthost] [info] ExtensionService#_doActivateExtension vscode.html-language-features {"startup":false,"activationEvent":"onLanguage:html"}
[2018-11-04 12:04:28.846] [exthost] [info] ExtensionService#loadCommonJSModule /opt/visual-studio-code/resources/app/extensions/html-language-features/client/dist/htmlMain
[2018-11-04 12:07:45.706] [exthost] [info] ExtensionService#_doActivateExtension vscode.css-language-features {"startup":false,"activationEvent":"onLanguage:scss"}
[2018-11-04 12:07:45.706] [exthost] [info] ExtensionService#loadCommonJSModule /opt/visual-studio-code/resources/app/extensions/css-language-features/client/dist/cssMain
[2018-11-04 12:43:05.214] [exthost] [info] ExtensionService#_doActivateExtension vscode.typescript-language-features {"startup":false,"activationEvent":"onLanguage:javascript"}
[2018-11-04 12:43:05.214] [exthost] [info] ExtensionService#loadCommonJSModule /opt/visual-studio-code/resources/app/extensions/typescript-language-features/dist/extension
