[Info  - 1:12:19 PM] Using tsserver from: /opt/visual-studio-code/resources/app/extensions/node_modules/typescript/lib
[Info  - 1:12:19 PM] Forking TSServer
[Info  - 1:12:19 PM] Started TSServer
[Error  - 2:45:48 PM] 'signatureHelp' request failed with error.
Error processing request. Debug Failure.
Error: Debug Failure.
    at Object.assertDefined (/opt/visual-studio-code/resources/app/extensions/node_modules/typescript/lib/tsserver.js:1446:24)
    at containsPrecedingToken (/opt/visual-studio-code/resources/app/extensions/node_modules/typescript/lib/tsserver.js:101251:43)
    at isSyntacticOwner (/opt/visual-studio-code/resources/app/extensions/node_modules/typescript/lib/tsserver.js:101228:28)
    at getCandidateOrTypeInfo (/opt/visual-studio-code/resources/app/extensions/node_modules/typescript/lib/tsserver.js:101192:52)
    at Object.getSignatureHelpItems (/opt/visual-studio-code/resources/app/extensions/node_modules/typescript/lib/tsserver.js:101169:33)
    at Object.getSignatureHelpItems (/opt/visual-studio-code/resources/app/extensions/node_modules/typescript/lib/tsserver.js:114968:37)
    at IOSession.Session.getSignatureHelpItems (/opt/visual-studio-code/resources/app/extensions/node_modules/typescript/lib/tsserver.js:122675:62)
    at Session.handlers.ts.createMapFromTemplate._a.(anonymous function) (/opt/visual-studio-code/resources/app/extensions/node_modules/typescript/lib/tsserver.js:121686:61)
    at /opt/visual-studio-code/resources/app/extensions/node_modules/typescript/lib/tsserver.js:123086:88
    at IOSession.Session.executeWithRequestId (/opt/visual-studio-code/resources/app/extensions/node_modules/typescript/lib/tsserver.js:123077:28)
    at IOSession.Session.executeCommand (/opt/visual-studio-code/resources/app/extensions/node_modules/typescript/lib/tsserver.js:123086:33)
    at IOSession.Session.onMessage (/opt/visual-studio-code/resources/app/extensions/node_modules/typescript/lib/tsserver.js:123106:35)
    at Interface.<anonymous> (/opt/visual-studio-code/resources/app/extensions/node_modules/typescript/lib/tsserver.js:124369:27)
    at emitOne (events.js:116:13)
    at Interface.emit (events.js:211:7)
    at Interface._onLine (readline.js:282:10)
    at Interface._normalWrite (readline.js:424:12)
    at Socket.ondata (readline.js:141:10)
    at emitOne (events.js:116:13)
    at Socket.emit (events.js:211:7)
    at addChunk (_stream_readable.js:263:12)
    at readableAddChunk (_stream_readable.js:250:11)
    at Socket.Readable.push (_stream_readable.js:208:10)
    at Pipe.onread (net.js:594:20)
[Error  - 3:13:25 PM] 'signatureHelp' request failed with error.
Error processing request. Debug Failure.
Error: Debug Failure.
    at Object.assertDefined (/opt/visual-studio-code/resources/app/extensions/node_modules/typescript/lib/tsserver.js:1446:24)
    at containsPrecedingToken (/opt/visual-studio-code/resources/app/extensions/node_modules/typescript/lib/tsserver.js:101251:43)
    at isSyntacticOwner (/opt/visual-studio-code/resources/app/extensions/node_modules/typescript/lib/tsserver.js:101228:28)
    at getCandidateOrTypeInfo (/opt/visual-studio-code/resources/app/extensions/node_modules/typescript/lib/tsserver.js:101192:52)
    at Object.getSignatureHelpItems (/opt/visual-studio-code/resources/app/extensions/node_modules/typescript/lib/tsserver.js:101169:33)
    at Object.getSignatureHelpItems (/opt/visual-studio-code/resources/app/extensions/node_modules/typescript/lib/tsserver.js:114968:37)
    at IOSession.Session.getSignatureHelpItems (/opt/visual-studio-code/resources/app/extensions/node_modules/typescript/lib/tsserver.js:122675:62)
    at Session.handlers.ts.createMapFromTemplate._a.(anonymous function) (/opt/visual-studio-code/resources/app/extensions/node_modules/typescript/lib/tsserver.js:121686:61)
    at /opt/visual-studio-code/resources/app/extensions/node_modules/typescript/lib/tsserver.js:123086:88
    at IOSession.Session.executeWithRequestId (/opt/visual-studio-code/resources/app/extensions/node_modules/typescript/lib/tsserver.js:123077:28)
    at IOSession.Session.executeCommand (/opt/visual-studio-code/resources/app/extensions/node_modules/typescript/lib/tsserver.js:123086:33)
    at IOSession.Session.onMessage (/opt/visual-studio-code/resources/app/extensions/node_modules/typescript/lib/tsserver.js:123106:35)
    at Interface.<anonymous> (/opt/visual-studio-code/resources/app/extensions/node_modules/typescript/lib/tsserver.js:124369:27)
    at emitOne (events.js:116:13)
    at Interface.emit (events.js:211:7)
    at Interface._onLine (readline.js:282:10)
    at Interface._normalWrite (readline.js:424:12)
    at Socket.ondata (readline.js:141:10)
    at emitOne (events.js:116:13)
    at Socket.emit (events.js:211:7)
    at addChunk (_stream_readable.js:263:12)
    at readableAddChunk (_stream_readable.js:250:11)
    at Socket.Readable.push (_stream_readable.js:208:10)
    at Pipe.onread (net.js:594:20)
[Error  - 9:46:46 PM] 'signatureHelp' request failed with error.
Error processing request. Debug Failure.
Error: Debug Failure.
    at Object.assertDefined (/opt/visual-studio-code/resources/app/extensions/node_modules/typescript/lib/tsserver.js:1446:24)
    at containsPrecedingToken (/opt/visual-studio-code/resources/app/extensions/node_modules/typescript/lib/tsserver.js:101251:43)
    at isSyntacticOwner (/opt/visual-studio-code/resources/app/extensions/node_modules/typescript/lib/tsserver.js:101228:28)
    at getCandidateOrTypeInfo (/opt/visual-studio-code/resources/app/extensions/node_modules/typescript/lib/tsserver.js:101192:52)
    at Object.getSignatureHelpItems (/opt/visual-studio-code/resources/app/extensions/node_modules/typescript/lib/tsserver.js:101169:33)
    at Object.getSignatureHelpItems (/opt/visual-studio-code/resources/app/extensions/node_modules/typescript/lib/tsserver.js:114968:37)
    at IOSession.Session.getSignatureHelpItems (/opt/visual-studio-code/resources/app/extensions/node_modules/typescript/lib/tsserver.js:122675:62)
    at Session.handlers.ts.createMapFromTemplate._a.(anonymous function) (/opt/visual-studio-code/resources/app/extensions/node_modules/typescript/lib/tsserver.js:121686:61)
    at /opt/visual-studio-code/resources/app/extensions/node_modules/typescript/lib/tsserver.js:123086:88
    at IOSession.Session.executeWithRequestId (/opt/visual-studio-code/resources/app/extensions/node_modules/typescript/lib/tsserver.js:123077:28)
    at IOSession.Session.executeCommand (/opt/visual-studio-code/resources/app/extensions/node_modules/typescript/lib/tsserver.js:123086:33)
    at IOSession.Session.onMessage (/opt/visual-studio-code/resources/app/extensions/node_modules/typescript/lib/tsserver.js:123106:35)
    at Interface.<anonymous> (/opt/visual-studio-code/resources/app/extensions/node_modules/typescript/lib/tsserver.js:124369:27)
    at emitOne (events.js:116:13)
    at Interface.emit (events.js:211:7)
    at Interface._onLine (readline.js:282:10)
    at Interface._normalWrite (readline.js:424:12)
    at Socket.ondata (readline.js:141:10)
    at emitOne (events.js:116:13)
    at Socket.emit (events.js:211:7)
    at addChunk (_stream_readable.js:263:12)
    at readableAddChunk (_stream_readable.js:250:11)
    at Socket.Readable.push (_stream_readable.js:208:10)
    at Pipe.onread (net.js:594:20)
[Error  - 12:10:09 PM] 'completionInfo' request failed with error.
Error processing request. Debug Failure. Did not expect JsxExpression to have an Identifier in its trivia
Error: Debug Failure. Did not expect JsxExpression to have an Identifier in its trivia
    at addSyntheticNodes (/opt/visual-studio-code/resources/app/extensions/node_modules/typescript/lib/tsserver.js:113841:30)
    at createChildren (/opt/visual-studio-code/resources/app/extensions/node_modules/typescript/lib/tsserver.js:113830:9)
    at NodeObject.getChildren (/opt/visual-studio-code/resources/app/extensions/node_modules/typescript/lib/tsserver.js:113774:56)
    at findRightmostToken (/opt/visual-studio-code/resources/app/extensions/node_modules/typescript/lib/tsserver.js:91168:26)
    at find (/opt/visual-studio-code/resources/app/extensions/node_modules/typescript/lib/tsserver.js:91143:47)
    at find (/opt/visual-studio-code/resources/app/extensions/node_modules/typescript/lib/tsserver.js:91147:32)
    at find (/opt/visual-studio-code/resources/app/extensions/node_modules/typescript/lib/tsserver.js:91147:32)
    at find (/opt/visual-studio-code/resources/app/extensions/node_modules/typescript/lib/tsserver.js:91147:32)
    at find (/opt/visual-studio-code/resources/app/extensions/node_modules/typescript/lib/tsserver.js:91147:32)
    at find (/opt/visual-studio-code/resources/app/extensions/node_modules/typescript/lib/tsserver.js:91147:32)
    at find (/opt/visual-studio-code/resources/app/extensions/node_modules/typescript/lib/tsserver.js:91147:32)
    at find (/opt/visual-studio-code/resources/app/extensions/node_modules/typescript/lib/tsserver.js:91147:32)
    at find (/opt/visual-studio-code/resources/app/extensions/node_modules/typescript/lib/tsserver.js:91147:32)
    at find (/opt/visual-studio-code/resources/app/extensions/node_modules/typescript/lib/tsserver.js:91147:32)
    at find (/opt/visual-studio-code/resources/app/extensions/node_modules/typescript/lib/tsserver.js:91147:32)
    at find (/opt/visual-studio-code/resources/app/extensions/node_modules/typescript/lib/tsserver.js:91147:32)
    at find (/opt/visual-studio-code/resources/app/extensions/node_modules/typescript/lib/tsserver.js:91147:32)
    at Object.findPrecedingToken (/opt/visual-studio-code/resources/app/extensions/node_modules/typescript/lib/tsserver.js:91120:22)
    at Object.getCompletionsAtPosition (/opt/visual-studio-code/resources/app/extensions/node_modules/typescript/lib/tsserver.js:93548:35)
    at Object.getCompletionsAtPosition (/opt/visual-studio-code/resources/app/extensions/node_modules/typescript/lib/tsserver.js:114818:35)
    at IOSession.Session.getCompletions (/opt/visual-studio-code/resources/app/extensions/node_modules/typescript/lib/tsserver.js:122608:64)
    at Session.handlers.ts.createMapFromTemplate._a.(anonymous function) (/opt/visual-studio-code/resources/app/extensions/node_modules/typescript/lib/tsserver.js:121665:61)
    at /opt/visual-studio-code/resources/app/extensions/node_modules/typescript/lib/tsserver.js:123086:88
    at IOSession.Session.executeWithRequestId (/opt/visual-studio-code/resources/app/extensions/node_modules/typescript/lib/tsserver.js:123077:28)
    at IOSession.Session.executeCommand (/opt/visual-studio-code/resources/app/extensions/node_modules/typescript/lib/tsserver.js:123086:33)
    at IOSession.Session.onMessage (/opt/visual-studio-code/resources/app/extensions/node_modules/typescript/lib/tsserver.js:123106:35)
    at Interface.<anonymous> (/opt/visual-studio-code/resources/app/extensions/node_modules/typescript/lib/tsserver.js:124369:27)
    at emitOne (events.js:116:13)
    at Interface.emit (events.js:211:7)
    at Interface._onLine (readline.js:282:10)
    at Interface._normalWrite (readline.js:424:12)
    at Socket.ondata (readline.js:141:10)
    at emitOne (events.js:116:13)
    at Socket.emit (events.js:211:7)
    at addChunk (_stream_readable.js:263:12)
    at readableAddChunk (_stream_readable.js:250:11)
    at Socket.Readable.push (_stream_readable.js:208:10)
    at Pipe.onread (net.js:594:20)
[Error  - 12:10:20 PM] 'getApplicableRefactors' request failed with error.
Error processing request. Debug Failure. Did not expect JsxExpression to have an Identifier in its trivia
Error: Debug Failure. Did not expect JsxExpression to have an Identifier in its trivia
    at addSyntheticNodes (/opt/visual-studio-code/resources/app/extensions/node_modules/typescript/lib/tsserver.js:113841:30)
    at createChildren (/opt/visual-studio-code/resources/app/extensions/node_modules/typescript/lib/tsserver.js:113830:9)
    at NodeObject.getChildren (/opt/visual-studio-code/resources/app/extensions/node_modules/typescript/lib/tsserver.js:113774:56)
    at getTokenAtPositionWorker (/opt/visual-studio-code/resources/app/extensions/node_modules/typescript/lib/tsserver.js:91057:43)
    at Object.getTokenAtPosition (/opt/visual-studio-code/resources/app/extensions/node_modules/typescript/lib/tsserver.js:91049:16)
    at getInfo (/opt/visual-studio-code/resources/app/extensions/node_modules/typescript/lib/tsserver.js:110966:28)
    at Object.getAvailableActions (/opt/visual-studio-code/resources/app/extensions/node_modules/typescript/lib/tsserver.js:110950:28)
    at /opt/visual-studio-code/resources/app/extensions/node_modules/typescript/lib/tsserver.js:106449:128
    at getIterator (/opt/visual-studio-code/resources/app/extensions/node_modules/typescript/lib/tsserver.js:535:23)
    at Object.flatMapIterator (/opt/visual-studio-code/resources/app/extensions/node_modules/typescript/lib/tsserver.js:518:27)
    at Object.getApplicableRefactors (/opt/visual-studio-code/resources/app/extensions/node_modules/typescript/lib/tsserver.js:106448:36)
    at Object.getApplicableRefactors (/opt/visual-studio-code/resources/app/extensions/node_modules/typescript/lib/tsserver.js:115373:32)
    at IOSession.Session.getApplicableRefactors (/opt/visual-studio-code/resources/app/extensions/node_modules/typescript/lib/tsserver.js:122878:53)
    at Session.handlers.ts.createMapFromTemplate._a.(anonymous function) (/opt/visual-studio-code/resources/app/extensions/node_modules/typescript/lib/tsserver.js:121807:61)
    at /opt/visual-studio-code/resources/app/extensions/node_modules/typescript/lib/tsserver.js:123086:88
    at IOSession.Session.executeWithRequestId (/opt/visual-studio-code/resources/app/extensions/node_modules/typescript/lib/tsserver.js:123077:28)
    at IOSession.Session.executeCommand (/opt/visual-studio-code/resources/app/extensions/node_modules/typescript/lib/tsserver.js:123086:33)
    at IOSession.Session.onMessage (/opt/visual-studio-code/resources/app/extensions/node_modules/typescript/lib/tsserver.js:123106:35)
    at Interface.<anonymous> (/opt/visual-studio-code/resources/app/extensions/node_modules/typescript/lib/tsserver.js:124369:27)
    at emitOne (events.js:116:13)
    at Interface.emit (events.js:211:7)
    at Interface._onLine (readline.js:282:10)
    at Interface._normalWrite (readline.js:424:12)
    at Socket.ondata (readline.js:141:10)
    at emitOne (events.js:116:13)
    at Socket.emit (events.js:211:7)
    at addChunk (_stream_readable.js:263:12)
    at readableAddChunk (_stream_readable.js:250:11)
    at Socket.Readable.push (_stream_readable.js:208:10)
    at Pipe.onread (net.js:594:20)
[Info  - 3:47:01 PM] TSServer exited
