[2019-01-11 19:21:47.076] [sharedprocess] [info] main {"machineId":"688693ba4ea11fb6dec10aea7b1a39bd11a08b2f7c99da68bb8d3df559db3ab2"}
[2019-01-11 19:21:47.218] [sharedprocess] [info] Scanned user extensions: 25
[2019-01-11 19:21:47.445] [sharedprocess] [info] Scanned user extensions: 25
[2019-01-11 19:21:47.477] [sharedprocess] [info] Scanned system extensions: 71
[2019-01-11 19:21:47.551] [sharedprocess] [info] Scanned user extensions: 25
[2019-01-11 19:21:47.559] [sharedprocess] [info] Scanned system extensions: 71
[2019-01-11 19:21:47.570] [sharedprocess] [info] Deleted from disk dbaeumer.vscode-eslint-1.7.2
[2019-01-11 19:21:48.921] [sharedprocess] [info] Installing extension: noctis
[2019-01-11 19:21:48.938] [sharedprocess] [info] Scanned user extensions: 25
[2019-01-11 19:21:49.512] [sharedprocess] [info] Downloaded extension: noctis /tmp/9fdfb3ab-824c-4fe0-9840-02bf8d7487ec
[2019-01-11 19:21:49.577] [sharedprocess] [info] Extracted extension to /home/lvzbel/.vscode/extensions/.liviuschera.noctis-4.19.1: liviuschera.noctis-4.19.1
[2019-01-11 19:21:49.577] [sharedprocess] [info] Renamed to /home/lvzbel/.vscode/extensions/liviuschera.noctis-4.19.1
[2019-01-11 19:21:49.578] [sharedprocess] [info] Installation completed. liviuschera.noctis-4.19.1
[2019-01-11 19:21:49.588] [sharedprocess] [info] Extensions installed successfully: liviuschera.noctis
[2019-01-11 19:22:27.082] [sharedprocess] [info] Starting to clean up unused language packs.
[2019-01-11 19:26:47.598] [sharedprocess] [info] Scanned user extensions: 25
[2019-01-11 19:31:47.634] [sharedprocess] [info] Scanned user extensions: 25
[2019-01-11 19:36:47.675] [sharedprocess] [info] Scanned user extensions: 25
[2019-01-11 19:41:47.712] [sharedprocess] [info] Scanned user extensions: 25
[2019-01-11 19:46:47.746] [sharedprocess] [info] Scanned user extensions: 25
[2019-01-11 19:51:47.781] [sharedprocess] [info] Scanned user extensions: 25
[2019-01-11 19:56:47.827] [sharedprocess] [info] Scanned user extensions: 25
[2019-01-11 20:01:47.865] [sharedprocess] [info] Scanned user extensions: 25
[2019-01-11 20:06:47.902] [sharedprocess] [info] Scanned user extensions: 25
[2019-01-11 20:11:47.940] [sharedprocess] [info] Scanned user extensions: 25
[2019-01-11 20:16:47.977] [sharedprocess] [info] Scanned user extensions: 25
[2019-01-11 20:21:48.138] [sharedprocess] [info] Scanned user extensions: 25
[2019-01-11 20:26:48.179] [sharedprocess] [info] Scanned user extensions: 25
[2019-01-11 20:31:48.217] [sharedprocess] [info] Scanned user extensions: 25
[2019-01-11 20:36:48.256] [sharedprocess] [info] Scanned user extensions: 25
[2019-01-11 20:41:48.287] [sharedprocess] [info] Scanned user extensions: 25
[2019-01-11 20:46:48.324] [sharedprocess] [info] Scanned user extensions: 25
[2019-01-11 20:51:48.361] [sharedprocess] [info] Scanned user extensions: 25
[2019-01-11 20:56:48.396] [sharedprocess] [info] Scanned user extensions: 25
[2019-01-11 21:01:48.432] [sharedprocess] [info] Scanned user extensions: 25
[2019-01-11 21:06:48.479] [sharedprocess] [info] Scanned user extensions: 25
[2019-01-11 21:11:48.512] [sharedprocess] [info] Scanned user extensions: 25
[2019-01-11 21:16:48.546] [sharedprocess] [info] Scanned user extensions: 25
[2019-01-11 21:21:48.723] [sharedprocess] [info] Scanned user extensions: 25
[2019-01-11 21:26:48.766] [sharedprocess] [info] Scanned user extensions: 25
[2019-01-11 21:31:48.822] [sharedprocess] [info] Scanned user extensions: 25
[2019-01-11 21:36:48.866] [sharedprocess] [info] Scanned user extensions: 25
[2019-01-11 21:41:48.900] [sharedprocess] [info] Scanned user extensions: 25
[2019-01-11 21:46:48.939] [sharedprocess] [info] Scanned user extensions: 25
[2019-01-11 21:51:48.973] [sharedprocess] [info] Scanned user extensions: 25
[2019-01-11 21:56:49.017] [sharedprocess] [info] Scanned user extensions: 25
[2019-01-11 22:01:49.055] [sharedprocess] [info] Scanned user extensions: 25
[2019-01-11 22:06:49.092] [sharedprocess] [info] Scanned user extensions: 25
[2019-01-11 22:11:49.127] [sharedprocess] [info] Scanned user extensions: 25
[2019-01-11 22:16:49.164] [sharedprocess] [info] Scanned user extensions: 25
[2019-01-11 23:16:52.333] [sharedprocess] [info] Scanned user extensions: 25
[2019-01-11 23:21:52.368] [sharedprocess] [info] Scanned user extensions: 25
[2019-01-11 23:26:52.406] [sharedprocess] [info] Scanned user extensions: 25
[2019-01-11 23:31:52.438] [sharedprocess] [info] Scanned user extensions: 25
[2019-01-11 23:36:52.478] [sharedprocess] [info] Scanned user extensions: 25
[2019-01-11 23:41:52.513] [sharedprocess] [info] Scanned user extensions: 25
[2019-01-11 23:46:52.553] [sharedprocess] [info] Scanned user extensions: 25
[2019-01-11 23:51:52.597] [sharedprocess] [info] Scanned user extensions: 25
[2019-01-11 23:56:52.633] [sharedprocess] [info] Scanned user extensions: 25
[2019-01-12 00:01:52.668] [sharedprocess] [info] Scanned user extensions: 25
[2019-01-12 21:11:58.545] [sharedprocess] [info] Scanned user extensions: 25
[2019-01-12 21:16:59.495] [sharedprocess] [info] Scanned user extensions: 25
[2019-01-12 21:21:59.526] [sharedprocess] [info] Scanned user extensions: 25
[2019-01-12 21:26:59.550] [sharedprocess] [info] Scanned user extensions: 25
[2019-01-12 21:31:59.587] [sharedprocess] [info] Scanned user extensions: 25
[2019-01-12 21:36:59.619] [sharedprocess] [info] Scanned user extensions: 25
[2019-01-12 21:41:59.661] [sharedprocess] [info] Scanned user extensions: 25
[2019-01-12 21:46:59.688] [sharedprocess] [info] Scanned user extensions: 25
[2019-01-12 21:51:59.722] [sharedprocess] [info] Scanned user extensions: 25
[2019-01-12 21:56:59.753] [sharedprocess] [info] Scanned user extensions: 25
[2019-01-12 22:01:59.785] [sharedprocess] [info] Scanned user extensions: 25
[2019-01-12 22:06:59.821] [sharedprocess] [info] Scanned user extensions: 25
[2019-01-12 22:11:59.853] [sharedprocess] [info] Scanned user extensions: 25
[2019-01-12 22:17:00.028] [sharedprocess] [info] Scanned user extensions: 25
[2019-01-12 22:22:00.066] [sharedprocess] [info] Scanned user extensions: 25
[2019-01-12 22:27:00.098] [sharedprocess] [info] Scanned user extensions: 25
[2019-01-12 22:32:00.135] [sharedprocess] [info] Scanned user extensions: 25
[2019-01-12 22:37:00.171] [sharedprocess] [info] Scanned user extensions: 25
[2019-01-12 22:42:00.232] [sharedprocess] [info] Scanned user extensions: 25
[2019-01-12 22:47:00.269] [sharedprocess] [info] Scanned user extensions: 25
[2019-01-12 22:52:00.302] [sharedprocess] [info] Scanned user extensions: 25
[2019-01-12 22:57:00.338] [sharedprocess] [info] Scanned user extensions: 25
[2019-01-12 23:02:00.372] [sharedprocess] [info] Scanned user extensions: 25
[2019-01-12 23:07:00.410] [sharedprocess] [info] Scanned user extensions: 25
[2019-01-12 23:12:00.445] [sharedprocess] [info] Scanned user extensions: 25
[2019-01-12 23:17:00.707] [sharedprocess] [info] Scanned user extensions: 25
[2019-01-12 23:22:00.740] [sharedprocess] [info] Scanned user extensions: 25
[2019-01-12 23:27:00.774] [sharedprocess] [info] Scanned user extensions: 25
[2019-01-12 23:32:00.812] [sharedprocess] [info] Scanned user extensions: 25
[2019-01-12 23:37:00.846] [sharedprocess] [info] Scanned user extensions: 25
[2019-01-12 23:42:00.881] [sharedprocess] [info] Scanned user extensions: 25
[2019-01-12 23:47:00.918] [sharedprocess] [info] Scanned user extensions: 25
[2019-01-12 23:52:00.956] [sharedprocess] [info] Scanned user extensions: 25
[2019-01-12 23:57:00.992] [sharedprocess] [info] Scanned user extensions: 25
[2019-01-13 00:02:01.027] [sharedprocess] [info] Scanned user extensions: 25
[2019-01-13 00:07:01.062] [sharedprocess] [info] Scanned user extensions: 25
[2019-01-13 00:12:01.097] [sharedprocess] [info] Scanned user extensions: 25
[2019-01-13 00:17:01.445] [sharedprocess] [info] Scanned user extensions: 25
[2019-01-13 00:22:01.480] [sharedprocess] [info] Scanned user extensions: 25
[2019-01-13 00:27:01.514] [sharedprocess] [info] Scanned user extensions: 25
[2019-01-13 00:32:01.551] [sharedprocess] [info] Scanned user extensions: 25
[2019-01-13 00:37:01.630] [sharedprocess] [info] Scanned user extensions: 25
[2019-01-13 00:42:01.661] [sharedprocess] [info] Scanned user extensions: 25
[2019-01-13 00:47:01.700] [sharedprocess] [info] Scanned user extensions: 25
[2019-01-13 00:52:01.729] [sharedprocess] [info] Scanned user extensions: 25
[2019-01-13 00:57:01.766] [sharedprocess] [info] Scanned user extensions: 25
[2019-01-13 01:02:01.805] [sharedprocess] [info] Scanned user extensions: 25
[2019-01-13 01:07:01.841] [sharedprocess] [info] Scanned user extensions: 25
[2019-01-13 01:12:01.878] [sharedprocess] [info] Scanned user extensions: 25
[2019-01-13 01:17:02.066] [sharedprocess] [info] Scanned user extensions: 25
[2019-01-13 01:22:02.116] [sharedprocess] [info] Scanned user extensions: 25
[2019-01-13 01:27:02.146] [sharedprocess] [info] Scanned user extensions: 25
[2019-01-13 01:32:02.176] [sharedprocess] [info] Scanned user extensions: 25
[2019-01-13 01:37:02.209] [sharedprocess] [info] Scanned user extensions: 25
[2019-01-13 01:42:02.243] [sharedprocess] [info] Scanned user extensions: 25
[2019-01-13 01:47:02.283] [sharedprocess] [info] Scanned user extensions: 25
[2019-01-13 10:45:31.894] [sharedprocess] [info] Scanned user extensions: 25
[2019-01-13 10:50:31.931] [sharedprocess] [info] Scanned user extensions: 25
[2019-01-13 10:55:31.963] [sharedprocess] [info] Scanned user extensions: 25
[2019-01-13 11:00:31.993] [sharedprocess] [info] Scanned user extensions: 25
[2019-01-13 11:05:32.034] [sharedprocess] [info] Scanned user extensions: 25
[2019-01-13 11:10:32.073] [sharedprocess] [info] Scanned user extensions: 25
[2019-01-13 11:15:32.216] [sharedprocess] [info] Scanned user extensions: 25
[2019-01-13 11:20:32.253] [sharedprocess] [info] Scanned user extensions: 25
[2019-01-13 11:25:32.290] [sharedprocess] [info] Scanned user extensions: 25
[2019-01-13 11:30:32.322] [sharedprocess] [info] Scanned user extensions: 25
[2019-01-13 11:35:32.356] [sharedprocess] [info] Scanned user extensions: 25
[2019-01-13 11:40:32.385] [sharedprocess] [info] Scanned user extensions: 25
[2019-01-13 11:45:32.747] [sharedprocess] [info] Scanned user extensions: 25
[2019-01-13 12:12:15.426] [sharedprocess] [info] Scanned user extensions: 25
[2019-01-13 12:17:15.457] [sharedprocess] [info] Scanned user extensions: 25
[2019-01-13 12:22:15.488] [sharedprocess] [info] Scanned user extensions: 25
[2019-01-13 12:27:15.520] [sharedprocess] [info] Scanned user extensions: 25
[2019-01-13 12:32:15.557] [sharedprocess] [info] Scanned user extensions: 25
[2019-01-13 12:37:15.599] [sharedprocess] [info] Scanned user extensions: 25
[2019-01-13 12:42:15.631] [sharedprocess] [info] Scanned user extensions: 25
[2019-01-13 12:47:15.924] [sharedprocess] [info] Scanned user extensions: 25
[2019-01-13 12:52:15.958] [sharedprocess] [info] Scanned user extensions: 25
[2019-01-13 12:57:15.996] [sharedprocess] [info] Scanned user extensions: 25
[2019-01-13 13:02:16.031] [sharedprocess] [info] Scanned user extensions: 25
[2019-01-13 13:07:16.066] [sharedprocess] [info] Scanned user extensions: 25
[2019-01-13 13:12:16.104] [sharedprocess] [info] Scanned user extensions: 25
[2019-01-13 13:19:21.012] [sharedprocess] [info] Scanned user extensions: 25
[2019-01-13 13:24:21.054] [sharedprocess] [info] Scanned user extensions: 25
[2019-01-13 13:29:21.085] [sharedprocess] [info] Scanned user extensions: 25
[2019-01-13 13:34:21.120] [sharedprocess] [info] Scanned user extensions: 25
[2019-01-13 13:39:21.164] [sharedprocess] [info] Scanned user extensions: 25
[2019-01-13 13:44:21.196] [sharedprocess] [info] Scanned user extensions: 25
[2019-01-13 13:49:21.800] [sharedprocess] [info] Scanned user extensions: 25
[2019-01-13 13:54:21.845] [sharedprocess] [info] Scanned user extensions: 25
[2019-01-13 13:59:21.871] [sharedprocess] [info] Scanned user extensions: 25
[2019-01-13 14:04:21.902] [sharedprocess] [info] Scanned user extensions: 25
[2019-01-13 14:09:21.940] [sharedprocess] [info] Scanned user extensions: 25
[2019-01-13 14:14:21.978] [sharedprocess] [info] Scanned user extensions: 25
[2019-01-13 14:19:22.008] [sharedprocess] [info] Scanned user extensions: 25
[2019-01-13 14:24:22.039] [sharedprocess] [info] Scanned user extensions: 25
[2019-01-13 14:29:22.069] [sharedprocess] [info] Scanned user extensions: 25
[2019-01-13 14:34:22.111] [sharedprocess] [info] Scanned user extensions: 25
[2019-01-13 14:39:22.150] [sharedprocess] [info] Scanned user extensions: 25
[2019-01-13 14:44:22.181] [sharedprocess] [info] Scanned user extensions: 25
[2019-01-13 14:49:22.348] [sharedprocess] [info] Scanned user extensions: 25
[2019-01-13 14:49:37.714] [sharedprocess] [info] Scanned user extensions: 25
[2019-01-13 14:49:37.798] [sharedprocess] [info] Scanned system extensions: 71
[2019-01-13 14:49:38.913] [sharedprocess] [info] Scanned user extensions: 25
[2019-01-13 14:54:38.972] [sharedprocess] [info] Scanned user extensions: 25
[2019-01-13 14:59:39.012] [sharedprocess] [info] Scanned user extensions: 25
[2019-01-13 15:04:39.050] [sharedprocess] [info] Scanned user extensions: 25
[2019-01-13 15:09:39.082] [sharedprocess] [info] Scanned user extensions: 25
[2019-01-13 15:14:39.120] [sharedprocess] [info] Scanned user extensions: 25
[2019-01-13 15:19:39.152] [sharedprocess] [info] Scanned user extensions: 25
[2019-01-13 15:24:39.198] [sharedprocess] [info] Scanned user extensions: 25
[2019-01-13 15:29:39.229] [sharedprocess] [info] Scanned user extensions: 25
[2019-01-13 15:34:39.265] [sharedprocess] [info] Scanned user extensions: 25
[2019-01-13 15:39:39.303] [sharedprocess] [info] Scanned user extensions: 25
[2019-01-13 15:44:39.339] [sharedprocess] [info] Scanned user extensions: 25
[2019-01-13 15:49:39.526] [sharedprocess] [info] Scanned user extensions: 25
[2019-01-13 15:54:39.563] [sharedprocess] [info] Scanned user extensions: 25
[2019-01-13 15:59:39.601] [sharedprocess] [info] Scanned user extensions: 25
[2019-01-13 16:04:39.639] [sharedprocess] [info] Scanned user extensions: 25
[2019-01-13 16:09:39.672] [sharedprocess] [info] Scanned user extensions: 25
[2019-01-13 16:14:39.713] [sharedprocess] [info] Scanned user extensions: 25
[2019-01-13 16:19:39.742] [sharedprocess] [info] Scanned user extensions: 25
[2019-01-13 16:24:39.777] [sharedprocess] [info] Scanned user extensions: 25
[2019-01-13 16:29:39.811] [sharedprocess] [info] Scanned user extensions: 25
[2019-01-13 16:34:39.836] [sharedprocess] [info] Scanned user extensions: 25
[2019-01-13 16:39:39.871] [sharedprocess] [info] Scanned user extensions: 25
[2019-01-13 16:44:39.903] [sharedprocess] [info] Scanned user extensions: 25
[2019-01-13 16:49:40.209] [sharedprocess] [info] Scanned user extensions: 25
[2019-01-13 16:54:40.250] [sharedprocess] [info] Scanned user extensions: 25
[2019-01-13 16:59:40.287] [sharedprocess] [info] Scanned user extensions: 25
[2019-01-13 17:04:40.324] [sharedprocess] [info] Scanned user extensions: 25
[2019-01-13 17:09:40.369] [sharedprocess] [info] Scanned user extensions: 25
[2019-01-13 17:14:40.399] [sharedprocess] [info] Scanned user extensions: 25
[2019-01-13 17:19:40.435] [sharedprocess] [info] Scanned user extensions: 25
[2019-01-13 17:24:40.471] [sharedprocess] [info] Scanned user extensions: 25
[2019-01-13 17:29:40.506] [sharedprocess] [info] Scanned user extensions: 25
[2019-01-13 17:34:40.545] [sharedprocess] [info] Scanned user extensions: 25
[2019-01-13 17:39:40.577] [sharedprocess] [info] Scanned user extensions: 25
[2019-01-13 17:44:40.615] [sharedprocess] [info] Scanned user extensions: 25
[2019-01-13 17:49:40.862] [sharedprocess] [info] Scanned user extensions: 25
[2019-01-13 17:54:40.899] [sharedprocess] [info] Scanned user extensions: 25
[2019-01-13 17:59:40.933] [sharedprocess] [info] Scanned user extensions: 25
[2019-01-13 18:04:40.968] [sharedprocess] [info] Scanned user extensions: 25
[2019-01-13 18:09:41.002] [sharedprocess] [info] Scanned user extensions: 25
[2019-01-13 18:14:41.035] [sharedprocess] [info] Scanned user extensions: 25
[2019-01-13 18:19:41.071] [sharedprocess] [info] Scanned user extensions: 25
[2019-01-13 18:24:41.105] [sharedprocess] [info] Scanned user extensions: 25
[2019-01-13 18:29:41.142] [sharedprocess] [info] Scanned user extensions: 25
[2019-01-13 18:34:41.177] [sharedprocess] [info] Scanned user extensions: 25
[2019-01-13 18:39:41.213] [sharedprocess] [info] Scanned user extensions: 25
[2019-01-13 18:44:41.249] [sharedprocess] [info] Scanned user extensions: 25
[2019-01-13 18:49:41.395] [sharedprocess] [info] Scanned user extensions: 25
[2019-01-13 18:54:41.425] [sharedprocess] [info] Scanned user extensions: 25
[2019-01-13 18:59:41.464] [sharedprocess] [info] Scanned user extensions: 25
[2019-01-13 19:04:41.508] [sharedprocess] [info] Scanned user extensions: 25
[2019-01-13 19:09:41.551] [sharedprocess] [info] Scanned user extensions: 25
[2019-01-13 19:14:41.586] [sharedprocess] [info] Scanned user extensions: 25
[2019-01-13 19:19:41.613] [sharedprocess] [info] Scanned user extensions: 25
[2019-01-13 19:24:41.647] [sharedprocess] [info] Scanned user extensions: 25
[2019-01-13 19:29:41.680] [sharedprocess] [info] Scanned user extensions: 25
[2019-01-13 19:34:41.712] [sharedprocess] [info] Scanned user extensions: 25
[2019-01-13 19:39:41.745] [sharedprocess] [info] Scanned user extensions: 25
[2019-01-13 19:44:41.773] [sharedprocess] [info] Scanned user extensions: 25
[2019-01-13 19:49:41.932] [sharedprocess] [info] Scanned user extensions: 25
[2019-01-13 19:54:41.970] [sharedprocess] [info] Scanned user extensions: 25
[2019-01-13 19:59:41.995] [sharedprocess] [info] Scanned user extensions: 25
[2019-01-13 20:04:42.028] [sharedprocess] [info] Scanned user extensions: 25
[2019-01-13 20:09:42.061] [sharedprocess] [info] Scanned user extensions: 25
[2019-01-13 20:14:42.097] [sharedprocess] [info] Scanned user extensions: 25
[2019-01-13 20:19:42.136] [sharedprocess] [info] Scanned user extensions: 25
[2019-01-13 20:24:42.158] [sharedprocess] [info] Scanned user extensions: 25
[2019-01-13 20:29:42.198] [sharedprocess] [info] Scanned user extensions: 25
[2019-01-13 20:34:42.229] [sharedprocess] [info] Scanned user extensions: 25
[2019-01-13 20:39:42.269] [sharedprocess] [info] Scanned user extensions: 25
[2019-01-13 20:44:42.310] [sharedprocess] [info] Scanned user extensions: 25
[2019-01-13 20:49:42.666] [sharedprocess] [info] Scanned user extensions: 25
[2019-01-13 20:54:42.700] [sharedprocess] [info] Scanned user extensions: 25
[2019-01-13 20:59:42.723] [sharedprocess] [info] Scanned user extensions: 25
[2019-01-13 21:04:42.761] [sharedprocess] [info] Scanned user extensions: 25
[2019-01-13 21:09:42.797] [sharedprocess] [info] Scanned user extensions: 25
[2019-01-13 21:14:42.835] [sharedprocess] [info] Scanned user extensions: 25
[2019-01-13 21:19:42.873] [sharedprocess] [info] Scanned user extensions: 25
[2019-01-13 21:24:42.898] [sharedprocess] [info] Scanned user extensions: 25
[2019-01-13 21:29:42.933] [sharedprocess] [info] Scanned user extensions: 25
[2019-01-13 21:34:42.965] [sharedprocess] [info] Scanned user extensions: 25
[2019-01-13 21:39:43.001] [sharedprocess] [info] Scanned user extensions: 25
[2019-01-13 21:44:43.044] [sharedprocess] [info] Scanned user extensions: 25
[2019-01-13 21:49:43.300] [sharedprocess] [info] Scanned user extensions: 25
[2019-01-13 21:54:43.338] [sharedprocess] [info] Scanned user extensions: 25
[2019-01-13 21:59:43.376] [sharedprocess] [info] Scanned user extensions: 25
[2019-01-13 22:04:43.412] [sharedprocess] [info] Scanned user extensions: 25
[2019-01-13 22:09:43.449] [sharedprocess] [info] Scanned user extensions: 25
[2019-01-13 22:14:43.490] [sharedprocess] [info] Scanned user extensions: 25
[2019-01-13 22:19:43.535] [sharedprocess] [info] Scanned user extensions: 25
[2019-01-13 22:24:43.584] [sharedprocess] [info] Scanned user extensions: 25
[2019-01-13 22:29:43.620] [sharedprocess] [info] Scanned user extensions: 25
[2019-01-13 22:34:43.657] [sharedprocess] [info] Scanned user extensions: 25
[2019-01-13 22:39:43.692] [sharedprocess] [info] Scanned user extensions: 25
[2019-01-13 22:44:43.730] [sharedprocess] [info] Scanned user extensions: 25
[2019-01-13 22:49:43.905] [sharedprocess] [info] Scanned user extensions: 25
[2019-01-13 22:54:43.943] [sharedprocess] [info] Scanned user extensions: 25
[2019-01-13 22:59:43.978] [sharedprocess] [info] Scanned user extensions: 25
[2019-01-13 23:04:44.016] [sharedprocess] [info] Scanned user extensions: 25
[2019-01-13 23:09:44.046] [sharedprocess] [info] Scanned user extensions: 25
[2019-01-13 23:14:44.082] [sharedprocess] [info] Scanned user extensions: 25
[2019-01-13 23:19:44.113] [sharedprocess] [info] Scanned user extensions: 25
