[2019-01-03 20:58:19.049] [sharedprocess] [info] main {"machineId":"688693ba4ea11fb6dec10aea7b1a39bd11a08b2f7c99da68bb8d3df559db3ab2"}
[2019-01-03 20:58:19.231] [sharedprocess] [info] Scanned user extensions: 21
[2019-01-03 20:58:19.269] [sharedprocess] [info] Scanned user extensions: 21
[2019-01-03 20:58:19.271] [sharedprocess] [info] Scanned user extensions: 21
[2019-01-03 20:58:19.277] [sharedprocess] [info] Scanned user extensions: 21
[2019-01-03 20:58:19.288] [sharedprocess] [info] Scanned user extensions: 21
[2019-01-03 20:58:19.319] [sharedprocess] [info] Scanned system extensions: 71
[2019-01-03 20:58:19.328] [sharedprocess] [info] Scanned system extensions: 71
[2019-01-03 20:58:19.335] [sharedprocess] [info] Scanned system extensions: 71
[2019-01-03 20:58:19.343] [sharedprocess] [info] Scanned system extensions: 71
[2019-01-03 20:58:19.864] [sharedprocess] [info] Deleted from disk dsznajder.es7-react-js-snippets-1.9.3
[2019-01-03 20:58:19.864] [sharedprocess] [info] Deleted from disk dsznajder.es7-react-js-snippets-1.9.4
[2019-01-03 20:58:19.866] [sharedprocess] [info] Deleted from disk emmanuelbeziat.vscode-great-icons-2.1.45
[2019-01-03 20:58:19.866] [sharedprocess] [info] Deleted from disk dsznajder.es7-react-js-snippets-1.9.2
[2019-01-03 20:58:20.106] [sharedprocess] [info] Deleted from disk xabikos.javascriptsnippets-1.7.1
[2019-01-03 20:58:20.106] [sharedprocess] [info] Deleted from disk vangware.dark-plus-material-1.4.5
[2019-01-03 20:58:20.447] [sharedprocess] [info] Deleted from disk lihui.vs-color-picker-0.7.0
[2019-01-03 20:58:20.908] [sharedprocess] [info] Deleted from disk equinusocio.vsc-material-theme-2.6.2
[2019-01-03 20:58:20.908] [sharedprocess] [info] Deleted from disk pkief.material-icon-theme-3.6.1
[2019-01-03 20:58:20.916] [sharedprocess] [info] Deleted from disk dbaeumer.vscode-eslint-1.7.0
[2019-01-03 20:58:20.919] [sharedprocess] [info] Deleted from disk esbenp.prettier-vscode-1.7.2
[2019-01-03 20:58:20.922] [sharedprocess] [info] Deleted from disk ms-python.python-2018.11.0
[2019-01-03 20:58:59.055] [sharedprocess] [info] Starting to clean up unused language packs.
[2019-01-03 21:00:42.508] [sharedprocess] [info] Scanned user extensions: 21
[2019-01-03 21:00:42.534] [sharedprocess] [info] Scanned system extensions: 71
[2019-01-03 21:00:43.188] [sharedprocess] [info] Scanned user extensions: 21
[2019-01-03 21:05:43.419] [sharedprocess] [info] Scanned user extensions: 21
[2019-01-03 21:10:43.455] [sharedprocess] [info] Scanned user extensions: 21
[2019-01-03 21:15:43.489] [sharedprocess] [info] Scanned user extensions: 21
[2019-01-03 21:20:43.525] [sharedprocess] [info] Scanned user extensions: 21
[2019-01-03 21:25:43.558] [sharedprocess] [info] Scanned user extensions: 21
[2019-01-03 21:30:43.594] [sharedprocess] [info] Scanned user extensions: 21
[2019-01-03 21:35:43.629] [sharedprocess] [info] Scanned user extensions: 21
[2019-01-03 21:40:43.661] [sharedprocess] [info] Scanned user extensions: 21
[2019-01-03 21:44:17.546] [sharedprocess] [info] Scanned user extensions: 21
[2019-01-03 21:44:17.552] [sharedprocess] [info] Scanned user extensions: 21
[2019-01-03 21:44:17.554] [sharedprocess] [info] Scanned user extensions: 21
[2019-01-03 21:44:17.557] [sharedprocess] [info] Scanned user extensions: 21
[2019-01-03 21:44:17.613] [sharedprocess] [info] Scanned system extensions: 71
[2019-01-03 21:44:17.618] [sharedprocess] [info] Scanned system extensions: 71
[2019-01-03 21:44:17.623] [sharedprocess] [info] Scanned system extensions: 71
[2019-01-03 21:44:26.570] [sharedprocess] [info] Installing extension: simple-react-snippets
[2019-01-03 21:44:26.591] [sharedprocess] [info] Scanned user extensions: 21
[2019-01-03 21:44:30.030] [sharedprocess] [info] Downloaded extension: simple-react-snippets /tmp/101c0cab-7881-4a6d-bfe0-569c1212e76d
[2019-01-03 21:44:30.198] [sharedprocess] [info] Extracted extension to /home/lvzbel/.vscode/extensions/.burkeholland.simple-react-snippets-1.2.2: burkeholland.simple-react-snippets-1.2.2
[2019-01-03 21:44:30.198] [sharedprocess] [info] Renamed to /home/lvzbel/.vscode/extensions/burkeholland.simple-react-snippets-1.2.2
[2019-01-03 21:44:30.199] [sharedprocess] [info] Installation completed. burkeholland.simple-react-snippets-1.2.2
[2019-01-03 21:44:30.206] [sharedprocess] [info] Extensions installed successfully: burkeholland.simple-react-snippets
[2019-01-03 21:44:30.351] [sharedprocess] [info] Scanned user extensions: 22
[2019-01-03 21:44:30.369] [sharedprocess] [info] Scanned system extensions: 71
[2019-01-03 21:45:43.697] [sharedprocess] [info] Scanned user extensions: 22
[2019-01-03 21:46:43.601] [sharedprocess] [info] Scanned user extensions: 22
[2019-01-03 21:46:43.606] [sharedprocess] [info] Scanned user extensions: 22
[2019-01-03 21:46:43.608] [sharedprocess] [info] Scanned user extensions: 22
[2019-01-03 21:46:43.645] [sharedprocess] [info] Scanned system extensions: 71
[2019-01-03 21:46:43.651] [sharedprocess] [info] Scanned system extensions: 71
[2019-01-03 21:46:43.656] [sharedprocess] [info] Scanned system extensions: 71
[2019-01-03 21:47:25.782] [sharedprocess] [info] Scanned user extensions: 22
[2019-01-03 21:47:25.785] [sharedprocess] [info] Scanned user extensions: 22
[2019-01-03 21:47:25.789] [sharedprocess] [info] Scanned user extensions: 22
[2019-01-03 21:47:25.849] [sharedprocess] [info] Scanned system extensions: 71
[2019-01-03 21:47:25.856] [sharedprocess] [info] Scanned system extensions: 71
[2019-01-03 21:47:25.862] [sharedprocess] [info] Scanned system extensions: 71
[2019-01-03 21:47:28.843] [sharedprocess] [info] Scanned user extensions: 22
[2019-01-03 21:47:28.870] [sharedprocess] [info] Scanned system extensions: 71
[2019-01-03 21:47:29.667] [sharedprocess] [info] Scanned user extensions: 22
[2019-01-03 21:48:00.948] [sharedprocess] [info] Scanned user extensions: 22
[2019-01-03 21:48:00.953] [sharedprocess] [info] Scanned user extensions: 22
[2019-01-03 21:48:01.047] [sharedprocess] [info] Scanned system extensions: 71
[2019-01-03 21:48:01.057] [sharedprocess] [info] Scanned system extensions: 71
[2019-01-03 21:48:01.445] [sharedprocess] [info] Scanned user extensions: 22
[2019-01-03 21:48:12.566] [sharedprocess] [info] Scanned user extensions: 22
[2019-01-03 21:53:01.483] [sharedprocess] [info] Scanned user extensions: 22
[2019-01-03 21:58:01.517] [sharedprocess] [info] Scanned user extensions: 22
[2019-01-03 22:03:01.546] [sharedprocess] [info] Scanned user extensions: 22
[2019-01-03 22:08:01.727] [sharedprocess] [info] Scanned user extensions: 22
[2019-01-03 22:13:01.764] [sharedprocess] [info] Scanned user extensions: 22
[2019-01-03 22:18:01.792] [sharedprocess] [info] Scanned user extensions: 22
[2019-01-04 20:22:26.364] [sharedprocess] [info] Scanned user extensions: 22
[2019-01-04 20:27:26.397] [sharedprocess] [info] Scanned user extensions: 22
[2019-01-04 20:32:26.432] [sharedprocess] [info] Scanned user extensions: 22
[2019-01-04 20:37:26.465] [sharedprocess] [info] Scanned user extensions: 22
[2019-01-04 20:42:26.495] [sharedprocess] [info] Scanned user extensions: 22
[2019-01-04 20:47:26.531] [sharedprocess] [info] Scanned user extensions: 22
[2019-01-04 20:52:26.572] [sharedprocess] [info] Scanned user extensions: 22
[2019-01-04 20:57:26.605] [sharedprocess] [info] Scanned user extensions: 22
[2019-01-04 21:02:26.637] [sharedprocess] [info] Scanned user extensions: 22
[2019-01-04 21:07:26.673] [sharedprocess] [info] Scanned user extensions: 22
[2019-01-04 21:12:26.706] [sharedprocess] [info] Scanned user extensions: 22
[2019-01-04 21:17:26.743] [sharedprocess] [info] Scanned user extensions: 22
[2019-01-04 21:22:26.923] [sharedprocess] [info] Scanned user extensions: 22
[2019-01-04 21:27:26.957] [sharedprocess] [info] Scanned user extensions: 22
[2019-01-04 21:32:26.991] [sharedprocess] [info] Scanned user extensions: 22
[2019-01-04 21:37:27.024] [sharedprocess] [info] Scanned user extensions: 22
[2019-01-04 21:42:27.055] [sharedprocess] [info] Scanned user extensions: 22
[2019-01-04 21:47:27.093] [sharedprocess] [info] Scanned user extensions: 22
[2019-01-04 21:52:27.128] [sharedprocess] [info] Scanned user extensions: 22
[2019-01-04 21:57:27.161] [sharedprocess] [info] Scanned user extensions: 22
[2019-01-04 22:02:27.194] [sharedprocess] [info] Scanned user extensions: 22
[2019-01-04 22:07:27.232] [sharedprocess] [info] Scanned user extensions: 22
[2019-01-04 22:12:27.278] [sharedprocess] [info] Scanned user extensions: 22
[2019-01-04 22:17:27.310] [sharedprocess] [info] Scanned user extensions: 22
[2019-01-04 22:22:27.487] [sharedprocess] [info] Scanned user extensions: 22
[2019-01-04 22:27:27.520] [sharedprocess] [info] Scanned user extensions: 22
[2019-01-04 22:32:27.546] [sharedprocess] [info] Scanned user extensions: 22
[2019-01-04 22:37:27.602] [sharedprocess] [info] Scanned user extensions: 22
[2019-01-04 22:42:27.636] [sharedprocess] [info] Scanned user extensions: 22
[2019-01-04 22:47:27.657] [sharedprocess] [info] Scanned user extensions: 22
[2019-01-04 22:52:27.685] [sharedprocess] [info] Scanned user extensions: 22
[2019-01-04 22:57:27.717] [sharedprocess] [info] Scanned user extensions: 22
[2019-01-04 23:02:27.747] [sharedprocess] [info] Scanned user extensions: 22
[2019-01-05 19:37:08.954] [sharedprocess] [info] Scanned user extensions: 22
[2019-01-05 19:42:08.979] [sharedprocess] [info] Scanned user extensions: 22
[2019-01-05 19:47:09.013] [sharedprocess] [info] Scanned user extensions: 22
[2019-01-05 19:52:09.043] [sharedprocess] [info] Scanned user extensions: 22
[2019-01-05 19:57:09.070] [sharedprocess] [info] Scanned user extensions: 22
[2019-01-05 20:02:09.094] [sharedprocess] [info] Scanned user extensions: 22
[2019-01-05 20:07:09.127] [sharedprocess] [info] Scanned user extensions: 22
[2019-01-05 20:12:09.150] [sharedprocess] [info] Scanned user extensions: 22
[2019-01-05 20:17:09.178] [sharedprocess] [info] Scanned user extensions: 22
[2019-01-05 20:22:09.217] [sharedprocess] [info] Scanned user extensions: 22
[2019-01-05 20:27:09.248] [sharedprocess] [info] Scanned user extensions: 22
[2019-01-05 20:32:09.272] [sharedprocess] [info] Scanned user extensions: 22
[2019-01-05 20:37:09.426] [sharedprocess] [info] Scanned user extensions: 22
[2019-01-05 20:42:09.453] [sharedprocess] [info] Scanned user extensions: 22
[2019-01-05 20:47:09.487] [sharedprocess] [info] Scanned user extensions: 22
[2019-01-05 20:52:09.522] [sharedprocess] [info] Scanned user extensions: 22
[2019-01-05 20:57:09.557] [sharedprocess] [info] Scanned user extensions: 22
[2019-01-05 21:02:09.585] [sharedprocess] [info] Scanned user extensions: 22
[2019-01-05 21:07:09.616] [sharedprocess] [info] Scanned user extensions: 22
[2019-01-05 21:12:09.659] [sharedprocess] [info] Scanned user extensions: 22
[2019-01-05 21:17:09.694] [sharedprocess] [info] Scanned user extensions: 22
[2019-01-05 21:22:12.375] [sharedprocess] [info] Scanned user extensions: 22
[2019-01-05 21:22:12.385] [sharedprocess] [info] Scanned user extensions: 22
[2019-01-05 21:22:12.513] [sharedprocess] [info] Scanned system extensions: 71
[2019-01-05 21:22:12.551] [sharedprocess] [info] Scanned system extensions: 71
[2019-01-05 21:22:13.504] [sharedprocess] [info] Scanned user extensions: 22
[2019-01-05 21:27:13.620] [sharedprocess] [info] Scanned user extensions: 22
[2019-01-05 21:32:13.652] [sharedprocess] [info] Scanned user extensions: 22
[2019-01-05 21:37:13.820] [sharedprocess] [info] Scanned user extensions: 22
[2019-01-05 21:42:13.854] [sharedprocess] [info] Scanned user extensions: 22
[2019-01-05 21:47:13.892] [sharedprocess] [info] Scanned user extensions: 22
[2019-01-05 21:52:13.934] [sharedprocess] [info] Scanned user extensions: 22
[2019-01-05 21:57:13.966] [sharedprocess] [info] Scanned user extensions: 22
[2019-01-05 22:02:13.994] [sharedprocess] [info] Scanned user extensions: 22
[2019-01-05 22:07:14.027] [sharedprocess] [info] Scanned user extensions: 22
[2019-01-05 22:12:14.059] [sharedprocess] [info] Scanned user extensions: 22
[2019-01-05 22:17:14.095] [sharedprocess] [info] Scanned user extensions: 22
[2019-01-05 22:22:14.129] [sharedprocess] [info] Scanned user extensions: 22
[2019-01-05 22:27:14.161] [sharedprocess] [info] Scanned user extensions: 22
[2019-01-05 22:32:14.191] [sharedprocess] [info] Scanned user extensions: 22
[2019-01-05 22:37:14.362] [sharedprocess] [info] Scanned user extensions: 22
[2019-01-05 22:42:14.397] [sharedprocess] [info] Scanned user extensions: 22
[2019-01-05 22:47:14.425] [sharedprocess] [info] Scanned user extensions: 22
[2019-01-05 22:52:14.455] [sharedprocess] [info] Scanned user extensions: 22
[2019-01-05 22:57:14.480] [sharedprocess] [info] Scanned user extensions: 22
[2019-01-05 23:02:14.505] [sharedprocess] [info] Scanned user extensions: 22
[2019-01-05 23:07:14.542] [sharedprocess] [info] Scanned user extensions: 22
[2019-01-05 23:12:14.575] [sharedprocess] [info] Scanned user extensions: 22
[2019-01-05 23:17:14.606] [sharedprocess] [info] Scanned user extensions: 22
[2019-01-05 23:22:14.637] [sharedprocess] [info] Scanned user extensions: 22
[2019-01-05 23:27:14.679] [sharedprocess] [info] Scanned user extensions: 22
[2019-01-05 23:32:14.701] [sharedprocess] [info] Scanned user extensions: 22
[2019-01-06 14:50:01.535] [sharedprocess] [info] Scanned user extensions: 22
[2019-01-06 14:55:01.565] [sharedprocess] [info] Scanned user extensions: 22
[2019-01-06 15:00:01.592] [sharedprocess] [info] Scanned user extensions: 22
[2019-01-06 15:05:01.625] [sharedprocess] [info] Scanned user extensions: 22
[2019-01-06 15:10:01.655] [sharedprocess] [info] Scanned user extensions: 22
[2019-01-06 15:15:01.688] [sharedprocess] [info] Scanned user extensions: 22
[2019-01-06 15:17:22.735] [sharedprocess] [info] Scanned user extensions: 22
[2019-01-06 15:17:22.740] [sharedprocess] [info] Scanned user extensions: 22
[2019-01-06 15:17:22.836] [sharedprocess] [info] Scanned system extensions: 71
[2019-01-06 15:17:22.849] [sharedprocess] [info] Scanned system extensions: 71
[2019-01-06 15:17:23.278] [sharedprocess] [info] Scanned user extensions: 22
[2019-01-06 15:22:23.339] [sharedprocess] [info] Scanned user extensions: 22
[2019-01-06 15:27:23.369] [sharedprocess] [info] Scanned user extensions: 22
[2019-01-06 15:32:23.403] [sharedprocess] [info] Scanned user extensions: 22
[2019-01-06 15:37:23.439] [sharedprocess] [info] Scanned user extensions: 22
[2019-01-06 15:42:23.469] [sharedprocess] [info] Scanned user extensions: 22
[2019-01-06 15:47:23.502] [sharedprocess] [info] Scanned user extensions: 22
[2019-01-06 15:52:23.651] [sharedprocess] [info] Scanned user extensions: 22
[2019-01-06 15:57:23.681] [sharedprocess] [info] Scanned user extensions: 22
[2019-01-06 16:02:23.718] [sharedprocess] [info] Scanned user extensions: 22
[2019-01-06 16:07:23.755] [sharedprocess] [info] Scanned user extensions: 22
[2019-01-06 16:12:23.792] [sharedprocess] [info] Scanned user extensions: 22
[2019-01-06 16:17:23.819] [sharedprocess] [info] Scanned user extensions: 22
[2019-01-06 16:22:23.861] [sharedprocess] [info] Scanned user extensions: 22
[2019-01-06 16:27:23.892] [sharedprocess] [info] Scanned user extensions: 22
[2019-01-06 16:32:23.926] [sharedprocess] [info] Scanned user extensions: 22
[2019-01-06 16:37:23.974] [sharedprocess] [info] Scanned user extensions: 22
[2019-01-06 16:42:24.008] [sharedprocess] [info] Scanned user extensions: 22
[2019-01-06 16:47:24.029] [sharedprocess] [info] Scanned user extensions: 22
[2019-01-06 16:52:24.220] [sharedprocess] [info] Scanned user extensions: 22
[2019-01-06 16:57:24.265] [sharedprocess] [info] Scanned user extensions: 22
[2019-01-06 17:02:24.301] [sharedprocess] [info] Scanned user extensions: 22
[2019-01-06 17:07:24.336] [sharedprocess] [info] Scanned user extensions: 22
[2019-01-06 17:12:24.368] [sharedprocess] [info] Scanned user extensions: 22
[2019-01-06 17:17:24.401] [sharedprocess] [info] Scanned user extensions: 22
[2019-01-06 17:22:24.433] [sharedprocess] [info] Scanned user extensions: 22
[2019-01-06 17:27:24.464] [sharedprocess] [info] Scanned user extensions: 22
[2019-01-06 17:32:24.496] [sharedprocess] [info] Scanned user extensions: 22
[2019-01-06 17:37:24.623] [sharedprocess] [info] Scanned user extensions: 22
[2019-01-06 17:42:25.311] [sharedprocess] [info] Scanned user extensions: 22
[2019-01-06 17:47:25.339] [sharedprocess] [info] Scanned user extensions: 22
[2019-01-06 17:52:25.517] [sharedprocess] [info] Scanned user extensions: 22
[2019-01-06 17:57:25.546] [sharedprocess] [info] Scanned user extensions: 22
[2019-01-06 18:02:25.576] [sharedprocess] [info] Scanned user extensions: 22
[2019-01-06 18:07:25.613] [sharedprocess] [info] Scanned user extensions: 22
[2019-01-06 18:12:25.640] [sharedprocess] [info] Scanned user extensions: 22
[2019-01-06 18:17:25.665] [sharedprocess] [info] Scanned user extensions: 22
[2019-01-06 18:22:25.695] [sharedprocess] [info] Scanned user extensions: 22
[2019-01-06 18:27:25.729] [sharedprocess] [info] Scanned user extensions: 22
[2019-01-06 18:32:25.764] [sharedprocess] [info] Scanned user extensions: 22
[2019-01-06 18:37:25.798] [sharedprocess] [info] Scanned user extensions: 22
[2019-01-06 18:42:25.827] [sharedprocess] [info] Scanned user extensions: 22
[2019-01-06 18:47:25.862] [sharedprocess] [info] Scanned user extensions: 22
[2019-01-06 18:52:26.044] [sharedprocess] [info] Scanned user extensions: 22
[2019-01-06 18:57:26.071] [sharedprocess] [info] Scanned user extensions: 22
[2019-01-06 19:02:26.096] [sharedprocess] [info] Scanned user extensions: 22
[2019-01-06 19:07:26.128] [sharedprocess] [info] Scanned user extensions: 22
[2019-01-06 19:12:26.159] [sharedprocess] [info] Scanned user extensions: 22
[2019-01-06 19:17:26.191] [sharedprocess] [info] Scanned user extensions: 22
[2019-01-06 19:22:26.226] [sharedprocess] [info] Scanned user extensions: 22
[2019-01-06 19:27:26.252] [sharedprocess] [info] Scanned user extensions: 22
[2019-01-06 19:32:26.284] [sharedprocess] [info] Scanned user extensions: 22
[2019-01-06 19:37:26.319] [sharedprocess] [info] Scanned user extensions: 22
[2019-01-06 19:42:26.353] [sharedprocess] [info] Scanned user extensions: 22
[2019-01-06 19:47:26.387] [sharedprocess] [info] Scanned user extensions: 22
[2019-01-06 19:52:26.571] [sharedprocess] [info] Scanned user extensions: 22
[2019-01-06 19:57:26.601] [sharedprocess] [info] Scanned user extensions: 22
[2019-01-06 20:02:26.635] [sharedprocess] [info] Scanned user extensions: 22
[2019-01-06 20:07:26.665] [sharedprocess] [info] Scanned user extensions: 22
[2019-01-06 20:12:26.696] [sharedprocess] [info] Scanned user extensions: 22
[2019-01-06 20:17:26.729] [sharedprocess] [info] Scanned user extensions: 22
[2019-01-06 20:22:26.766] [sharedprocess] [info] Scanned user extensions: 22
[2019-01-06 20:27:26.794] [sharedprocess] [info] Scanned user extensions: 22
[2019-01-06 20:32:26.818] [sharedprocess] [info] Scanned user extensions: 22
[2019-01-06 20:37:26.850] [sharedprocess] [info] Scanned user extensions: 22
[2019-01-06 20:42:26.878] [sharedprocess] [info] Scanned user extensions: 22
[2019-01-06 20:47:26.916] [sharedprocess] [info] Scanned user extensions: 22
[2019-01-06 20:52:27.087] [sharedprocess] [info] Scanned user extensions: 22
[2019-01-06 20:57:27.123] [sharedprocess] [info] Scanned user extensions: 22
[2019-01-06 21:02:27.156] [sharedprocess] [info] Scanned user extensions: 22
[2019-01-06 21:07:27.194] [sharedprocess] [info] Scanned user extensions: 22
[2019-01-06 21:12:27.230] [sharedprocess] [info] Scanned user extensions: 22
[2019-01-06 21:17:27.263] [sharedprocess] [info] Scanned user extensions: 22
[2019-01-06 21:22:27.300] [sharedprocess] [info] Scanned user extensions: 22
[2019-01-06 21:25:44.374] [sharedprocess] [info] Scanned user extensions: 22
[2019-01-06 21:25:44.430] [sharedprocess] [info] Scanned system extensions: 71
[2019-01-06 21:25:45.183] [sharedprocess] [info] Scanned user extensions: 22
[2019-01-06 21:30:45.304] [sharedprocess] [info] Scanned user extensions: 22
[2019-01-06 21:35:45.339] [sharedprocess] [info] Scanned user extensions: 22
[2019-01-06 21:40:45.386] [sharedprocess] [info] Scanned user extensions: 22
[2019-01-06 21:45:45.434] [sharedprocess] [info] Scanned user extensions: 22
[2019-01-06 21:50:45.467] [sharedprocess] [info] Scanned user extensions: 22
[2019-01-06 21:55:45.634] [sharedprocess] [info] Scanned user extensions: 22
[2019-01-06 22:00:45.682] [sharedprocess] [info] Scanned user extensions: 22
[2019-01-06 22:05:45.720] [sharedprocess] [info] Scanned user extensions: 22
[2019-01-06 22:10:45.766] [sharedprocess] [info] Scanned user extensions: 22
[2019-01-06 22:15:45.802] [sharedprocess] [info] Scanned user extensions: 22
[2019-01-06 22:20:45.836] [sharedprocess] [info] Scanned user extensions: 22
[2019-01-06 22:25:45.867] [sharedprocess] [info] Scanned user extensions: 22
[2019-01-06 22:30:45.899] [sharedprocess] [info] Scanned user extensions: 22
[2019-01-06 22:35:45.931] [sharedprocess] [info] Scanned user extensions: 22
[2019-01-06 22:40:45.963] [sharedprocess] [info] Scanned user extensions: 22
[2019-01-06 22:45:46.000] [sharedprocess] [info] Scanned user extensions: 22
[2019-01-06 22:50:46.029] [sharedprocess] [info] Scanned user extensions: 22
[2019-01-06 22:55:46.216] [sharedprocess] [info] Scanned user extensions: 22
[2019-01-06 23:00:46.245] [sharedprocess] [info] Scanned user extensions: 22
[2019-01-06 23:05:46.276] [sharedprocess] [info] Scanned user extensions: 22
[2019-01-06 23:10:46.311] [sharedprocess] [info] Scanned user extensions: 22
[2019-01-06 23:15:46.339] [sharedprocess] [info] Scanned user extensions: 22
[2019-01-06 23:20:46.373] [sharedprocess] [info] Scanned user extensions: 22
[2019-01-06 23:25:46.407] [sharedprocess] [info] Scanned user extensions: 22
[2019-01-06 23:30:46.444] [sharedprocess] [info] Scanned user extensions: 22
[2019-01-06 23:35:46.489] [sharedprocess] [info] Scanned user extensions: 22
[2019-01-06 23:40:46.524] [sharedprocess] [info] Scanned user extensions: 22
[2019-01-06 23:45:46.549] [sharedprocess] [info] Scanned user extensions: 22
[2019-01-06 23:50:46.572] [sharedprocess] [info] Scanned user extensions: 22
[2019-01-06 23:55:46.747] [sharedprocess] [info] Scanned user extensions: 22
[2019-01-07 00:00:46.775] [sharedprocess] [info] Scanned user extensions: 22
