[2018-11-19 19:05:16.925] [exthost] [info] extension host started
[2018-11-19 19:05:17.018] [exthost] [info] ExtensionService#_doActivateExtension vscode.debug-auto-launch {"startup":true,"activationEvent":"*"}
[2018-11-19 19:05:17.018] [exthost] [info] ExtensionService#loadCommonJSModule /opt/visual-studio-code/resources/app/extensions/debug-auto-launch/dist/extension
[2018-11-19 19:05:17.029] [exthost] [info] ExtensionService#_doActivateExtension vscode.emmet {"startup":true,"activationEvent":"*"}
[2018-11-19 19:05:17.029] [exthost] [info] ExtensionService#loadCommonJSModule /opt/visual-studio-code/resources/app/extensions/emmet/dist/extension
[2018-11-19 19:05:17.076] [exthost] [info] ExtensionService#_doActivateExtension vscode.git {"startup":true,"activationEvent":"*"}
[2018-11-19 19:05:17.076] [exthost] [info] ExtensionService#loadCommonJSModule /opt/visual-studio-code/resources/app/extensions/git/dist/main
[2018-11-19 19:05:17.396] [exthost] [info] ExtensionService#_doActivateExtension vscode.merge-conflict {"startup":true,"activationEvent":"*"}
[2018-11-19 19:05:17.396] [exthost] [info] ExtensionService#loadCommonJSModule /opt/visual-studio-code/resources/app/extensions/merge-conflict/dist/extension
[2018-11-19 19:05:17.416] [exthost] [info] ExtensionService#_doActivateExtension christian-kohler.path-intellisense {"startup":true,"activationEvent":"*"}
[2018-11-19 19:05:17.416] [exthost] [info] ExtensionService#loadCommonJSModule /home/lvzbel/.vscode/extensions/christian-kohler.path-intellisense-1.4.2/out/src/extension
[2018-11-19 19:05:17.443] [exthost] [info] ExtensionService#_doActivateExtension CoenraadS.bracket-pair-colorizer {"startup":true,"activationEvent":"*"}
[2018-11-19 19:05:17.443] [exthost] [info] ExtensionService#loadCommonJSModule /home/lvzbel/.vscode/extensions/coenraads.bracket-pair-colorizer-1.0.61/out/src/extension
[2018-11-19 19:05:17.485] [exthost] [info] ExtensionService#_doActivateExtension Equinusocio.vsc-material-theme {"startup":true,"activationEvent":"*"}
[2018-11-19 19:05:17.485] [exthost] [info] ExtensionService#loadCommonJSModule /home/lvzbel/.vscode/extensions/equinusocio.vsc-material-theme-2.5.1/extensions/material.theme.config.js
[2018-11-19 19:05:17.512] [exthost] [info] ExtensionService#_doActivateExtension esbenp.prettier-vscode {"startup":true,"activationEvent":"*"}
[2018-11-19 19:05:17.512] [exthost] [info] ExtensionService#loadCommonJSModule /home/lvzbel/.vscode/extensions/esbenp.prettier-vscode-1.7.2/out/src/extension
[2018-11-19 19:05:17.897] [exthost] [info] ExtensionService#_doActivateExtension lihui.vs-color-picker {"startup":true,"activationEvent":"*"}
[2018-11-19 19:05:17.897] [exthost] [info] ExtensionService#loadCommonJSModule /home/lvzbel/.vscode/extensions/lihui.vs-color-picker-0.7.0/out/src/extension
[2018-11-19 19:05:17.904] [exthost] [info] ExtensionService#_doActivateExtension naumovs.color-highlight {"startup":true,"activationEvent":"*"}
[2018-11-19 19:05:17.904] [exthost] [info] ExtensionService#loadCommonJSModule /home/lvzbel/.vscode/extensions/naumovs.color-highlight-2.3.0/dist/extension
[2018-11-19 19:05:17.991] [exthost] [info] ExtensionService#_doActivateExtension PKief.material-icon-theme {"startup":true,"activationEvent":"*"}
[2018-11-19 19:05:17.991] [exthost] [info] ExtensionService#loadCommonJSModule /home/lvzbel/.vscode/extensions/pkief.material-icon-theme-3.6.0/out/src/extension
[2018-11-19 19:05:18.099] [exthost] [info] ExtensionService#_doActivateExtension ritwickdey.LiveServer {"startup":true,"activationEvent":"*"}
[2018-11-19 19:05:18.099] [exthost] [info] ExtensionService#loadCommonJSModule /home/lvzbel/.vscode/extensions/ritwickdey.liveserver-5.2.0/out/src/extension
[2018-11-19 19:05:18.892] [exthost] [info] eager extensions activated
[2018-11-21 19:42:46.496] [exthost] [info] ExtensionService#_doActivateExtension vscode.typescript-language-features {"startup":false,"activationEvent":"onLanguage:javascript"}
[2018-11-21 19:42:46.496] [exthost] [info] ExtensionService#loadCommonJSModule /opt/visual-studio-code/resources/app/extensions/typescript-language-features/dist/extension
[2018-11-21 19:43:53.763] [exthost] [info] ExtensionService#_doActivateExtension vscode.extension-editing {"startup":false,"activationEvent":"onLanguage:typescript"}
[2018-11-21 19:43:53.763] [exthost] [info] ExtensionService#loadCommonJSModule /opt/visual-studio-code/resources/app/extensions/extension-editing/dist/extension
