[Info  - 2:59:08 PM] Using tsserver from: /opt/visual-studio-code/resources/app/extensions/node_modules/typescript/lib
[Info  - 2:59:08 PM] Forking TSServer
[Info  - 2:59:08 PM] Started TSServer
[Error  - 3:11:43 PM] 'getCodeFixes' request failed with error.
Error processing request. Cannot read property 'parent' of undefined
TypeError: Cannot read property 'parent' of undefined
    at Object.deleteDeclaration (/opt/visual-studio-code/resources/app/extensions/node_modules/typescript/lib/tsserver.js:106172:56)
    at _loop_8 (/opt/visual-studio-code/resources/app/extensions/node_modules/typescript/lib/tsserver.js:105806:47)
    at ChangeTracker.finishDeleteDeclarations (/opt/visual-studio-code/resources/app/extensions/node_modules/typescript/lib/tsserver.js:105813:21)
    at ChangeTracker.getChanges (/opt/visual-studio-code/resources/app/extensions/node_modules/typescript/lib/tsserver.js:105833:22)
    at Function.ChangeTracker.with (/opt/visual-studio-code/resources/app/extensions/node_modules/typescript/lib/tsserver.js:105391:32)
    at Object.getCodeActions (/opt/visual-studio-code/resources/app/extensions/node_modules/typescript/lib/tsserver.js:109086:68)
    at /opt/visual-studio-code/resources/app/extensions/node_modules/typescript/lib/tsserver.js:106348:121
    at Object.flatMap (/opt/visual-studio-code/resources/app/extensions/node_modules/typescript/lib/tsserver.js:499:25)
    at Object.getFixes (/opt/visual-studio-code/resources/app/extensions/node_modules/typescript/lib/tsserver.js:106348:23)
    at /opt/visual-studio-code/resources/app/extensions/node_modules/typescript/lib/tsserver.js:115073:35
    at Object.flatMap (/opt/visual-studio-code/resources/app/extensions/node_modules/typescript/lib/tsserver.js:499:25)
    at Object.getCodeFixesAtPosition (/opt/visual-studio-code/resources/app/extensions/node_modules/typescript/lib/tsserver.js:115071:23)
    at IOSession.Session.getCodeFixes (/opt/visual-studio-code/resources/app/extensions/node_modules/typescript/lib/tsserver.js:122897:64)
    at Session.handlers.ts.createMapFromTemplate._a.(anonymous function) (/opt/visual-studio-code/resources/app/extensions/node_modules/typescript/lib/tsserver.js:121753:61)
    at /opt/visual-studio-code/resources/app/extensions/node_modules/typescript/lib/tsserver.js:123057:88
    at IOSession.Session.executeWithRequestId (/opt/visual-studio-code/resources/app/extensions/node_modules/typescript/lib/tsserver.js:123048:28)
    at IOSession.Session.executeCommand (/opt/visual-studio-code/resources/app/extensions/node_modules/typescript/lib/tsserver.js:123057:33)
    at IOSession.Session.onMessage (/opt/visual-studio-code/resources/app/extensions/node_modules/typescript/lib/tsserver.js:123077:35)
    at Interface.<anonymous> (/opt/visual-studio-code/resources/app/extensions/node_modules/typescript/lib/tsserver.js:124340:27)
    at emitOne (events.js:116:13)
    at Interface.emit (events.js:211:7)
    at Interface._onLine (readline.js:282:10)
    at Interface._normalWrite (readline.js:424:12)
    at Socket.ondata (readline.js:141:10)
    at emitOne (events.js:116:13)
    at Socket.emit (events.js:211:7)
    at addChunk (_stream_readable.js:263:12)
    at readableAddChunk (_stream_readable.js:250:11)
    at Socket.Readable.push (_stream_readable.js:208:10)
    at Pipe.onread (net.js:594:20)
[Error  - 3:21:54 PM] 'getCodeFixes' request failed with error.
Error processing request. Cannot read property 'parent' of undefined
TypeError: Cannot read property 'parent' of undefined
    at Object.deleteDeclaration (/opt/visual-studio-code/resources/app/extensions/node_modules/typescript/lib/tsserver.js:106172:56)
    at _loop_8 (/opt/visual-studio-code/resources/app/extensions/node_modules/typescript/lib/tsserver.js:105806:47)
    at ChangeTracker.finishDeleteDeclarations (/opt/visual-studio-code/resources/app/extensions/node_modules/typescript/lib/tsserver.js:105813:21)
    at ChangeTracker.getChanges (/opt/visual-studio-code/resources/app/extensions/node_modules/typescript/lib/tsserver.js:105833:22)
    at Function.ChangeTracker.with (/opt/visual-studio-code/resources/app/extensions/node_modules/typescript/lib/tsserver.js:105391:32)
    at Object.getCodeActions (/opt/visual-studio-code/resources/app/extensions/node_modules/typescript/lib/tsserver.js:109086:68)
    at /opt/visual-studio-code/resources/app/extensions/node_modules/typescript/lib/tsserver.js:106348:121
    at Object.flatMap (/opt/visual-studio-code/resources/app/extensions/node_modules/typescript/lib/tsserver.js:499:25)
    at Object.getFixes (/opt/visual-studio-code/resources/app/extensions/node_modules/typescript/lib/tsserver.js:106348:23)
    at /opt/visual-studio-code/resources/app/extensions/node_modules/typescript/lib/tsserver.js:115073:35
    at Object.flatMap (/opt/visual-studio-code/resources/app/extensions/node_modules/typescript/lib/tsserver.js:499:25)
    at Object.getCodeFixesAtPosition (/opt/visual-studio-code/resources/app/extensions/node_modules/typescript/lib/tsserver.js:115071:23)
    at IOSession.Session.getCodeFixes (/opt/visual-studio-code/resources/app/extensions/node_modules/typescript/lib/tsserver.js:122897:64)
    at Session.handlers.ts.createMapFromTemplate._a.(anonymous function) (/opt/visual-studio-code/resources/app/extensions/node_modules/typescript/lib/tsserver.js:121753:61)
    at /opt/visual-studio-code/resources/app/extensions/node_modules/typescript/lib/tsserver.js:123057:88
    at IOSession.Session.executeWithRequestId (/opt/visual-studio-code/resources/app/extensions/node_modules/typescript/lib/tsserver.js:123048:28)
    at IOSession.Session.executeCommand (/opt/visual-studio-code/resources/app/extensions/node_modules/typescript/lib/tsserver.js:123057:33)
    at IOSession.Session.onMessage (/opt/visual-studio-code/resources/app/extensions/node_modules/typescript/lib/tsserver.js:123077:35)
    at Interface.<anonymous> (/opt/visual-studio-code/resources/app/extensions/node_modules/typescript/lib/tsserver.js:124340:27)
    at emitOne (events.js:116:13)
    at Interface.emit (events.js:211:7)
    at Interface._onLine (readline.js:282:10)
    at Interface._normalWrite (readline.js:424:12)
    at Socket.ondata (readline.js:141:10)
    at emitOne (events.js:116:13)
    at Socket.emit (events.js:211:7)
    at addChunk (_stream_readable.js:263:12)
    at readableAddChunk (_stream_readable.js:250:11)
    at Socket.Readable.push (_stream_readable.js:208:10)
    at Pipe.onread (net.js:594:20)
[Error  - 3:35:59 PM] 'completionInfo' request failed with error.
Error processing request. Debug Failure. Did not expect JsxSelfClosingElement to have an Identifier in its trivia
Error: Debug Failure. Did not expect JsxSelfClosingElement to have an Identifier in its trivia
    at addSyntheticNodes (/opt/visual-studio-code/resources/app/extensions/node_modules/typescript/lib/tsserver.js:113789:30)
    at createChildren (/opt/visual-studio-code/resources/app/extensions/node_modules/typescript/lib/tsserver.js:113778:9)
    at NodeObject.getChildren (/opt/visual-studio-code/resources/app/extensions/node_modules/typescript/lib/tsserver.js:113722:56)
    at getTokenAtPositionWorker (/opt/visual-studio-code/resources/app/extensions/node_modules/typescript/lib/tsserver.js:91005:43)
    at Object.getTokenAtPosition (/opt/visual-studio-code/resources/app/extensions/node_modules/typescript/lib/tsserver.js:90997:16)
    at Object.getRangeOfEnclosingComment (/opt/visual-studio-code/resources/app/extensions/node_modules/typescript/lib/tsserver.js:104608:68)
    at isInComment (/opt/visual-studio-code/resources/app/extensions/node_modules/typescript/lib/tsserver.js:91316:30)
    at isInReferenceCommentWorker (/opt/visual-studio-code/resources/app/extensions/node_modules/typescript/lib/tsserver.js:91433:21)
    at Object.isInReferenceComment (/opt/visual-studio-code/resources/app/extensions/node_modules/typescript/lib/tsserver.js:91425:16)
    at Object.getCompletionsAtPosition (/opt/visual-studio-code/resources/app/extensions/node_modules/typescript/lib/tsserver.js:93492:20)
    at Object.getCompletionsAtPosition (/opt/visual-studio-code/resources/app/extensions/node_modules/typescript/lib/tsserver.js:114766:35)
    at IOSession.Session.getCompletions (/opt/visual-studio-code/resources/app/extensions/node_modules/typescript/lib/tsserver.js:122576:64)
    at Session.handlers.ts.createMapFromTemplate._a.(anonymous function) (/opt/visual-studio-code/resources/app/extensions/node_modules/typescript/lib/tsserver.js:121629:61)
    at /opt/visual-studio-code/resources/app/extensions/node_modules/typescript/lib/tsserver.js:123057:88
    at IOSession.Session.executeWithRequestId (/opt/visual-studio-code/resources/app/extensions/node_modules/typescript/lib/tsserver.js:123048:28)
    at IOSession.Session.executeCommand (/opt/visual-studio-code/resources/app/extensions/node_modules/typescript/lib/tsserver.js:123057:33)
    at IOSession.Session.onMessage (/opt/visual-studio-code/resources/app/extensions/node_modules/typescript/lib/tsserver.js:123077:35)
    at Interface.<anonymous> (/opt/visual-studio-code/resources/app/extensions/node_modules/typescript/lib/tsserver.js:124340:27)
    at emitOne (events.js:116:13)
    at Interface.emit (events.js:211:7)
    at Interface._onLine (readline.js:282:10)
    at Interface._normalWrite (readline.js:424:12)
    at Socket.ondata (readline.js:141:10)
    at emitOne (events.js:116:13)
    at Socket.emit (events.js:211:7)
    at addChunk (_stream_readable.js:263:12)
    at readableAddChunk (_stream_readable.js:250:11)
    at Socket.Readable.push (_stream_readable.js:208:10)
    at Pipe.onread (net.js:594:20)
[Error  - 3:35:59 PM] 'getApplicableRefactors' request failed with error.
Error processing request. Debug Failure. Did not expect JsxSelfClosingElement to have an Identifier in its trivia
Error: Debug Failure. Did not expect JsxSelfClosingElement to have an Identifier in its trivia
    at addSyntheticNodes (/opt/visual-studio-code/resources/app/extensions/node_modules/typescript/lib/tsserver.js:113789:30)
    at createChildren (/opt/visual-studio-code/resources/app/extensions/node_modules/typescript/lib/tsserver.js:113778:9)
    at NodeObject.getChildren (/opt/visual-studio-code/resources/app/extensions/node_modules/typescript/lib/tsserver.js:113722:56)
    at getTokenAtPositionWorker (/opt/visual-studio-code/resources/app/extensions/node_modules/typescript/lib/tsserver.js:91005:43)
    at Object.getTokenAtPosition (/opt/visual-studio-code/resources/app/extensions/node_modules/typescript/lib/tsserver.js:90997:16)
    at getInfo (/opt/visual-studio-code/resources/app/extensions/node_modules/typescript/lib/tsserver.js:110914:28)
    at Object.getAvailableActions (/opt/visual-studio-code/resources/app/extensions/node_modules/typescript/lib/tsserver.js:110898:28)
    at /opt/visual-studio-code/resources/app/extensions/node_modules/typescript/lib/tsserver.js:106397:128
    at getIterator (/opt/visual-studio-code/resources/app/extensions/node_modules/typescript/lib/tsserver.js:535:23)
    at Object.flatMapIterator (/opt/visual-studio-code/resources/app/extensions/node_modules/typescript/lib/tsserver.js:518:27)
    at Object.getApplicableRefactors (/opt/visual-studio-code/resources/app/extensions/node_modules/typescript/lib/tsserver.js:106396:36)
    at Object.getApplicableRefactors (/opt/visual-studio-code/resources/app/extensions/node_modules/typescript/lib/tsserver.js:115321:32)
    at IOSession.Session.getApplicableRefactors (/opt/visual-studio-code/resources/app/extensions/node_modules/typescript/lib/tsserver.js:122846:53)
    at Session.handlers.ts.createMapFromTemplate._a.(anonymous function) (/opt/visual-studio-code/resources/app/extensions/node_modules/typescript/lib/tsserver.js:121771:61)
    at /opt/visual-studio-code/resources/app/extensions/node_modules/typescript/lib/tsserver.js:123057:88
    at IOSession.Session.executeWithRequestId (/opt/visual-studio-code/resources/app/extensions/node_modules/typescript/lib/tsserver.js:123048:28)
    at IOSession.Session.executeCommand (/opt/visual-studio-code/resources/app/extensions/node_modules/typescript/lib/tsserver.js:123057:33)
    at IOSession.Session.onMessage (/opt/visual-studio-code/resources/app/extensions/node_modules/typescript/lib/tsserver.js:123077:35)
    at Interface.<anonymous> (/opt/visual-studio-code/resources/app/extensions/node_modules/typescript/lib/tsserver.js:124340:27)
    at emitOne (events.js:116:13)
    at Interface.emit (events.js:211:7)
    at Interface._onLine (readline.js:282:10)
    at Interface._normalWrite (readline.js:424:12)
    at Socket.ondata (readline.js:141:10)
    at emitOne (events.js:116:13)
    at Socket.emit (events.js:211:7)
    at addChunk (_stream_readable.js:263:12)
    at readableAddChunk (_stream_readable.js:250:11)
    at Socket.Readable.push (_stream_readable.js:208:10)
    at Pipe.onread (net.js:594:20)
[Error  - 3:35:59 PM] 'getApplicableRefactors' request failed with error.
Error processing request. Debug Failure. Did not expect JsxSelfClosingElement to have an Identifier in its trivia
Error: Debug Failure. Did not expect JsxSelfClosingElement to have an Identifier in its trivia
    at addSyntheticNodes (/opt/visual-studio-code/resources/app/extensions/node_modules/typescript/lib/tsserver.js:113789:30)
    at createChildren (/opt/visual-studio-code/resources/app/extensions/node_modules/typescript/lib/tsserver.js:113778:9)
    at NodeObject.getChildren (/opt/visual-studio-code/resources/app/extensions/node_modules/typescript/lib/tsserver.js:113722:56)
    at getTokenAtPositionWorker (/opt/visual-studio-code/resources/app/extensions/node_modules/typescript/lib/tsserver.js:91005:43)
    at Object.getTokenAtPosition (/opt/visual-studio-code/resources/app/extensions/node_modules/typescript/lib/tsserver.js:90997:16)
    at getInfo (/opt/visual-studio-code/resources/app/extensions/node_modules/typescript/lib/tsserver.js:110914:28)
    at Object.getAvailableActions (/opt/visual-studio-code/resources/app/extensions/node_modules/typescript/lib/tsserver.js:110898:28)
    at /opt/visual-studio-code/resources/app/extensions/node_modules/typescript/lib/tsserver.js:106397:128
    at getIterator (/opt/visual-studio-code/resources/app/extensions/node_modules/typescript/lib/tsserver.js:535:23)
    at Object.flatMapIterator (/opt/visual-studio-code/resources/app/extensions/node_modules/typescript/lib/tsserver.js:518:27)
    at Object.getApplicableRefactors (/opt/visual-studio-code/resources/app/extensions/node_modules/typescript/lib/tsserver.js:106396:36)
    at Object.getApplicableRefactors (/opt/visual-studio-code/resources/app/extensions/node_modules/typescript/lib/tsserver.js:115321:32)
    at IOSession.Session.getApplicableRefactors (/opt/visual-studio-code/resources/app/extensions/node_modules/typescript/lib/tsserver.js:122846:53)
    at Session.handlers.ts.createMapFromTemplate._a.(anonymous function) (/opt/visual-studio-code/resources/app/extensions/node_modules/typescript/lib/tsserver.js:121771:61)
    at /opt/visual-studio-code/resources/app/extensions/node_modules/typescript/lib/tsserver.js:123057:88
    at IOSession.Session.executeWithRequestId (/opt/visual-studio-code/resources/app/extensions/node_modules/typescript/lib/tsserver.js:123048:28)
    at IOSession.Session.executeCommand (/opt/visual-studio-code/resources/app/extensions/node_modules/typescript/lib/tsserver.js:123057:33)
    at IOSession.Session.onMessage (/opt/visual-studio-code/resources/app/extensions/node_modules/typescript/lib/tsserver.js:123077:35)
    at Interface.<anonymous> (/opt/visual-studio-code/resources/app/extensions/node_modules/typescript/lib/tsserver.js:124340:27)
    at emitOne (events.js:116:13)
    at Interface.emit (events.js:211:7)
    at Interface._onLine (readline.js:282:10)
    at Interface._normalWrite (readline.js:424:12)
    at Socket.ondata (readline.js:141:10)
    at emitOne (events.js:116:13)
    at Socket.emit (events.js:211:7)
    at addChunk (_stream_readable.js:263:12)
    at readableAddChunk (_stream_readable.js:250:11)
    at Socket.Readable.push (_stream_readable.js:208:10)
    at Pipe.onread (net.js:594:20)
