Looking for git in: git
Using git 2.20.0 from git
> git rev-parse --show-toplevel
> git config --get commit.template
Open repository: /home/lvzbel/GitHub/react-course-projects
> git status -z -u
> git symbolic-ref --short HEAD
> git rev-parse master
> git rev-parse --symbolic-full-name master@{u}
> git rev-list --left-right master...refs/remotes/origin/master
> git for-each-ref --format %(refname) %(objectname) --sort -committerdate
> git remote --verbose
> git show :expensify-app/src/components/NotFoundPage.js
> git check-ignore -z --stdin
> git check-ignore -z --stdin
> git check-ignore -z --stdin
> git check-ignore -z --stdin
> git show :expensify-app/src/tests/components/ExpenseList.test.js
> git ls-files --stage -- expensify-app/src/tests/components/
> git check-ignore -z --stdin
> git status -z -u
> git symbolic-ref --short HEAD
> git rev-parse master
> git rev-parse --symbolic-full-name master@{u}
> git rev-list --left-right master...refs/remotes/origin/master
> git for-each-ref --format %(refname) %(objectname) --sort -committerdate
> git remote --verbose
> git show :expensify-app/src/components/ExpenseList.js
> git status -z -u
> git symbolic-ref --short HEAD
> git rev-parse master
> git rev-parse --symbolic-full-name master@{u}
> git rev-list --left-right master...refs/remotes/origin/master
> git for-each-ref --format %(refname) %(objectname) --sort -committerdate
> git remote --verbose
> git status -z -u
> git symbolic-ref --short HEAD
> git rev-parse master
> git rev-parse --symbolic-full-name master@{u}
> git rev-list --left-right master...refs/remotes/origin/master
> git for-each-ref --format %(refname) %(objectname) --sort -committerdate
> git remote --verbose
> git status -z -u
> git symbolic-ref --short HEAD
> git rev-parse master
> git rev-parse --symbolic-full-name master@{u}
> git rev-list --left-right master...refs/remotes/origin/master
> git for-each-ref --format %(refname) %(objectname) --sort -committerdate
> git remote --verbose
> git show :expensify-app/src/tests/setupTests.js
> git show :expensify-app/src/tests/components/ExpenseList.test.js
> git ls-files --stage -- expensify-app/src/tests/components/
> git status -z -u
> git symbolic-ref --short HEAD
> git rev-parse master
> git rev-parse --symbolic-full-name master@{u}
> git rev-list --left-right master...refs/remotes/origin/master
> git for-each-ref --format %(refname) %(objectname) --sort -committerdate
> git remote --verbose
> git check-ignore -z --stdin
> git show :expensify-app/src/tests/components/__snapshots__/ExpenseList.test.js.snap
> git ls-files --stage -- expensify-app/src/tests/components/__snapshots__/
> git status -z -u
> git symbolic-ref --short HEAD
> git rev-parse master
> git rev-parse --symbolic-full-name master@{u}
> git rev-list --left-right master...refs/remotes/origin/master
> git for-each-ref --format %(refname) %(objectname) --sort -committerdate
> git remote --verbose
> git status -z -u
> git symbolic-ref --short HEAD
> git rev-parse master
> git rev-parse --symbolic-full-name master@{u}
> git rev-list --left-right master...refs/remotes/origin/master
> git for-each-ref --format %(refname) %(objectname) --sort -committerdate
> git remote --verbose
> git status -z -u
> git symbolic-ref --short HEAD
> git rev-parse master
> git rev-parse --symbolic-full-name master@{u}
> git rev-list --left-right master...refs/remotes/origin/master
> git for-each-ref --format %(refname) %(objectname) --sort -committerdate
> git remote --verbose
> git show :expensify-app/src/tests/components/ExpenseList.test.js
> git ls-files --stage -- expensify-app/src/tests/components/
> git status -z -u
> git symbolic-ref --short HEAD
> git rev-parse master
> git rev-parse --symbolic-full-name master@{u}
> git rev-list --left-right master...refs/remotes/origin/master
> git for-each-ref --format %(refname) %(objectname) --sort -committerdate
> git remote --verbose
> git status -z -u
> git symbolic-ref --short HEAD
> git rev-parse master
> git rev-parse --symbolic-full-name master@{u}
> git rev-list --left-right master...refs/remotes/origin/master
> git for-each-ref --format %(refname) %(objectname) --sort -committerdate
> git remote --verbose
> git show :expensify-app/src/tests/components/__snapshots__/ExpenseList.test.js.snap
> git ls-files --stage -- expensify-app/src/tests/components/__snapshots__/
> git show :expensify-app/src/tests/components/ExpenseList.test.js
> git ls-files --stage -- expensify-app/src/tests/components/
> git show :expensify-app/src/components/ExpenseListItem.js
> git show :expensify-app/src/tests/components/ExpenseListItem.test.js
> git ls-files --stage -- expensify-app/src/tests/components/
> git check-ignore -z --stdin
> git status -z -u
> git symbolic-ref --short HEAD
> git rev-parse master
> git rev-parse --symbolic-full-name master@{u}
> git rev-list --left-right master...refs/remotes/origin/master
> git for-each-ref --format %(refname) %(objectname) --sort -committerdate
> git remote --verbose
> git show :expensify-app/src/components/ExpenseListItem.js
> git show :expensify-app/src/tests/components/ExpenseList.test.js
> git ls-files --stage -- expensify-app/src/tests/components/
> git show :expensify-app/src/tests/components/ExpenseListItem.test.js
> git ls-files --stage -- expensify-app/src/tests/components/
> git show :expensify-app/src/tests/components/ExpenseList.test.js
> git ls-files --stage -- expensify-app/src/tests/components/
> git show :expensify-app/src/tests/components/ExpenseListItem.test.js
> git ls-files --stage -- expensify-app/src/tests/components/
> git show :expensify-app/src/tests/components/ExpenseList.test.js
> git ls-files --stage -- expensify-app/src/tests/components/
> git show :expensify-app/src/tests/components/ExpenseListItem.test.js
> git ls-files --stage -- expensify-app/src/tests/components/
> git show :expensify-app/src/tests/components/ExpenseList.test.js
> git ls-files --stage -- expensify-app/src/tests/components/
> git show :expensify-app/src/tests/components/ExpenseListItem.test.js
> git ls-files --stage -- expensify-app/src/tests/components/
> git status -z -u
> git symbolic-ref --short HEAD
> git rev-parse master
> git rev-parse --symbolic-full-name master@{u}
> git rev-list --left-right master...refs/remotes/origin/master
> git for-each-ref --format %(refname) %(objectname) --sort -committerdate
> git remote --verbose
> git show :expensify-app/src/tests/components/ExpenseList.test.js
> git ls-files --stage -- expensify-app/src/tests/components/
> git show :expensify-app/src/tests/components/ExpenseListItem.test.js
> git ls-files --stage -- expensify-app/src/tests/components/
> git show :expensify-app/src/tests/components/ExpenseList.test.js
> git ls-files --stage -- expensify-app/src/tests/components/
> git show :expensify-app/src/tests/components/ExpenseListItem.test.js
> git ls-files --stage -- expensify-app/src/tests/components/
> git show :expensify-app/src/tests/components/ExpenseList.test.js
> git ls-files --stage -- expensify-app/src/tests/components/
> git show :expensify-app/src/components/ExpenseList.js
> git show :expensify-app/src/tests/components/ExpenseList.test.js
> git ls-files --stage -- expensify-app/src/tests/components/
> git show :expensify-app/src/tests/components/ExpenseListItem.test.js
> git ls-files --stage -- expensify-app/src/tests/components/
> git status -z -u
> git symbolic-ref --short HEAD
> git rev-parse master
> git rev-parse --symbolic-full-name master@{u}
> git rev-list --left-right master...refs/remotes/origin/master
> git for-each-ref --format %(refname) %(objectname) --sort -committerdate
> git remote --verbose
> git show :expensify-app/src/tests/components/ExpenseList.test.js
> git ls-files --stage -- expensify-app/src/tests/components/
> git show :expensify-app/src/tests/components/ExpenseListItem.test.js
> git ls-files --stage -- expensify-app/src/tests/components/
> git show :expensify-app/src/tests/components/ExpenseList.test.js
> git ls-files --stage -- expensify-app/src/tests/components/
> git show :expensify-app/src/components/ExpenseList.js
> git show :expensify-app/src/tests/components/ExpenseListItem.test.js
> git ls-files --stage -- expensify-app/src/tests/components/
> git status -z -u
> git symbolic-ref --short HEAD
> git rev-parse master
> git rev-parse --symbolic-full-name master@{u}
> git rev-list --left-right master...refs/remotes/origin/master
> git for-each-ref --format %(refname) %(objectname) --sort -committerdate
> git remote --verbose
> git show :expensify-app/src/components/ExpenseList.js
> git show :expensify-app/src/tests/components/ExpenseList.test.js
> git ls-files --stage -- expensify-app/src/tests/components/
> git show :expensify-app/src/tests/components/ExpenseListItem.test.js
> git ls-files --stage -- expensify-app/src/tests/components/
> git show :expensify-app/src/tests/components/ExpenseList.test.js
> git ls-files --stage -- expensify-app/src/tests/components/
> git show :expensify-app/src/tests/components/ExpenseListItem.test.js
> git ls-files --stage -- expensify-app/src/tests/components/
> git show :expensify-app/src/tests/components/ExpenseList.test.js
> git ls-files --stage -- expensify-app/src/tests/components/
> git show :expensify-app/src/tests/components/ExpenseListItem.test.js
> git ls-files --stage -- expensify-app/src/tests/components/
> git show :expensify-app/src/components/ExpenseList.js
> git show :expensify-app/src/tests/components/ExpenseList.test.js
> git ls-files --stage -- expensify-app/src/tests/components/
> git show :expensify-app/src/components/ExpenseList.js
> git show :expensify-app/src/tests/components/ExpenseListItem.test.js
> git ls-files --stage -- expensify-app/src/tests/components/
> git status -z -u
> git symbolic-ref --short HEAD
> git rev-parse master
> git rev-parse --symbolic-full-name master@{u}
> git rev-list --left-right master...refs/remotes/origin/master
> git for-each-ref --format %(refname) %(objectname) --sort -committerdate
> git remote --verbose
> git status -z -u
> git symbolic-ref --short HEAD
> git rev-parse master
> git rev-parse --symbolic-full-name master@{u}
> git rev-list --left-right master...refs/remotes/origin/master
> git for-each-ref --format %(refname) %(objectname) --sort -committerdate
> git remote --verbose
> git status -z -u
> git symbolic-ref --short HEAD
> git rev-parse master
> git rev-parse --symbolic-full-name master@{u}
> git rev-list --left-right master...refs/remotes/origin/master
> git for-each-ref --format %(refname) %(objectname) --sort -committerdate
> git remote --verbose
> git status -z -u
> git symbolic-ref --short HEAD
> git rev-parse master
> git rev-parse --symbolic-full-name master@{u}
> git rev-list --left-right master...refs/remotes/origin/master
> git for-each-ref --format %(refname) %(objectname) --sort -committerdate
> git remote --verbose
> git status -z -u
> git symbolic-ref --short HEAD
> git rev-parse master
> git rev-parse --symbolic-full-name master@{u}
> git rev-list --left-right master...refs/remotes/origin/master
> git for-each-ref --format %(refname) %(objectname) --sort -committerdate
> git remote --verbose
> git show :expensify-app/src/components/ExpenseList.js
> git show :expensify-app/src/tests/components/ExpenseList.test.js
> git ls-files --stage -- expensify-app/src/tests/components/
> git show :expensify-app/src/tests/components/ExpenseListItem.test.js
> git ls-files --stage -- expensify-app/src/tests/components/
> git status -z -u
> git symbolic-ref --short HEAD
> git rev-parse master
> git rev-parse --symbolic-full-name master@{u}
> git rev-list --left-right master...refs/remotes/origin/master
> git for-each-ref --format %(refname) %(objectname) --sort -committerdate
> git remote --verbose
> git show :expensify-app/src/tests/components/ExpenseList.test.js
> git ls-files --stage -- expensify-app/src/tests/components/
> git show :expensify-app/src/components/ExpenseList.js
> git show :expensify-app/src/tests/components/ExpenseList.test.js
> git ls-files --stage -- expensify-app/src/tests/components/
> git show :expensify-app/src/tests/components/ExpenseListItem.test.js
> git ls-files --stage -- expensify-app/src/tests/components/
> git status -z -u
> git symbolic-ref --short HEAD
> git rev-parse master
> git rev-parse --symbolic-full-name master@{u}
> git rev-list --left-right master...refs/remotes/origin/master
> git for-each-ref --format %(refname) %(objectname) --sort -committerdate
> git remote --verbose
> git status -z -u
> git symbolic-ref --short HEAD
> git rev-parse master
> git rev-parse --symbolic-full-name master@{u}
> git rev-list --left-right master...refs/remotes/origin/master
> git for-each-ref --format %(refname) %(objectname) --sort -committerdate
> git remote --verbose
> git show :expensify-app/src/tests/components/ExpenseList.test.js
> git ls-files --stage -- expensify-app/src/tests/components/
> git show :expensify-app/src/tests/components/ExpenseListItem.test.js
> git ls-files --stage -- expensify-app/src/tests/components/
> git status -z -u
> git symbolic-ref --short HEAD
> git rev-parse master
> git rev-parse --symbolic-full-name master@{u}
> git rev-list --left-right master...refs/remotes/origin/master
> git for-each-ref --format %(refname) %(objectname) --sort -committerdate
> git remote --verbose
> git status -z -u
> git symbolic-ref --short HEAD
> git rev-parse master
> git rev-parse --symbolic-full-name master@{u}
> git rev-list --left-right master...refs/remotes/origin/master
> git for-each-ref --format %(refname) %(objectname) --sort -committerdate
> git remote --verbose
> git status -z -u
> git symbolic-ref --short HEAD
> git rev-parse master
> git rev-parse --symbolic-full-name master@{u}
> git rev-list --left-right master...refs/remotes/origin/master
> git for-each-ref --format %(refname) %(objectname) --sort -committerdate
> git remote --verbose
> git status -z -u
> git symbolic-ref --short HEAD
> git rev-parse master
> git rev-parse --symbolic-full-name master@{u}
> git rev-list --left-right master...refs/remotes/origin/master
> git for-each-ref --format %(refname) %(objectname) --sort -committerdate
> git remote --verbose
> git check-ignore -z --stdin
> git show :expensify-app/src/tests/components/ExpenseList.test.js
> git ls-files --stage -- expensify-app/src/tests/components/
> git show :expensify-app/src/tests/components/ExpenseListItem.test.js
> git ls-files --stage -- expensify-app/src/tests/components/
> git show :expensify-app/src/tests/components/__snapshots__/ExpenseList.test.js.snap
> git ls-files --stage -- expensify-app/src/tests/components/__snapshots__/
> git show :expensify-app/src/tests/components/__snapshots__/ExpenseListItem.test.js.snap
> git ls-files --stage -- expensify-app/src/tests/components/__snapshots__/
> git show :expensify-app/src/tests/components/ExpenseListItem.test.js
> git ls-files --stage -- expensify-app/src/tests/components/
> git show :expensify-app/src/components/ExpenseList.js
> git show :expensify-app/src/components/ExpenseDasboardPage.js
> git show :expensify-app/src/components/NotFoundPage.js
> git show :expensify-app/src/tests/components/ExpenseDasboardPage.test.js
> git ls-files --stage -- expensify-app/src/tests/components/
> git check-ignore -z --stdin
> git status -z -u
> git symbolic-ref --short HEAD
> git rev-parse master
> git rev-parse --symbolic-full-name master@{u}
> git rev-list --left-right master...refs/remotes/origin/master
> git for-each-ref --format %(refname) %(objectname) --sort -committerdate
> git remote --verbose
> git show :expensify-app/src/components/NotFoundPage.js
> git show :expensify-app/src/tests/components/ExpenseDashboardPage.test.js
> git ls-files --stage -- expensify-app/src/tests/components/
> git check-ignore -z --stdin
> git status -z -u
> git symbolic-ref --short HEAD
> git rev-parse master
> git rev-parse --symbolic-full-name master@{u}
> git rev-list --left-right master...refs/remotes/origin/master
> git for-each-ref --format %(refname) %(objectname) --sort -committerdate
> git remote --verbose
> git show :expensify-app/src/tests/components/NotFoundPage.test.js
> git ls-files --stage -- expensify-app/src/tests/components/
> git check-ignore -z --stdin
> git status -z -u
> git symbolic-ref --short HEAD
> git rev-parse master
> git rev-parse --symbolic-full-name master@{u}
> git rev-list --left-right master...refs/remotes/origin/master
> git for-each-ref --format %(refname) %(objectname) --sort -committerdate
> git remote --verbose
> git show :expensify-app/src/tests/components/ExpenseDashboardPage.test.js
> git ls-files --stage -- expensify-app/src/tests/components/
> git show :expensify-app/src/components/ExpenseDasboardPage.js
> git status -z -u
> git symbolic-ref --short HEAD
> git rev-parse master
> git rev-parse --symbolic-full-name master@{u}
> git rev-list --left-right master...refs/remotes/origin/master
> git for-each-ref --format %(refname) %(objectname) --sort -committerdate
> git remote --verbose
> git check-ignore -z --stdin
> git status -z -u
> git symbolic-ref --short HEAD
> git rev-parse master
> git rev-parse --symbolic-full-name master@{u}
> git rev-list --left-right master...refs/remotes/origin/master
> git for-each-ref --format %(refname) %(objectname) --sort -committerdate
> git remote --verbose
> git show :expensify-app/src/tests/components/__snapshots__/ExpenseDashboardPage.test.js.snap
> git ls-files --stage -- expensify-app/src/tests/components/__snapshots__/
> git show :expensify-app/src/tests/components/ExpenseDashboardPage.test.js
> git ls-files --stage -- expensify-app/src/tests/components/
> git show :expensify-app/src/tests/components/NotFoundPage.test.js
> git ls-files --stage -- expensify-app/src/tests/components/
> git show :expensify-app/src/components/NotFoundPage.js
> git status -z -u
> git symbolic-ref --short HEAD
> git rev-parse master
> git rev-parse --symbolic-full-name master@{u}
> git rev-list --left-right master...refs/remotes/origin/master
> git for-each-ref --format %(refname) %(objectname) --sort -committerdate
> git remote --verbose
> git status -z -u
> git symbolic-ref --short HEAD
> git rev-parse master
> git rev-parse --symbolic-full-name master@{u}
> git rev-list --left-right master...refs/remotes/origin/master
> git for-each-ref --format %(refname) %(objectname) --sort -committerdate
> git remote --verbose
> git check-ignore -z --stdin
> git status -z -u
> git symbolic-ref --short HEAD
> git rev-parse master
> git rev-parse --symbolic-full-name master@{u}
> git rev-list --left-right master...refs/remotes/origin/master
> git for-each-ref --format %(refname) %(objectname) --sort -committerdate
> git remote --verbose
> git show :expensify-app/src/tests/components/__snapshots__/NotFoundPage.test.js.snap
> git ls-files --stage -- expensify-app/src/tests/components/__snapshots__/
> git show :expensify-app/src/tests/components/NotFoundPage.test.js
> git ls-files --stage -- expensify-app/src/tests/components/
> git show :expensify-app/src/tests/components/ExpenseDashboardPage.test.js
> git ls-files --stage -- expensify-app/src/tests/components/
> git show :expensify-app/src/tests/components/NotFoundPage.test.js
> git ls-files --stage -- expensify-app/src/tests/components/
> git show :expensify-app/src/tests/components/ExpenseDashboardPage.test.js
> git ls-files --stage -- expensify-app/src/tests/components/
> git show :expensify-app/src/tests/components/NotFoundPage.test.js
> git ls-files --stage -- expensify-app/src/tests/components/
> git show :expensify-app/src/tests/components/ExpenseDashboardPage.test.js
> git ls-files --stage -- expensify-app/src/tests/components/
> git show :expensify-app/src/tests/components/__snapshots__/NotFoundPage.test.js.snap
> git ls-files --stage -- expensify-app/src/tests/components/__snapshots__/
> git show :expensify-app/src/tests/components/__snapshots__/ExpenseDashboardPage.test.js.snap
> git ls-files --stage -- expensify-app/src/tests/components/__snapshots__/
> git show :expensify-app/src/tests/components/NotFoundPage.test.js
> git ls-files --stage -- expensify-app/src/tests/components/
> git show :expensify-app/src/tests/components/__snapshots__/NotFoundPage.test.js.snap
> git ls-files --stage -- expensify-app/src/tests/components/__snapshots__/
> git show :expensify-app/src/tests/components/NotFoundPage.test.js
> git ls-files --stage -- expensify-app/src/tests/components/
> git show :expensify-app/src/tests/components/__snapshots__/ExpenseDashboardPage.test.js.snap
> git ls-files --stage -- expensify-app/src/tests/components/__snapshots__/
> git show :expensify-app/src/tests/components/ExpenseDashboardPage.test.js
> git ls-files --stage -- expensify-app/src/tests/components/
> git show :expensify-app/src/tests/components/__snapshots__/ExpenseDashboardPage.test.js.snap
> git ls-files --stage -- expensify-app/src/tests/components/__snapshots__/
> git show :expensify-app/src/tests/components/ExpenseDashboardPage.test.js
> git ls-files --stage -- expensify-app/src/tests/components/
> git show :expensify-app/src/components/ExpenseForm.js
> git show :expensify-app/src/tests/components/ExpenseForm.test.js
> git ls-files --stage -- expensify-app/src/tests/components/
> git check-ignore -z --stdin
> git status -z -u
> git symbolic-ref --short HEAD
> git rev-parse master
> git rev-parse --symbolic-full-name master@{u}
> git rev-list --left-right master...refs/remotes/origin/master
> git for-each-ref --format %(refname) %(objectname) --sort -committerdate
> git remote --verbose
> git show :expensify-app/src/components/ExpenseForm.js
> git status -z -u
> git symbolic-ref --short HEAD
> git rev-parse master
> git rev-parse --symbolic-full-name master@{u}
> git rev-list --left-right master...refs/remotes/origin/master
> git for-each-ref --format %(refname) %(objectname) --sort -committerdate
> git remote --verbose
> git show :expensify-app/src/app.js
> git status -z -u
> git symbolic-ref --short HEAD
> git rev-parse master
> git rev-parse --symbolic-full-name master@{u}
> git rev-list --left-right master...refs/remotes/origin/master
> git for-each-ref --format %(refname) %(objectname) --sort -committerdate
> git remote --verbose
> git show :expensify-app/src/components/ExpenseForm.js
> git show :expensify-app/src/tests/components/ExpenseForm.test.js
> git ls-files --stage -- expensify-app/src/tests/components/
> git show :expensify-app/src/components/ExpenseForm.js
> git show :expensify-app/src/tests/components/ExpenseForm.test.js
> git ls-files --stage -- expensify-app/src/tests/components/
> git status -z -u
> git symbolic-ref --short HEAD
> git rev-parse master
> git rev-parse --symbolic-full-name master@{u}
> git rev-list --left-right master...refs/remotes/origin/master
> git for-each-ref --format %(refname) %(objectname) --sort -committerdate
> git remote --verbose
> git check-ignore -z --stdin
> git status -z -u
> git symbolic-ref --short HEAD
> git rev-parse master
> git rev-parse --symbolic-full-name master@{u}
> git rev-list --left-right master...refs/remotes/origin/master
> git for-each-ref --format %(refname) %(objectname) --sort -committerdate
> git remote --verbose
> git status -z -u
> git symbolic-ref --short HEAD
> git rev-parse master
> git rev-parse --symbolic-full-name master@{u}
> git rev-list --left-right master...refs/remotes/origin/master
> git for-each-ref --format %(refname) %(objectname) --sort -committerdate
> git remote --verbose
> git check-ignore -z --stdin
> git status -z -u
> git symbolic-ref --short HEAD
> git rev-parse master
> git rev-parse --symbolic-full-name master@{u}
> git rev-list --left-right master...refs/remotes/origin/master
> git for-each-ref --format %(refname) %(objectname) --sort -committerdate
> git remote --verbose
> git show :expensify-app/src/tests/__mocks__/moment.js
> git ls-files --stage -- expensify-app/src/tests/__mocks__/
> git check-ignore -z --stdin
> git status -z -u
> git symbolic-ref --short HEAD
> git rev-parse master
> git rev-parse --symbolic-full-name master@{u}
> git rev-list --left-right master...refs/remotes/origin/master
> git for-each-ref --format %(refname) %(objectname) --sort -committerdate
> git remote --verbose
> git status -z -u
> git symbolic-ref --short HEAD
> git rev-parse master
> git rev-parse --symbolic-full-name master@{u}
> git rev-list --left-right master...refs/remotes/origin/master
> git for-each-ref --format %(refname) %(objectname) --sort -committerdate
> git remote --verbose
> git status -z -u
> git symbolic-ref --short HEAD
> git rev-parse master
> git rev-parse --symbolic-full-name master@{u}
> git rev-list --left-right master...refs/remotes/origin/master
> git for-each-ref --format %(refname) %(objectname) --sort -committerdate
> git remote --verbose
> git show :expensify-app/src/tests/components/ExpenseForm.test.js
> git ls-files --stage -- expensify-app/src/tests/components/
> git show :expensify-app/src/app.js
> git show :expensify-app/src/components/ExpenseDasboardPage.js
> git show :expensify-app/src/app.js
> git show :expensify-app/src/components/AddExpensePage.js
> git show :expensify-app/src/components/EditExpensePage.js
> git show :expensify-app/src/app.js
> git show :expensify-app/src/tests/components/ExpenseForm.test.js
> git ls-files --stage -- expensify-app/src/tests/components/
> git show :expensify-app/src/tests/components/ExpenseDashboardPage.test.js
> git show :expensify-app/src/tests/components/ExpenseForm.test.js
> git ls-files --stage -- expensify-app/src/tests/components/
> git show :expensify-app/src/tests/components/ExpenseList.test.js
> git show :expensify-app/src/tests/components/ExpenseForm.test.js
> git ls-files --stage -- expensify-app/src/tests/components/
> git status -z -u
> git symbolic-ref --short HEAD
> git rev-parse master
> git rev-parse --symbolic-full-name master@{u}
> git rev-list --left-right master...refs/remotes/origin/master
> git for-each-ref --format %(refname) %(objectname) --sort -committerdate
> git remote --verbose
> git status -z -u
> git symbolic-ref --short HEAD
> git rev-parse master
> git rev-parse --symbolic-full-name master@{u}
> git rev-list --left-right master...refs/remotes/origin/master
> git for-each-ref --format %(refname) %(objectname) --sort -committerdate
> git remote --verbose
> git show :expensify-app/src/tests/components/__snapshots__/ExpenseForm.test.js.snap
> git ls-files --stage -- expensify-app/src/tests/components/__snapshots__/
> git show :expensify-app/src/tests/components/ExpenseForm.test.js
> git ls-files --stage -- expensify-app/src/tests/components/
> git status -z -u
> git symbolic-ref --short HEAD
> git rev-parse master
> git rev-parse --symbolic-full-name master@{u}
> git rev-list --left-right master...refs/remotes/origin/master
> git for-each-ref --format %(refname) %(objectname) --sort -committerdate
> git remote --verbose
> git status -z -u
> git symbolic-ref --short HEAD
> git rev-parse master
> git rev-parse --symbolic-full-name master@{u}
> git rev-list --left-right master...refs/remotes/origin/master
> git for-each-ref --format %(refname) %(objectname) --sort -committerdate
> git remote --verbose
> git status -z -u
> git symbolic-ref --short HEAD
> git rev-parse master
> git rev-parse --symbolic-full-name master@{u}
> git rev-list --left-right master...refs/remotes/origin/master
> git for-each-ref --format %(refname) %(objectname) --sort -committerdate
> git remote --verbose
> git status -z -u
> git symbolic-ref --short HEAD
> git rev-parse master
> git rev-parse --symbolic-full-name master@{u}
> git rev-list --left-right master...refs/remotes/origin/master
> git for-each-ref --format %(refname) %(objectname) --sort -committerdate
> git remote --verbose
> git status -z -u
> git symbolic-ref --short HEAD
> git rev-parse master
> git rev-parse --symbolic-full-name master@{u}
> git rev-list --left-right master...refs/remotes/origin/master
> git for-each-ref --format %(refname) %(objectname) --sort -committerdate
> git remote --verbose
> git status -z -u
> git symbolic-ref --short HEAD
> git rev-parse master
> git rev-parse --symbolic-full-name master@{u}
> git rev-list --left-right master...refs/remotes/origin/master
> git for-each-ref --format %(refname) %(objectname) --sort -committerdate
> git remote --verbose
> git status -z -u
> git symbolic-ref --short HEAD
> git rev-parse master
> git rev-parse --symbolic-full-name master@{u}
> git rev-list --left-right master...refs/remotes/origin/master
> git for-each-ref --format %(refname) %(objectname) --sort -committerdate
> git remote --verbose
> git status -z -u
> git symbolic-ref --short HEAD
> git rev-parse master
> git rev-parse --symbolic-full-name master@{u}
> git rev-list --left-right master...refs/remotes/origin/master
> git for-each-ref --format %(refname) %(objectname) --sort -committerdate
> git remote --verbose
> git status -z -u
> git symbolic-ref --short HEAD
> git rev-parse master
> git rev-parse --symbolic-full-name master@{u}
> git rev-list --left-right master...refs/remotes/origin/master
> git for-each-ref --format %(refname) %(objectname) --sort -committerdate
> git remote --verbose
> git status -z -u
> git symbolic-ref --short HEAD
> git rev-parse master
> git rev-parse --symbolic-full-name master@{u}
> git rev-list --left-right master...refs/remotes/origin/master
> git for-each-ref --format %(refname) %(objectname) --sort -committerdate
> git remote --verbose
> git status -z -u
> git symbolic-ref --short HEAD
> git rev-parse master
> git rev-parse --symbolic-full-name master@{u}
> git rev-list --left-right master...refs/remotes/origin/master
> git for-each-ref --format %(refname) %(objectname) --sort -committerdate
> git remote --verbose
> git status -z -u
> git symbolic-ref --short HEAD
> git rev-parse master
> git rev-parse --symbolic-full-name master@{u}
> git rev-list --left-right master...refs/remotes/origin/master
> git for-each-ref --format %(refname) %(objectname) --sort -committerdate
> git remote --verbose
> git status -z -u
> git symbolic-ref --short HEAD
> git rev-parse master
> git rev-parse --symbolic-full-name master@{u}
> git rev-list --left-right master...refs/remotes/origin/master
> git for-each-ref --format %(refname) %(objectname) --sort -committerdate
> git remote --verbose
> git status -z -u
> git symbolic-ref --short HEAD
> git rev-parse master
> git rev-parse --symbolic-full-name master@{u}
> git rev-list --left-right master...refs/remotes/origin/master
> git for-each-ref --format %(refname) %(objectname) --sort -committerdate
> git remote --verbose
> git status -z -u
> git symbolic-ref --short HEAD
> git rev-parse master
> git rev-parse --symbolic-full-name master@{u}
> git rev-list --left-right master...refs/remotes/origin/master
> git for-each-ref --format %(refname) %(objectname) --sort -committerdate
> git remote --verbose
> git status -z -u
> git symbolic-ref --short HEAD
> git rev-parse master
> git rev-parse --symbolic-full-name master@{u}
> git rev-list --left-right master...refs/remotes/origin/master
> git for-each-ref --format %(refname) %(objectname) --sort -committerdate
> git remote --verbose
> git status -z -u
> git symbolic-ref --short HEAD
> git rev-parse master
> git rev-parse --symbolic-full-name master@{u}
> git rev-list --left-right master...refs/remotes/origin/master
> git for-each-ref --format %(refname) %(objectname) --sort -committerdate
> git remote --verbose
> git status -z -u
> git symbolic-ref --short HEAD
> git rev-parse master
> git rev-parse --symbolic-full-name master@{u}
> git rev-list --left-right master...refs/remotes/origin/master
> git for-each-ref --format %(refname) %(objectname) --sort -committerdate
> git remote --verbose
> git status -z -u
> git symbolic-ref --short HEAD
> git rev-parse master
> git rev-parse --symbolic-full-name master@{u}
> git rev-list --left-right master...refs/remotes/origin/master
> git for-each-ref --format %(refname) %(objectname) --sort -committerdate
> git remote --verbose
> git status -z -u
> git symbolic-ref --short HEAD
> git rev-parse master
> git rev-parse --symbolic-full-name master@{u}
> git rev-list --left-right master...refs/remotes/origin/master
> git for-each-ref --format %(refname) %(objectname) --sort -committerdate
> git remote --verbose
> git status -z -u
> git symbolic-ref --short HEAD
> git rev-parse master
> git rev-parse --symbolic-full-name master@{u}
> git rev-list --left-right master...refs/remotes/origin/master
> git for-each-ref --format %(refname) %(objectname) --sort -committerdate
> git remote --verbose
> git status -z -u
> git symbolic-ref --short HEAD
> git rev-parse master
> git rev-parse --symbolic-full-name master@{u}
> git rev-list --left-right master...refs/remotes/origin/master
> git for-each-ref --format %(refname) %(objectname) --sort -committerdate
> git remote --verbose
> git status -z -u
> git symbolic-ref --short HEAD
> git rev-parse master
> git rev-parse --symbolic-full-name master@{u}
> git rev-list --left-right master...refs/remotes/origin/master
> git for-each-ref --format %(refname) %(objectname) --sort -committerdate
> git remote --verbose
> git status -z -u
> git symbolic-ref --short HEAD
> git rev-parse master
> git rev-parse --symbolic-full-name master@{u}
> git rev-list --left-right master...refs/remotes/origin/master
> git for-each-ref --format %(refname) %(objectname) --sort -committerdate
> git remote --verbose
> git status -z -u
> git symbolic-ref --short HEAD
> git rev-parse master
> git rev-parse --symbolic-full-name master@{u}
> git rev-list --left-right master...refs/remotes/origin/master
> git for-each-ref --format %(refname) %(objectname) --sort -committerdate
> git remote --verbose
> git status -z -u
> git symbolic-ref --short HEAD
> git rev-parse master
> git rev-parse --symbolic-full-name master@{u}
> git rev-list --left-right master...refs/remotes/origin/master
> git for-each-ref --format %(refname) %(objectname) --sort -committerdate
> git remote --verbose
> git status -z -u
> git symbolic-ref --short HEAD
> git rev-parse master
> git rev-parse --symbolic-full-name master@{u}
> git rev-list --left-right master...refs/remotes/origin/master
> git for-each-ref --format %(refname) %(objectname) --sort -committerdate
> git remote --verbose
> git status -z -u
> git symbolic-ref --short HEAD
> git rev-parse master
> git rev-parse --symbolic-full-name master@{u}
> git rev-list --left-right master...refs/remotes/origin/master
> git for-each-ref --format %(refname) %(objectname) --sort -committerdate
> git remote --verbose
> git status -z -u
> git symbolic-ref --short HEAD
> git rev-parse master
> git rev-parse --symbolic-full-name master@{u}
> git rev-list --left-right master...refs/remotes/origin/master
> git for-each-ref --format %(refname) %(objectname) --sort -committerdate
> git remote --verbose
> git show :expensify-app/src/components/AddExpensePage.js
> git status -z -u
> git symbolic-ref --short HEAD
> git rev-parse master
> git rev-parse --symbolic-full-name master@{u}
> git rev-list --left-right master...refs/remotes/origin/master
> git for-each-ref --format %(refname) %(objectname) --sort -committerdate
> git remote --verbose
> git show :expensify-app/src/tests/components/AddExpensePage.test.js
> git ls-files --stage -- expensify-app/src/tests/components/
> git check-ignore -z --stdin
> git status -z -u
> git symbolic-ref --short HEAD
> git rev-parse master
> git rev-parse --symbolic-full-name master@{u}
> git rev-list --left-right master...refs/remotes/origin/master
> git for-each-ref --format %(refname) %(objectname) --sort -committerdate
> git remote --verbose
> git show :expensify-app/src/tests/components/ExpenseForm.test.js
> git show :expensify-app/src/tests/__mocks__/moment.js
> git show :expensify-app/src/tests/components/AddExpensePage.test.js
> git ls-files --stage -- expensify-app/src/tests/components/
> git show :expensify-app/src/components/AddExpensePage.js
> git show :expensify-app/src/tests/components/AddExpensePage.test.js
> git ls-files --stage -- expensify-app/src/tests/components/
> git show :expensify-app/src/components/AddExpensePage.js
> git show :expensify-app/src/tests/components/AddExpensePage.test.js
> git ls-files --stage -- expensify-app/src/tests/components/
> git status -z -u
> git symbolic-ref --short HEAD
> git rev-parse master
> git rev-parse --symbolic-full-name master@{u}
> git rev-list --left-right master...refs/remotes/origin/master
> git for-each-ref --format %(refname) %(objectname) --sort -committerdate
> git remote --verbose
> git status -z -u
> git symbolic-ref --short HEAD
> git rev-parse master
> git rev-parse --symbolic-full-name master@{u}
> git rev-list --left-right master...refs/remotes/origin/master
> git for-each-ref --format %(refname) %(objectname) --sort -committerdate
> git remote --verbose
> git status -z -u
> git symbolic-ref --short HEAD
> git rev-parse master
> git rev-parse --symbolic-full-name master@{u}
> git rev-list --left-right master...refs/remotes/origin/master
> git for-each-ref --format %(refname) %(objectname) --sort -committerdate
> git remote --verbose
> git check-ignore -z --stdin
> git show :expensify-app/src/tests/components/__snapshots__/AddExpensePage.test.js.snap
> git ls-files --stage -- expensify-app/src/tests/components/__snapshots__/
> git show :expensify-app/src/tests/components/AddExpensePage.test.js
> git ls-files --stage -- expensify-app/src/tests/components/
> git status -z -u
> git symbolic-ref --short HEAD
> git rev-parse master
> git rev-parse --symbolic-full-name master@{u}
> git rev-list --left-right master...refs/remotes/origin/master
> git for-each-ref --format %(refname) %(objectname) --sort -committerdate
> git remote --verbose
> git status -z -u
> git symbolic-ref --short HEAD
> git rev-parse master
> git rev-parse --symbolic-full-name master@{u}
> git rev-list --left-right master...refs/remotes/origin/master
> git for-each-ref --format %(refname) %(objectname) --sort -committerdate
> git remote --verbose
> git status -z -u
> git symbolic-ref --short HEAD
> git rev-parse master
> git rev-parse --symbolic-full-name master@{u}
> git rev-list --left-right master...refs/remotes/origin/master
> git for-each-ref --format %(refname) %(objectname) --sort -committerdate
> git remote --verbose
> git status -z -u
> git symbolic-ref --short HEAD
> git rev-parse master
> git rev-parse --symbolic-full-name master@{u}
> git rev-list --left-right master...refs/remotes/origin/master
> git for-each-ref --format %(refname) %(objectname) --sort -committerdate
> git remote --verbose
> git status -z -u
> git symbolic-ref --short HEAD
> git rev-parse master
> git rev-parse --symbolic-full-name master@{u}
> git rev-list --left-right master...refs/remotes/origin/master
> git for-each-ref --format %(refname) %(objectname) --sort -committerdate
> git remote --verbose
> git show :expensify-app/src/components/EditExpensePage.js
> git show :expensify-app/src/components/AddExpensePage.js
> git show :expensify-app/src/components/EditExpensePage.js
> git show :expensify-app/src/components/AddExpensePage.js
> git show :expensify-app/src/components/EditExpensePage.js
> git show :expensify-app/src/components/AddExpensePage.js
> git show :expensify-app/src/components/EditExpensePage.js
> git status -z -u
> git symbolic-ref --short HEAD
> git rev-parse master
> git rev-parse --symbolic-full-name master@{u}
> git rev-list --left-right master...refs/remotes/origin/master
> git for-each-ref --format %(refname) %(objectname) --sort -committerdate
> git remote --verbose
> git show :expensify-app/src/components/ExpenseForm.js
> git show :expensify-app/src/components/AddExpensePage.js
> git status -z -u
> git symbolic-ref --short HEAD
> git rev-parse master
> git rev-parse --symbolic-full-name master@{u}
> git rev-list --left-right master...refs/remotes/origin/master
> git for-each-ref --format %(refname) %(objectname) --sort -committerdate
> git remote --verbose
> git status -z -u
> git symbolic-ref --short HEAD
> git rev-parse master
> git rev-parse --symbolic-full-name master@{u}
> git rev-list --left-right master...refs/remotes/origin/master
> git for-each-ref --format %(refname) %(objectname) --sort -committerdate
> git remote --verbose
> git status -z -u
> git symbolic-ref --short HEAD
> git rev-parse master
> git rev-parse --symbolic-full-name master@{u}
> git rev-list --left-right master...refs/remotes/origin/master
> git for-each-ref --format %(refname) %(objectname) --sort -committerdate
> git remote --verbose
> git status -z -u
> git symbolic-ref --short HEAD
> git rev-parse master
> git rev-parse --symbolic-full-name master@{u}
> git rev-list --left-right master...refs/remotes/origin/master
> git for-each-ref --format %(refname) %(objectname) --sort -committerdate
> git remote --verbose
> git status -z -u
> git symbolic-ref --short HEAD
> git rev-parse master
> git rev-parse --symbolic-full-name master@{u}
> git rev-list --left-right master...refs/remotes/origin/master
> git for-each-ref --format %(refname) %(objectname) --sort -committerdate
> git remote --verbose
> git check-ignore -z --stdin
> git show :expensify-app/src/reducers/expenses.js
> git show :expensify-app/src/components/EditExpensePage.js
> git show :expensify-app/src/components/ExpenseList.js
> git show :expensify-app/src/components/EditExpensePage.js
> git check-ignore -z --stdin
> git show :expensify-app/src/actions/expenses.js
> git show :expensify-app/src/components/EditExpensePage.js
> git show :expensify-app/src/reducers/expenses.js
> git show :expensify-app/src/components/EditExpensePage.js
> git check-ignore -z --stdin
> git check-ignore -z --stdin
> git check-ignore -z --stdin
> git show :expensify-app/src/selectors/expenses.js
> git show :expensify-app/src/components/ExpenseDasboardPage.js
> git show :expensify-app/src/components/ExpenseListFilters.js
> git status -z -u
> git symbolic-ref --short HEAD
fatal: ref HEAD is not a symbolic ref
> git rev-parse HEAD
> git for-each-ref --format %(refname) %(objectname) --sort -committerdate
> git remote --verbose
> git status -z -u
> git symbolic-ref --short HEAD
fatal: ref HEAD is not a symbolic ref
> git rev-parse HEAD
> git for-each-ref --format %(refname) %(objectname) --sort -committerdate
> git remote --verbose
> git status -z -u
> git symbolic-ref --short HEAD
fatal: ref HEAD is not a symbolic ref
> git rev-parse HEAD
> git for-each-ref --format %(refname) %(objectname) --sort -committerdate
> git remote --verbose
> git status -z -u
> git symbolic-ref --short HEAD
fatal: ref HEAD is not a symbolic ref
> git rev-parse HEAD
> git for-each-ref --format %(refname) %(objectname) --sort -committerdate
> git remote --verbose
> git status -z -u
> git symbolic-ref --short HEAD
fatal: ref HEAD is not a symbolic ref
> git rev-parse HEAD
> git for-each-ref --format %(refname) %(objectname) --sort -committerdate
> git remote --verbose
> git status -z -u
> git symbolic-ref --short HEAD
fatal: ref HEAD is not a symbolic ref
> git rev-parse HEAD
> git for-each-ref --format %(refname) %(objectname) --sort -committerdate
> git remote --verbose
> git show :expensify-app/src/reducers/expenses.js
> git show :expensify-app/src/selectors/expenses.js
> git status -z -u
> git symbolic-ref --short HEAD
fatal: ref HEAD is not a symbolic ref
> git rev-parse HEAD
> git for-each-ref --format %(refname) %(objectname) --sort -committerdate
> git remote --verbose
> git show :expensify-app/src/components/ExpenseDasboardPage.js
> git show :expensify-app/src/components/ExpenseListFilters.js
> git status -z -u
> git symbolic-ref --short HEAD
fatal: ref HEAD is not a symbolic ref
> git rev-parse HEAD
> git for-each-ref --format %(refname) %(objectname) --sort -committerdate
> git remote --verbose
> git status -z -u
> git symbolic-ref --short HEAD
> git rev-parse master
> git rev-parse --symbolic-full-name master@{u}
> git rev-list --left-right master...refs/remotes/origin/master
> git for-each-ref --format %(refname) %(objectname) --sort -committerdate
> git remote --verbose
> git show :expensify-app/src/components/ExpenseForm.js
> git show :expensify-app/src/components/ExpenseListFilters.js
> git show :expensify-app/src/components/ExpenseDasboardPage.js
> git show :expensify-app/src/components/ExpenseListFilters.js
> git show :expensify-app/src/components/ExpenseForm.js
> git show :expensify-app/src/components/ExpenseListFilters.js
> git show :expensify-app/src/components/ExpenseForm.js
> git status -z -u
> git symbolic-ref --short HEAD
fatal: ref HEAD is not a symbolic ref
> git rev-parse HEAD
> git for-each-ref --format %(refname) %(objectname) --sort -committerdate
> git remote --verbose
> git status -z -u
> git symbolic-ref --short HEAD
> git rev-parse props-big
> git rev-parse --symbolic-full-name props-big@{u}
fatal: no upstream configured for branch 'props-big'
> git for-each-ref --format %(refname) %(objectname) --sort -committerdate
> git remote --verbose
> git status -z -u
> git symbolic-ref --short HEAD
> git rev-parse props-big
> git rev-parse --symbolic-full-name props-big@{u}
fatal: no upstream configured for branch 'props-big'
> git for-each-ref --format %(refname) %(objectname) --sort -committerdate
> git remote --verbose
> git show :expensify-app/src/components/ExpenseListFilters.js
> git show :expensify-app/src/selectors/expenses.js
> git show :expensify-app/src/components/ExpenseListFilters.js
> git show :expensify-app/src/app.js
> git show :expensify-app/src/reducers/filters.js
> git show :expensify-app/src/components/ExpenseListFilters.js
> git status -z -u
> git symbolic-ref --short HEAD
> git rev-parse props-big
> git rev-parse --symbolic-full-name props-big@{u}
fatal: no upstream configured for branch 'props-big'
> git for-each-ref --format %(refname) %(objectname) --sort -committerdate
> git remote --verbose
> git status -z -u
> git symbolic-ref --short HEAD
> git rev-parse master
> git rev-parse --symbolic-full-name master@{u}
> git rev-list --left-right master...refs/remotes/origin/master
> git for-each-ref --format %(refname) %(objectname) --sort -committerdate
> git remote --verbose
> git status -z -u
> git symbolic-ref --short HEAD
> git rev-parse master
> git rev-parse --symbolic-full-name master@{u}
> git rev-list --left-right master...refs/remotes/origin/master
> git for-each-ref --format %(refname) %(objectname) --sort -committerdate
> git remote --verbose
> git show :expensify-app/src/components/ExpenseListFilters.js
> git show :expensify-app/src/components/EditExpensePage.js
> git status -z -u
> git symbolic-ref --short HEAD
> git rev-parse master
> git rev-parse --symbolic-full-name master@{u}
> git rev-list --left-right master...refs/remotes/origin/master
> git for-each-ref --format %(refname) %(objectname) --sort -committerdate
> git remote --verbose
> git show :expensify-app/src/components/AddExpensePage.js
> git show :expensify-app/src/components/EditExpensePage.js
> git show :expensify-app/src/components/AddExpensePage.js
> git show :expensify-app/src/components/EditExpensePage.js
> git show :expensify-app/src/components/AddExpensePage.js
> git show :expensify-app/src/components/AddExpensePage.js
> git show :expensify-app/src/components/AddExpensePage.js
> git show :expensify-app/src/components/AddExpensePage.js
> git status -z -u
> git symbolic-ref --short HEAD
> git rev-parse master
> git rev-parse --symbolic-full-name master@{u}
> git rev-list --left-right master...refs/remotes/origin/master
> git for-each-ref --format %(refname) %(objectname) --sort -committerdate
> git remote --verbose
> git status -z -u
> git symbolic-ref --short HEAD
> git rev-parse master
> git rev-parse --symbolic-full-name master@{u}
> git rev-list --left-right master...refs/remotes/origin/master
> git for-each-ref --format %(refname) %(objectname) --sort -committerdate
> git remote --verbose
> git status -z -u
> git symbolic-ref --short HEAD
> git rev-parse master
> git rev-parse --symbolic-full-name master@{u}
> git rev-list --left-right master...refs/remotes/origin/master
> git for-each-ref --format %(refname) %(objectname) --sort -committerdate
> git remote --verbose
> git show :expensify-app/src/components/AddExpensePage.js
