[2018-11-19 19:05:17.216] [sharedprocess] [info] main {"machineId":"688693ba4ea11fb6dec10aea7b1a39bd11a08b2f7c99da68bb8d3df559db3ab2"}
[2018-11-19 19:05:17.506] [sharedprocess] [info] Scanned user extensions: 21
[2018-11-19 19:05:17.527] [sharedprocess] [info] Scanned user extensions: 21
[2018-11-19 19:05:17.531] [sharedprocess] [info] Scanned user extensions: 21
[2018-11-19 19:05:17.548] [sharedprocess] [info] Scanned user extensions: 21
[2018-11-19 19:05:17.862] [sharedprocess] [info] Scanned system extensions: 71
[2018-11-19 19:05:18.034] [sharedprocess] [info] Scanned system extensions: 71
[2018-11-19 19:05:18.041] [sharedprocess] [info] Scanned system extensions: 71
[2018-11-19 19:05:18.128] [sharedprocess] [info] Deleted from disk ritwickdey.liveserver-5.1.1
[2018-11-19 19:05:57.231] [sharedprocess] [info] Starting to clean up unused language packs.
[2018-11-20 10:28:26.950] [sharedprocess] [info] Scanned user extensions: 21
[2018-11-20 10:33:26.987] [sharedprocess] [info] Scanned user extensions: 21
[2018-11-20 10:38:27.032] [sharedprocess] [info] Scanned user extensions: 21
[2018-11-20 10:43:27.071] [sharedprocess] [info] Scanned user extensions: 21
[2018-11-20 10:48:27.112] [sharedprocess] [info] Scanned user extensions: 21
[2018-11-20 10:53:27.156] [sharedprocess] [info] Scanned user extensions: 21
[2018-11-20 10:58:27.198] [sharedprocess] [info] Scanned user extensions: 21
[2018-11-20 11:03:27.239] [sharedprocess] [info] Scanned user extensions: 21
[2018-11-20 11:19:41.581] [sharedprocess] [info] Scanned user extensions: 21
[2018-11-20 11:24:41.616] [sharedprocess] [info] Scanned user extensions: 21
[2018-11-20 11:29:41.811] [sharedprocess] [info] Scanned user extensions: 21
[2018-11-20 11:34:41.853] [sharedprocess] [info] Scanned user extensions: 21
[2018-11-20 11:39:41.893] [sharedprocess] [info] Scanned user extensions: 21
[2018-11-20 11:44:41.940] [sharedprocess] [info] Scanned user extensions: 21
[2018-11-20 11:49:41.978] [sharedprocess] [info] Scanned user extensions: 21
[2018-11-20 22:54:39.417] [sharedprocess] [info] Scanned user extensions: 21
[2018-11-20 23:35:40.510] [sharedprocess] [info] Scanned user extensions: 21
[2018-11-20 23:40:40.552] [sharedprocess] [info] Scanned user extensions: 21
[2018-11-21 19:44:20.330] [sharedprocess] [info] Scanned user extensions: 21
[2018-11-21 19:49:20.364] [sharedprocess] [info] Scanned user extensions: 21
[2018-11-21 19:54:20.402] [sharedprocess] [info] Scanned user extensions: 21
[2018-11-21 19:59:20.441] [sharedprocess] [info] Scanned user extensions: 21
[2018-11-21 20:04:20.483] [sharedprocess] [info] Scanned user extensions: 21
[2018-11-21 20:09:20.523] [sharedprocess] [info] Scanned user extensions: 21
[2018-11-21 20:14:20.551] [sharedprocess] [info] Scanned user extensions: 21
[2018-11-21 20:19:20.587] [sharedprocess] [info] Scanned user extensions: 21
[2018-11-21 20:24:20.629] [sharedprocess] [info] Scanned user extensions: 21
[2018-11-21 20:29:20.666] [sharedprocess] [info] Scanned user extensions: 21
[2018-11-21 20:34:20.702] [sharedprocess] [info] Scanned user extensions: 21
[2018-11-21 20:39:20.743] [sharedprocess] [info] Scanned user extensions: 21
[2018-11-21 20:44:20.975] [sharedprocess] [info] Scanned user extensions: 21
[2018-11-21 20:49:21.005] [sharedprocess] [info] Scanned user extensions: 21
[2018-11-21 20:54:21.043] [sharedprocess] [info] Scanned user extensions: 21
[2018-11-21 20:59:21.081] [sharedprocess] [info] Scanned user extensions: 21
[2018-11-21 21:04:21.123] [sharedprocess] [info] Scanned user extensions: 21
[2018-11-21 21:09:21.156] [sharedprocess] [info] Scanned user extensions: 21
[2018-11-21 21:27:09.059] [sharedprocess] [info] Scanned user extensions: 21
[2018-11-21 21:32:09.094] [sharedprocess] [info] Scanned user extensions: 21
[2018-11-21 21:37:09.132] [sharedprocess] [info] Scanned user extensions: 21
[2018-11-21 21:42:09.175] [sharedprocess] [info] Scanned user extensions: 21
[2018-11-21 21:47:09.367] [sharedprocess] [info] Scanned user extensions: 21
[2018-11-21 21:52:09.406] [sharedprocess] [info] Scanned user extensions: 21
[2018-11-21 21:57:09.446] [sharedprocess] [info] Scanned user extensions: 21
[2018-11-21 22:02:09.487] [sharedprocess] [info] Scanned user extensions: 21
[2018-11-21 22:07:09.528] [sharedprocess] [info] Scanned user extensions: 21
[2018-11-21 22:12:09.562] [sharedprocess] [info] Scanned user extensions: 21
[2018-11-21 22:17:09.604] [sharedprocess] [info] Scanned user extensions: 21
[2018-11-21 22:22:09.646] [sharedprocess] [info] Scanned user extensions: 21
[2018-11-21 22:27:09.687] [sharedprocess] [info] Scanned user extensions: 21
[2018-11-21 22:32:09.728] [sharedprocess] [info] Scanned user extensions: 21
[2018-11-22 17:21:03.824] [sharedprocess] [info] Scanned user extensions: 21
[2018-11-22 17:26:03.860] [sharedprocess] [info] Scanned user extensions: 21
[2018-11-22 17:31:03.895] [sharedprocess] [info] Scanned user extensions: 21
[2018-11-22 17:36:03.926] [sharedprocess] [info] Scanned user extensions: 21
[2018-11-22 17:41:03.963] [sharedprocess] [info] Scanned user extensions: 21
[2018-11-22 17:46:03.999] [sharedprocess] [info] Scanned user extensions: 21
[2018-11-22 17:51:04.034] [sharedprocess] [info] Scanned user extensions: 21
[2018-11-22 17:56:04.070] [sharedprocess] [info] Scanned user extensions: 21
[2018-11-23 19:06:25.455] [sharedprocess] [info] Scanned user extensions: 21
[2018-11-23 23:21:39.463] [sharedprocess] [info] Scanned user extensions: 21
[2018-11-23 23:26:39.507] [sharedprocess] [info] Scanned user extensions: 21
[2018-11-23 23:31:39.544] [sharedprocess] [info] Scanned user extensions: 21
[2018-11-23 23:36:39.585] [sharedprocess] [info] Scanned user extensions: 21
[2018-11-23 23:41:39.627] [sharedprocess] [info] Scanned user extensions: 21
[2018-11-23 23:46:39.665] [sharedprocess] [info] Scanned user extensions: 21
[2018-11-23 23:51:39.711] [sharedprocess] [info] Scanned user extensions: 21
[2018-11-23 23:56:39.746] [sharedprocess] [info] Scanned user extensions: 21
[2018-11-24 00:01:39.772] [sharedprocess] [info] Scanned user extensions: 21
[2018-11-24 00:06:39.815] [sharedprocess] [info] Scanned user extensions: 21
[2018-11-24 00:11:39.851] [sharedprocess] [info] Scanned user extensions: 21
[2018-11-24 00:16:39.893] [sharedprocess] [info] Scanned user extensions: 21
[2018-11-24 00:21:40.101] [sharedprocess] [info] Scanned user extensions: 21
[2018-11-24 00:26:40.138] [sharedprocess] [info] Scanned user extensions: 21
[2018-11-24 00:31:40.175] [sharedprocess] [info] Scanned user extensions: 21
[2018-11-24 00:36:40.219] [sharedprocess] [info] Scanned user extensions: 21
[2018-11-24 00:41:40.264] [sharedprocess] [info] Scanned user extensions: 21
[2018-11-24 23:11:17.681] [sharedprocess] [info] Scanned user extensions: 21
[2018-11-24 23:16:18.355] [sharedprocess] [info] Scanned user extensions: 21
[2018-11-24 23:21:18.391] [sharedprocess] [info] Scanned user extensions: 21
[2018-11-25 00:31:55.983] [sharedprocess] [info] Scanned user extensions: 21
[2018-11-26 10:28:40.918] [sharedprocess] [info] Scanned user extensions: 21
[2018-11-26 10:33:40.961] [sharedprocess] [info] Scanned user extensions: 21
[2018-11-26 10:38:41.001] [sharedprocess] [info] Scanned user extensions: 21
[2018-11-26 10:43:41.033] [sharedprocess] [info] Scanned user extensions: 21
[2018-11-26 10:48:41.080] [sharedprocess] [info] Scanned user extensions: 21
[2018-11-26 10:53:41.114] [sharedprocess] [info] Scanned user extensions: 21
[2018-11-26 10:58:41.151] [sharedprocess] [info] Scanned user extensions: 21
[2018-11-26 11:03:41.191] [sharedprocess] [info] Scanned user extensions: 21
[2018-11-26 11:08:41.239] [sharedprocess] [info] Scanned user extensions: 21
[2018-11-26 11:13:41.282] [sharedprocess] [info] Scanned user extensions: 21
[2018-11-26 12:27:15.460] [sharedprocess] [info] Scanned user extensions: 21
[2018-11-26 12:32:15.504] [sharedprocess] [info] Scanned user extensions: 21
