[2018-11-14 12:28:24.546] [exthost] [info] extension host started
[2018-11-14 12:28:24.570] [exthost] [info] ExtensionService#_doActivateExtension vscode.debug-auto-launch {"startup":true,"activationEvent":"*"}
[2018-11-14 12:28:24.570] [exthost] [info] ExtensionService#loadCommonJSModule /opt/visual-studio-code/resources/app/extensions/debug-auto-launch/dist/extension
[2018-11-14 12:28:24.581] [exthost] [info] ExtensionService#_doActivateExtension vscode.emmet {"startup":true,"activationEvent":"*"}
[2018-11-14 12:28:24.581] [exthost] [info] ExtensionService#loadCommonJSModule /opt/visual-studio-code/resources/app/extensions/emmet/dist/extension
[2018-11-14 12:28:24.633] [exthost] [info] ExtensionService#_doActivateExtension vscode.git {"startup":true,"activationEvent":"*"}
[2018-11-14 12:28:24.633] [exthost] [info] ExtensionService#loadCommonJSModule /opt/visual-studio-code/resources/app/extensions/git/dist/main
[2018-11-14 12:28:24.789] [exthost] [info] ExtensionService#_doActivateExtension vscode.merge-conflict {"startup":true,"activationEvent":"*"}
[2018-11-14 12:28:24.789] [exthost] [info] ExtensionService#loadCommonJSModule /opt/visual-studio-code/resources/app/extensions/merge-conflict/dist/extension
[2018-11-14 12:28:24.797] [exthost] [info] ExtensionService#_doActivateExtension vscode.search-rg {"startup":true,"activationEvent":"*"}
[2018-11-14 12:28:24.797] [exthost] [info] ExtensionService#loadCommonJSModule /opt/visual-studio-code/resources/app/extensions/search-rg/dist/extension
[2018-11-14 12:28:24.805] [exthost] [info] ExtensionService#_doActivateExtension christian-kohler.path-intellisense {"startup":true,"activationEvent":"*"}
[2018-11-14 12:28:24.805] [exthost] [info] ExtensionService#loadCommonJSModule /home/lvzbel/.vscode/extensions/christian-kohler.path-intellisense-1.4.2/out/src/extension
[2018-11-14 12:28:24.824] [exthost] [info] ExtensionService#_doActivateExtension CoenraadS.bracket-pair-colorizer {"startup":true,"activationEvent":"*"}
[2018-11-14 12:28:24.824] [exthost] [info] ExtensionService#loadCommonJSModule /home/lvzbel/.vscode/extensions/coenraads.bracket-pair-colorizer-1.0.61/out/src/extension
[2018-11-14 12:28:24.849] [exthost] [info] ExtensionService#_doActivateExtension Equinusocio.vsc-material-theme {"startup":true,"activationEvent":"*"}
[2018-11-14 12:28:24.849] [exthost] [info] ExtensionService#loadCommonJSModule /home/lvzbel/.vscode/extensions/equinusocio.vsc-material-theme-2.5.1/extensions/material.theme.config.js
[2018-11-14 12:28:24.867] [exthost] [info] ExtensionService#_doActivateExtension esbenp.prettier-vscode {"startup":true,"activationEvent":"*"}
[2018-11-14 12:28:24.867] [exthost] [info] ExtensionService#loadCommonJSModule /home/lvzbel/.vscode/extensions/esbenp.prettier-vscode-1.7.2/out/src/extension
[2018-11-14 12:28:25.085] [exthost] [info] ExtensionService#_doActivateExtension lihui.vs-color-picker {"startup":true,"activationEvent":"*"}
[2018-11-14 12:28:25.085] [exthost] [info] ExtensionService#loadCommonJSModule /home/lvzbel/.vscode/extensions/lihui.vs-color-picker-0.7.0/out/src/extension
[2018-11-14 12:28:25.086] [exthost] [info] ExtensionService#_doActivateExtension naumovs.color-highlight {"startup":true,"activationEvent":"*"}
[2018-11-14 12:28:25.086] [exthost] [info] ExtensionService#loadCommonJSModule /home/lvzbel/.vscode/extensions/naumovs.color-highlight-2.3.0/dist/extension
[2018-11-14 12:28:25.124] [exthost] [info] ExtensionService#_doActivateExtension PKief.material-icon-theme {"startup":true,"activationEvent":"*"}
[2018-11-14 12:28:25.124] [exthost] [info] ExtensionService#loadCommonJSModule /home/lvzbel/.vscode/extensions/pkief.material-icon-theme-3.6.0/out/src/extension
[2018-11-14 12:28:25.176] [exthost] [info] ExtensionService#_doActivateExtension ritwickdey.LiveServer {"startup":true,"activationEvent":"*"}
[2018-11-14 12:28:25.176] [exthost] [info] ExtensionService#loadCommonJSModule /home/lvzbel/.vscode/extensions/ritwickdey.liveserver-5.1.1/out/src/extension
[2018-11-14 12:28:25.545] [exthost] [info] eager extensions activated
