[2019-01-07 18:54:47.063] [sharedprocess] [info] main {"machineId":"688693ba4ea11fb6dec10aea7b1a39bd11a08b2f7c99da68bb8d3df559db3ab2"}
[2019-01-07 18:54:47.225] [sharedprocess] [info] Scanned user extensions: 22
[2019-01-07 18:54:47.290] [sharedprocess] [info] Scanned system extensions: 71
[2019-01-07 18:54:47.668] [sharedprocess] [info] Scanned user extensions: 22
[2019-01-07 18:54:47.718] [sharedprocess] [info] Scanned system extensions: 71
[2019-01-07 18:54:48.104] [sharedprocess] [info] Scanned user extensions: 22
[2019-01-07 18:55:27.069] [sharedprocess] [info] Starting to clean up unused language packs.
[2019-01-07 18:59:48.152] [sharedprocess] [info] Scanned user extensions: 22
[2019-01-07 19:04:48.181] [sharedprocess] [info] Scanned user extensions: 22
[2019-01-07 19:08:41.891] [sharedprocess] [info] Scanned user extensions: 22
[2019-01-07 19:08:41.947] [sharedprocess] [info] Scanned system extensions: 71
[2019-01-07 19:08:43.022] [sharedprocess] [info] Scanned user extensions: 22
[2019-01-07 19:13:43.058] [sharedprocess] [info] Scanned user extensions: 22
[2019-01-07 19:18:43.093] [sharedprocess] [info] Scanned user extensions: 22
[2019-01-07 19:23:43.126] [sharedprocess] [info] Scanned user extensions: 22
[2019-01-07 19:28:43.155] [sharedprocess] [info] Scanned user extensions: 22
[2019-01-07 19:33:43.190] [sharedprocess] [info] Scanned user extensions: 22
[2019-01-07 19:38:43.225] [sharedprocess] [info] Scanned user extensions: 22
[2019-01-07 19:43:43.264] [sharedprocess] [info] Scanned user extensions: 22
[2019-01-07 19:48:43.297] [sharedprocess] [info] Scanned user extensions: 22
[2019-01-07 19:53:43.333] [sharedprocess] [info] Scanned user extensions: 22
[2019-01-07 19:58:43.502] [sharedprocess] [info] Scanned user extensions: 22
[2019-01-07 20:03:43.534] [sharedprocess] [info] Scanned user extensions: 22
[2019-01-07 20:08:43.571] [sharedprocess] [info] Scanned user extensions: 22
[2019-01-07 20:13:43.598] [sharedprocess] [info] Scanned user extensions: 22
[2019-01-07 20:18:43.635] [sharedprocess] [info] Scanned user extensions: 22
[2019-01-07 20:23:43.667] [sharedprocess] [info] Scanned user extensions: 22
[2019-01-07 20:28:43.699] [sharedprocess] [info] Scanned user extensions: 22
[2019-01-07 20:33:43.734] [sharedprocess] [info] Scanned user extensions: 22
[2019-01-07 20:38:43.767] [sharedprocess] [info] Scanned user extensions: 22
[2019-01-07 20:43:43.801] [sharedprocess] [info] Scanned user extensions: 22
[2019-01-07 20:48:43.836] [sharedprocess] [info] Scanned user extensions: 22
[2019-01-07 20:53:43.871] [sharedprocess] [info] Scanned user extensions: 22
[2019-01-07 20:58:44.029] [sharedprocess] [info] Scanned user extensions: 22
[2019-01-07 21:03:44.064] [sharedprocess] [info] Scanned user extensions: 22
[2019-01-07 21:08:44.095] [sharedprocess] [info] Scanned user extensions: 22
[2019-01-07 21:13:44.127] [sharedprocess] [info] Scanned user extensions: 22
[2019-01-07 21:18:44.164] [sharedprocess] [info] Scanned user extensions: 22
[2019-01-07 21:23:44.195] [sharedprocess] [info] Scanned user extensions: 22
[2019-01-07 21:28:44.228] [sharedprocess] [info] Scanned user extensions: 22
[2019-01-07 21:33:44.261] [sharedprocess] [info] Scanned user extensions: 22
[2019-01-07 21:38:44.311] [sharedprocess] [info] Scanned user extensions: 22
[2019-01-07 21:43:44.356] [sharedprocess] [info] Scanned user extensions: 22
[2019-01-07 21:48:44.394] [sharedprocess] [info] Scanned user extensions: 22
[2019-01-07 21:53:44.427] [sharedprocess] [info] Scanned user extensions: 22
[2019-01-07 21:58:44.627] [sharedprocess] [info] Scanned user extensions: 22
[2019-01-07 22:03:44.652] [sharedprocess] [info] Scanned user extensions: 22
[2019-01-07 22:08:44.680] [sharedprocess] [info] Scanned user extensions: 22
[2019-01-07 22:13:44.708] [sharedprocess] [info] Scanned user extensions: 22
[2019-01-07 22:18:44.747] [sharedprocess] [info] Scanned user extensions: 22
[2019-01-07 22:23:44.778] [sharedprocess] [info] Scanned user extensions: 22
[2019-01-07 22:28:44.819] [sharedprocess] [info] Scanned user extensions: 22
[2019-01-07 22:33:44.850] [sharedprocess] [info] Scanned user extensions: 22
[2019-01-07 22:38:44.885] [sharedprocess] [info] Scanned user extensions: 22
[2019-01-07 22:43:44.921] [sharedprocess] [info] Scanned user extensions: 22
[2019-01-07 22:48:44.956] [sharedprocess] [info] Scanned user extensions: 22
[2019-01-07 22:53:44.992] [sharedprocess] [info] Scanned user extensions: 22
[2019-01-07 22:58:45.207] [sharedprocess] [info] Scanned user extensions: 22
[2019-01-07 23:03:45.249] [sharedprocess] [info] Scanned user extensions: 22
[2019-01-07 23:08:45.288] [sharedprocess] [info] Scanned user extensions: 22
[2019-01-07 23:13:45.327] [sharedprocess] [info] Scanned user extensions: 22
[2019-01-07 23:18:45.354] [sharedprocess] [info] Scanned user extensions: 22
[2019-01-07 23:23:45.392] [sharedprocess] [info] Scanned user extensions: 22
[2019-01-07 23:28:45.460] [sharedprocess] [info] Scanned user extensions: 22
[2019-01-07 23:33:45.498] [sharedprocess] [info] Scanned user extensions: 22
[2019-01-07 23:38:45.529] [sharedprocess] [info] Scanned user extensions: 22
[2019-01-07 23:43:45.558] [sharedprocess] [info] Scanned user extensions: 22
[2019-01-07 23:48:45.597] [sharedprocess] [info] Scanned user extensions: 22
[2019-01-07 23:53:45.627] [sharedprocess] [info] Scanned user extensions: 22
[2019-01-07 23:58:45.776] [sharedprocess] [info] Scanned user extensions: 22
[2019-01-08 00:03:45.806] [sharedprocess] [info] Scanned user extensions: 22
[2019-01-08 00:08:45.828] [sharedprocess] [info] Scanned user extensions: 22
[2019-01-08 00:13:45.856] [sharedprocess] [info] Scanned user extensions: 22
[2019-01-08 00:18:45.889] [sharedprocess] [info] Scanned user extensions: 22
[2019-01-08 00:23:45.919] [sharedprocess] [info] Scanned user extensions: 22
[2019-01-08 00:28:45.973] [sharedprocess] [info] Scanned user extensions: 22
[2019-01-08 00:33:46.101] [sharedprocess] [info] Scanned user extensions: 22
[2019-01-08 13:25:16.984] [sharedprocess] [info] Scanned user extensions: 22
[2019-01-08 13:30:17.027] [sharedprocess] [info] Scanned user extensions: 22
[2019-01-08 13:35:17.054] [sharedprocess] [info] Scanned user extensions: 22
[2019-01-08 13:40:17.083] [sharedprocess] [info] Scanned user extensions: 22
[2019-01-08 13:45:17.107] [sharedprocess] [info] Scanned user extensions: 22
[2019-01-08 13:50:17.143] [sharedprocess] [info] Scanned user extensions: 22
[2019-01-08 13:55:17.169] [sharedprocess] [info] Scanned user extensions: 22
[2019-01-08 14:00:17.193] [sharedprocess] [info] Scanned user extensions: 22
[2019-01-08 14:02:11.523] [sharedprocess] [info] Scanned user extensions: 22
[2019-01-08 14:02:11.526] [sharedprocess] [info] Scanned user extensions: 22
[2019-01-08 14:02:11.532] [sharedprocess] [info] Scanned user extensions: 22
[2019-01-08 14:02:11.534] [sharedprocess] [info] Scanned user extensions: 22
[2019-01-08 14:02:11.600] [sharedprocess] [info] Scanned system extensions: 71
[2019-01-08 14:02:11.606] [sharedprocess] [info] Scanned system extensions: 71
[2019-01-08 14:02:11.614] [sharedprocess] [info] Scanned system extensions: 71
[2019-01-08 14:03:12.318] [sharedprocess] [info] Installing extension: theme-dracula
[2019-01-08 14:03:12.348] [sharedprocess] [info] Scanned user extensions: 22
[2019-01-08 14:03:12.579] [sharedprocess] [info] Downloaded extension: theme-dracula /tmp/e53c0e13-1f69-4268-b50d-97d600d20807
[2019-01-08 14:03:12.613] [sharedprocess] [info] Extracted extension to /home/lvzbel/.vscode/extensions/.dracula-theme.theme-dracula-2.15.0: dracula-theme.theme-dracula-2.15.0
[2019-01-08 14:03:12.614] [sharedprocess] [info] Renamed to /home/lvzbel/.vscode/extensions/dracula-theme.theme-dracula-2.15.0
[2019-01-08 14:03:12.614] [sharedprocess] [info] Installation completed. dracula-theme.theme-dracula-2.15.0
[2019-01-08 14:03:12.622] [sharedprocess] [info] Extensions installed successfully: dracula-theme.theme-dracula
[2019-01-08 14:03:12.775] [sharedprocess] [info] Scanned user extensions: 23
[2019-01-08 14:03:12.790] [sharedprocess] [info] Scanned system extensions: 71
[2019-01-08 14:03:37.078] [sharedprocess] [info] Installing extension: noctis
[2019-01-08 14:03:37.099] [sharedprocess] [info] Scanned user extensions: 23
[2019-01-08 14:03:37.481] [sharedprocess] [info] Downloaded extension: noctis /tmp/93f73041-7338-414b-b6cc-c8c12ab94243
[2019-01-08 14:03:37.524] [sharedprocess] [info] Extracted extension to /home/lvzbel/.vscode/extensions/.liviuschera.noctis-4.19.0: liviuschera.noctis-4.19.0
[2019-01-08 14:03:37.524] [sharedprocess] [info] Renamed to /home/lvzbel/.vscode/extensions/liviuschera.noctis-4.19.0
[2019-01-08 14:03:37.525] [sharedprocess] [info] Installation completed. liviuschera.noctis-4.19.0
[2019-01-08 14:03:37.531] [sharedprocess] [info] Extensions installed successfully: liviuschera.noctis
[2019-01-08 14:03:37.670] [sharedprocess] [info] Scanned user extensions: 24
[2019-01-08 14:03:37.686] [sharedprocess] [info] Scanned system extensions: 71
[2019-01-08 14:03:43.725] [sharedprocess] [info] Scanned user extensions: 24
[2019-01-08 14:03:43.731] [sharedprocess] [info] Scanned user extensions: 24
[2019-01-08 14:03:43.736] [sharedprocess] [info] Scanned user extensions: 24
[2019-01-08 14:03:43.739] [sharedprocess] [info] Scanned user extensions: 24
[2019-01-08 14:03:43.742] [sharedprocess] [info] Scanned user extensions: 24
[2019-01-08 14:03:43.814] [sharedprocess] [info] Scanned system extensions: 71
[2019-01-08 14:03:43.819] [sharedprocess] [info] Scanned system extensions: 71
[2019-01-08 14:03:43.826] [sharedprocess] [info] Scanned system extensions: 71
[2019-01-08 14:03:43.830] [sharedprocess] [info] Scanned system extensions: 71
[2019-01-08 14:03:45.333] [sharedprocess] [info] Scanned user extensions: 24
[2019-01-08 14:03:45.715] [sharedprocess] [info] Installing extension: vscode-eslint
[2019-01-08 14:03:45.739] [sharedprocess] [info] Scanned user extensions: 24
[2019-01-08 14:03:51.242] [sharedprocess] [info] Downloaded extension: vscode-eslint /tmp/ae997dc6-5edf-44d4-93a0-683a232a9a47
[2019-01-08 14:03:51.521] [sharedprocess] [info] Extracted extension to /home/lvzbel/.vscode/extensions/.dbaeumer.vscode-eslint-1.8.0: dbaeumer.vscode-eslint-1.8.0
[2019-01-08 14:03:51.521] [sharedprocess] [info] Renamed to /home/lvzbel/.vscode/extensions/dbaeumer.vscode-eslint-1.8.0
[2019-01-08 14:03:51.521] [sharedprocess] [info] Installation completed. dbaeumer.vscode-eslint-1.8.0
[2019-01-08 14:03:51.526] [sharedprocess] [info] Extensions installed successfully: dbaeumer.vscode-eslint
[2019-01-08 14:08:45.378] [sharedprocess] [info] Scanned user extensions: 24
[2019-01-08 14:10:32.367] [sharedprocess] [info] Installing extension: theme-espresso-soda-solarized
[2019-01-08 14:10:32.391] [sharedprocess] [info] Scanned user extensions: 24
[2019-01-08 14:10:32.699] [sharedprocess] [info] Downloaded extension: theme-espresso-soda-solarized /tmp/a9b64a71-dc9d-487f-b7e6-7fb66d772ef5
[2019-01-08 14:10:32.732] [sharedprocess] [info] Extracted extension to /home/lvzbel/.vscode/extensions/.brofox86.theme-espresso-soda-solarized-3.0.1: brofox86.theme-espresso-soda-solarized-3.0.1
[2019-01-08 14:10:32.732] [sharedprocess] [info] Renamed to /home/lvzbel/.vscode/extensions/brofox86.theme-espresso-soda-solarized-3.0.1
[2019-01-08 14:10:32.733] [sharedprocess] [info] Installation completed. brofox86.theme-espresso-soda-solarized-3.0.1
[2019-01-08 14:10:32.742] [sharedprocess] [info] Extensions installed successfully: brofox86.theme-espresso-soda-solarized
[2019-01-08 14:10:32.888] [sharedprocess] [info] Scanned user extensions: 25
[2019-01-08 14:10:32.911] [sharedprocess] [info] Scanned system extensions: 71
[2019-01-08 14:10:35.770] [sharedprocess] [info] Scanned user extensions: 25
[2019-01-08 14:10:35.782] [sharedprocess] [info] Scanned user extensions: 25
[2019-01-08 14:10:35.789] [sharedprocess] [info] Scanned user extensions: 25
[2019-01-08 14:10:35.793] [sharedprocess] [info] Scanned user extensions: 25
[2019-01-08 14:10:35.806] [sharedprocess] [info] Scanned user extensions: 25
[2019-01-08 14:10:35.859] [sharedprocess] [info] Scanned system extensions: 71
[2019-01-08 14:10:35.864] [sharedprocess] [info] Scanned system extensions: 71
[2019-01-08 14:10:35.869] [sharedprocess] [info] Scanned system extensions: 71
[2019-01-08 14:10:35.873] [sharedprocess] [info] Scanned system extensions: 71
[2019-01-08 14:10:37.274] [sharedprocess] [info] Scanned user extensions: 25
[2019-01-08 14:15:37.330] [sharedprocess] [info] Scanned user extensions: 25
[2019-01-08 14:20:37.363] [sharedprocess] [info] Scanned user extensions: 25
[2019-01-08 14:25:37.629] [sharedprocess] [info] Scanned user extensions: 25
[2019-01-08 14:30:37.666] [sharedprocess] [info] Scanned user extensions: 25
[2019-01-08 14:35:37.706] [sharedprocess] [info] Scanned user extensions: 25
[2019-01-08 14:40:37.745] [sharedprocess] [info] Scanned user extensions: 25
[2019-01-08 14:45:37.782] [sharedprocess] [info] Scanned user extensions: 25
[2019-01-08 14:50:37.817] [sharedprocess] [info] Scanned user extensions: 25
[2019-01-08 14:55:37.855] [sharedprocess] [info] Scanned user extensions: 25
[2019-01-08 15:00:37.890] [sharedprocess] [info] Scanned user extensions: 25
[2019-01-08 15:05:37.932] [sharedprocess] [info] Scanned user extensions: 25
[2019-01-08 15:10:37.963] [sharedprocess] [info] Scanned user extensions: 25
[2019-01-08 18:28:00.869] [sharedprocess] [info] Scanned user extensions: 25
[2019-01-08 18:33:00.897] [sharedprocess] [info] Scanned user extensions: 25
[2019-01-08 18:38:00.932] [sharedprocess] [info] Scanned user extensions: 25
[2019-01-08 18:43:00.975] [sharedprocess] [info] Scanned user extensions: 25
[2019-01-08 18:48:01.015] [sharedprocess] [info] Scanned user extensions: 25
[2019-01-08 18:53:01.051] [sharedprocess] [info] Scanned user extensions: 25
[2019-01-08 18:58:01.089] [sharedprocess] [info] Scanned user extensions: 25
[2019-01-08 19:03:01.116] [sharedprocess] [info] Scanned user extensions: 25
[2019-01-08 19:08:01.151] [sharedprocess] [info] Scanned user extensions: 25
[2019-01-08 19:13:01.181] [sharedprocess] [info] Scanned user extensions: 25
[2019-01-08 19:18:01.213] [sharedprocess] [info] Scanned user extensions: 25
[2019-01-08 19:23:01.253] [sharedprocess] [info] Scanned user extensions: 25
[2019-01-08 19:27:54.420] [sharedprocess] [info] Scanned user extensions: 25
[2019-01-08 19:27:54.426] [sharedprocess] [info] Scanned user extensions: 25
[2019-01-08 19:27:54.592] [sharedprocess] [info] Scanned system extensions: 71
[2019-01-08 19:27:54.603] [sharedprocess] [info] Scanned system extensions: 71
[2019-01-08 19:27:54.977] [sharedprocess] [info] Scanned user extensions: 25
[2019-01-08 19:32:55.162] [sharedprocess] [info] Scanned user extensions: 25
[2019-01-08 19:37:55.196] [sharedprocess] [info] Scanned user extensions: 25
[2019-01-08 19:42:55.231] [sharedprocess] [info] Scanned user extensions: 25
[2019-01-08 19:47:55.270] [sharedprocess] [info] Scanned user extensions: 25
[2019-01-08 19:52:55.304] [sharedprocess] [info] Scanned user extensions: 25
[2019-01-08 19:57:55.344] [sharedprocess] [info] Scanned user extensions: 25
[2019-01-08 20:02:55.379] [sharedprocess] [info] Scanned user extensions: 25
[2019-01-08 20:07:55.414] [sharedprocess] [info] Scanned user extensions: 25
[2019-01-08 20:12:55.448] [sharedprocess] [info] Scanned user extensions: 25
[2019-01-08 20:17:55.487] [sharedprocess] [info] Scanned user extensions: 25
[2019-01-08 20:22:55.525] [sharedprocess] [info] Scanned user extensions: 25
[2019-01-08 20:27:55.559] [sharedprocess] [info] Scanned user extensions: 25
[2019-01-08 20:32:55.819] [sharedprocess] [info] Scanned user extensions: 25
[2019-01-08 20:37:55.854] [sharedprocess] [info] Scanned user extensions: 25
[2019-01-08 20:42:55.894] [sharedprocess] [info] Scanned user extensions: 25
[2019-01-08 20:47:55.928] [sharedprocess] [info] Scanned user extensions: 25
[2019-01-08 20:52:55.964] [sharedprocess] [info] Scanned user extensions: 25
[2019-01-08 20:57:55.999] [sharedprocess] [info] Scanned user extensions: 25
[2019-01-08 21:02:56.036] [sharedprocess] [info] Scanned user extensions: 25
[2019-01-08 21:07:56.073] [sharedprocess] [info] Scanned user extensions: 25
[2019-01-08 21:12:56.110] [sharedprocess] [info] Scanned user extensions: 25
[2019-01-08 21:17:56.140] [sharedprocess] [info] Scanned user extensions: 25
[2019-01-08 21:22:56.179] [sharedprocess] [info] Scanned user extensions: 25
[2019-01-08 21:27:56.212] [sharedprocess] [info] Scanned user extensions: 25
[2019-01-08 21:32:56.379] [sharedprocess] [info] Scanned user extensions: 25
[2019-01-08 21:37:56.415] [sharedprocess] [info] Scanned user extensions: 25
[2019-01-08 21:42:56.451] [sharedprocess] [info] Scanned user extensions: 25
[2019-01-08 21:47:56.477] [sharedprocess] [info] Scanned user extensions: 25
[2019-01-08 21:52:56.513] [sharedprocess] [info] Scanned user extensions: 25
[2019-01-08 21:57:56.553] [sharedprocess] [info] Scanned user extensions: 25
[2019-01-08 22:02:56.586] [sharedprocess] [info] Scanned user extensions: 25
[2019-01-08 22:07:56.621] [sharedprocess] [info] Scanned user extensions: 25
[2019-01-08 22:12:56.653] [sharedprocess] [info] Scanned user extensions: 25
[2019-01-08 22:17:56.684] [sharedprocess] [info] Scanned user extensions: 25
[2019-01-08 22:22:56.716] [sharedprocess] [info] Scanned user extensions: 25
[2019-01-08 22:27:56.753] [sharedprocess] [info] Scanned user extensions: 25
[2019-01-08 22:32:56.913] [sharedprocess] [info] Scanned user extensions: 25
[2019-01-08 22:37:56.951] [sharedprocess] [info] Scanned user extensions: 25
[2019-01-08 22:42:56.992] [sharedprocess] [info] Scanned user extensions: 25
[2019-01-08 22:43:10.120] [sharedprocess] [info] Scanned user extensions: 25
[2019-01-08 22:43:10.245] [sharedprocess] [info] Scanned system extensions: 71
[2019-01-08 22:43:11.654] [sharedprocess] [info] Scanned user extensions: 25
[2019-01-08 22:48:11.710] [sharedprocess] [info] Scanned user extensions: 25
[2019-01-08 22:53:11.755] [sharedprocess] [info] Scanned user extensions: 25
[2019-01-08 22:58:11.792] [sharedprocess] [info] Scanned user extensions: 25
[2019-01-08 23:03:11.831] [sharedprocess] [info] Scanned user extensions: 25
[2019-01-08 23:08:11.891] [sharedprocess] [info] Scanned user extensions: 25
[2019-01-08 23:13:11.952] [sharedprocess] [info] Scanned user extensions: 25
[2019-01-08 23:18:12.007] [sharedprocess] [info] Scanned user extensions: 25
[2019-01-08 23:23:12.042] [sharedprocess] [info] Scanned user extensions: 25
[2019-01-08 23:28:12.074] [sharedprocess] [info] Scanned user extensions: 25
[2019-01-08 23:33:12.254] [sharedprocess] [info] Scanned user extensions: 25
[2019-01-09 08:25:58.199] [sharedprocess] [info] Scanned user extensions: 25
[2019-01-09 08:30:58.232] [sharedprocess] [info] Scanned user extensions: 25
[2019-01-09 08:35:58.267] [sharedprocess] [info] Scanned user extensions: 25
[2019-01-09 08:40:58.293] [sharedprocess] [info] Scanned user extensions: 25
[2019-01-09 08:45:58.326] [sharedprocess] [info] Scanned user extensions: 25
[2019-01-09 08:50:58.360] [sharedprocess] [info] Scanned user extensions: 25
[2019-01-09 08:55:58.389] [sharedprocess] [info] Scanned user extensions: 25
[2019-01-09 09:00:58.424] [sharedprocess] [info] Scanned user extensions: 25
[2019-01-09 09:05:58.461] [sharedprocess] [info] Scanned user extensions: 25
[2019-01-09 09:10:58.497] [sharedprocess] [info] Scanned user extensions: 25
[2019-01-09 09:15:58.533] [sharedprocess] [info] Scanned user extensions: 25
[2019-01-09 09:20:58.569] [sharedprocess] [info] Scanned user extensions: 25
[2019-01-09 09:25:58.744] [sharedprocess] [info] Scanned user extensions: 25
[2019-01-09 09:30:58.782] [sharedprocess] [info] Scanned user extensions: 25
[2019-01-09 09:35:58.813] [sharedprocess] [info] Scanned user extensions: 25
[2019-01-09 09:40:58.845] [sharedprocess] [info] Scanned user extensions: 25
[2019-01-09 09:45:58.884] [sharedprocess] [info] Scanned user extensions: 25
[2019-01-09 09:50:58.920] [sharedprocess] [info] Scanned user extensions: 25
[2019-01-09 09:55:58.954] [sharedprocess] [info] Scanned user extensions: 25
[2019-01-09 10:00:58.986] [sharedprocess] [info] Scanned user extensions: 25
[2019-01-09 10:05:59.026] [sharedprocess] [info] Scanned user extensions: 25
[2019-01-09 10:10:59.054] [sharedprocess] [info] Scanned user extensions: 25
[2019-01-09 10:15:59.079] [sharedprocess] [info] Scanned user extensions: 25
[2019-01-09 10:20:59.112] [sharedprocess] [info] Scanned user extensions: 25
[2019-01-09 10:25:59.247] [sharedprocess] [info] Scanned user extensions: 25
[2019-01-09 10:30:59.279] [sharedprocess] [info] Scanned user extensions: 25
[2019-01-09 10:35:59.314] [sharedprocess] [info] Scanned user extensions: 25
[2019-01-09 10:40:59.344] [sharedprocess] [info] Scanned user extensions: 25
[2019-01-09 10:47:32.956] [sharedprocess] [info] Scanned user extensions: 25
[2019-01-09 10:52:32.989] [sharedprocess] [info] Scanned user extensions: 25
[2019-01-09 10:57:33.013] [sharedprocess] [info] Scanned user extensions: 25
[2019-01-09 11:02:33.041] [sharedprocess] [info] Scanned user extensions: 25
[2019-01-09 11:07:33.069] [sharedprocess] [info] Scanned user extensions: 25
[2019-01-09 11:12:33.095] [sharedprocess] [info] Scanned user extensions: 25
[2019-01-10 20:38:53.460] [sharedprocess] [info] Scanned user extensions: 25
[2019-01-10 20:43:54.418] [sharedprocess] [info] Scanned user extensions: 25
[2019-01-10 20:48:54.454] [sharedprocess] [info] Scanned user extensions: 25
[2019-01-10 20:53:54.485] [sharedprocess] [info] Scanned user extensions: 25
[2019-01-10 20:58:54.527] [sharedprocess] [info] Scanned user extensions: 25
[2019-01-10 21:03:54.557] [sharedprocess] [info] Scanned user extensions: 25
[2019-01-10 22:03:54.670] [sharedprocess] [info] Scanned user extensions: 25
[2019-01-10 22:08:54.703] [sharedprocess] [info] Scanned user extensions: 25
[2019-01-10 22:13:54.732] [sharedprocess] [info] Scanned user extensions: 25
[2019-01-10 22:18:54.767] [sharedprocess] [info] Scanned user extensions: 25
[2019-01-10 22:23:54.799] [sharedprocess] [info] Scanned user extensions: 25
[2019-01-10 22:28:54.833] [sharedprocess] [info] Scanned user extensions: 25
