[2018-11-04 19:43:33.321] [renderer1] [info] no standard startup: not the explorer viewlet
[2018-11-04 19:50:37.394] [renderer1] [info] no standard startup: not just one text editor
[2018-11-04 20:50:37.736] [renderer1] [info] no standard startup: not just one text editor
[2018-11-04 20:51:16.932] [renderer1] [info] no standard startup: not just one text editor
[2018-11-04 21:02:59.998] [renderer1] [info] no standard startup: not a new window
[2018-11-04 21:44:31.316] [renderer1] [error] An unknown error occurred. Please consult the log for more details.
[2018-11-05 12:09:08.974] [renderer1] [info] no standard startup: panel is active
[2018-11-05 12:13:47.524] [renderer1] [info] no standard startup: panel is active
[2018-11-06 13:10:43.913] [renderer1] [info] no standard startup: not a new window
[2018-11-06 13:12:17.676] [renderer1] [info] no standard startup: not a new window
[2018-11-06 14:45:48.092] [renderer1] [error] An unknown error occurred. Please consult the log for more details.
[2018-11-06 15:13:25.961] [renderer1] [error] An unknown error occurred. Please consult the log for more details.
[2018-11-08 21:46:46.583] [renderer1] [error] An unknown error occurred. Please consult the log for more details.
[2018-11-11 12:10:09.770] [renderer1] [error] An unknown error occurred. Please consult the log for more details.
[2018-11-11 12:10:20.236] [renderer1] [error] An unknown error occurred. Please consult the log for more details.
[2018-11-12 15:47:01.589] [renderer1] [info] no standard startup: not running latest version
[2018-11-12 15:47:50.270] [renderer1] [info] no standard startup: not running latest version
[2018-11-12 16:09:53.300] [renderer1] [error] An unknown error occurred. Please consult the log for more details.
[2018-11-12 19:13:20.130] [renderer1] [error] An unknown error occurred. Please consult the log for more details.
[2018-11-12 19:26:36.013] [renderer1] [error] An unknown error occurred. Please consult the log for more details.
