[2018-11-04 19:43:35.137] [sharedprocess] [info] main {"machineId":"688693ba4ea11fb6dec10aea7b1a39bd11a08b2f7c99da68bb8d3df559db3ab2"}
[2018-11-04 19:43:35.273] [sharedprocess] [info] Scanned user extensions: 17
[2018-11-04 19:43:35.308] [sharedprocess] [info] Scanned user extensions: 17
[2018-11-04 19:43:35.314] [sharedprocess] [info] Scanned user extensions: 17
[2018-11-04 19:43:35.362] [sharedprocess] [info] Scanned user extensions: 17
[2018-11-04 19:43:35.443] [sharedprocess] [info] Scanned system extensions: 71
[2018-11-04 19:43:35.459] [sharedprocess] [info] Scanned system extensions: 71
[2018-11-04 19:44:15.144] [sharedprocess] [info] Starting to clean up unused language packs.
[2018-11-04 19:48:35.410] [sharedprocess] [info] Scanned user extensions: 17
[2018-11-04 19:50:37.513] [sharedprocess] [info] Scanned user extensions: 17
[2018-11-04 19:50:37.527] [sharedprocess] [info] Scanned user extensions: 17
[2018-11-04 19:50:37.539] [sharedprocess] [info] Scanned user extensions: 17
[2018-11-04 19:50:37.632] [sharedprocess] [info] Scanned system extensions: 71
[2018-11-04 19:50:37.638] [sharedprocess] [info] Scanned system extensions: 71
[2018-11-04 19:50:37.884] [sharedprocess] [info] Scanned user extensions: 17
[2018-11-04 19:53:40.745] [sharedprocess] [info] Scanned user extensions: 17
[2018-11-04 19:53:40.826] [sharedprocess] [info] Scanned user extensions: 17
[2018-11-04 19:53:40.830] [sharedprocess] [info] Scanned user extensions: 17
[2018-11-04 19:53:40.838] [sharedprocess] [info] Scanned user extensions: 17
[2018-11-04 19:53:40.920] [sharedprocess] [info] Scanned system extensions: 71
[2018-11-04 19:53:40.923] [sharedprocess] [info] Scanned system extensions: 71
[2018-11-04 19:53:40.927] [sharedprocess] [info] Scanned system extensions: 71
[2018-11-04 19:55:37.916] [sharedprocess] [info] Scanned user extensions: 17
[2018-11-04 19:56:13.370] [sharedprocess] [info] Scanned user extensions: 17
[2018-11-04 19:56:13.373] [sharedprocess] [info] Scanned user extensions: 17
[2018-11-04 19:56:13.378] [sharedprocess] [info] Scanned user extensions: 17
[2018-11-04 19:56:13.431] [sharedprocess] [info] Scanned system extensions: 71
[2018-11-04 19:56:13.435] [sharedprocess] [info] Scanned system extensions: 71
[2018-11-04 19:56:13.439] [sharedprocess] [info] Scanned system extensions: 71
[2018-11-04 20:00:37.951] [sharedprocess] [info] Scanned user extensions: 17
[2018-11-04 20:05:37.988] [sharedprocess] [info] Scanned user extensions: 17
[2018-11-04 20:10:38.022] [sharedprocess] [info] Scanned user extensions: 17
[2018-11-04 20:15:38.059] [sharedprocess] [info] Scanned user extensions: 17
[2018-11-04 20:20:38.098] [sharedprocess] [info] Scanned user extensions: 17
[2018-11-04 20:25:38.280] [sharedprocess] [info] Scanned user extensions: 17
[2018-11-04 20:30:38.313] [sharedprocess] [info] Scanned user extensions: 17
[2018-11-04 20:35:32.777] [sharedprocess] [info] Scanned user extensions: 17
[2018-11-04 20:35:32.785] [sharedprocess] [info] Scanned user extensions: 17
[2018-11-04 20:35:32.788] [sharedprocess] [info] Scanned user extensions: 17
[2018-11-04 20:35:32.871] [sharedprocess] [info] Scanned system extensions: 71
[2018-11-04 20:35:32.876] [sharedprocess] [info] Scanned system extensions: 71
[2018-11-04 20:35:32.881] [sharedprocess] [info] Scanned system extensions: 71
[2018-11-04 20:35:38.351] [sharedprocess] [info] Scanned user extensions: 17
[2018-11-04 20:40:38.376] [sharedprocess] [info] Scanned user extensions: 17
[2018-11-04 20:45:38.415] [sharedprocess] [info] Scanned user extensions: 17
[2018-11-04 20:50:37.848] [sharedprocess] [info] Scanned user extensions: 17
[2018-11-04 20:50:37.869] [sharedprocess] [info] Scanned user extensions: 17
[2018-11-04 20:50:37.880] [sharedprocess] [info] Scanned user extensions: 17
[2018-11-04 20:50:37.944] [sharedprocess] [info] Scanned system extensions: 71
[2018-11-04 20:50:37.950] [sharedprocess] [info] Scanned system extensions: 71
[2018-11-04 20:50:38.207] [sharedprocess] [info] Scanned user extensions: 17
[2018-11-04 20:51:17.128] [sharedprocess] [info] Scanned user extensions: 17
[2018-11-04 20:51:17.149] [sharedprocess] [info] Scanned user extensions: 17
[2018-11-04 20:51:17.175] [sharedprocess] [info] Scanned user extensions: 17
[2018-11-04 20:51:17.254] [sharedprocess] [info] Scanned system extensions: 71
[2018-11-04 20:51:17.261] [sharedprocess] [info] Scanned system extensions: 71
[2018-11-04 20:51:17.812] [sharedprocess] [info] Scanned user extensions: 17
[2018-11-04 20:56:17.846] [sharedprocess] [info] Scanned user extensions: 17
[2018-11-04 21:00:48.502] [sharedprocess] [info] Scanned user extensions: 17
[2018-11-04 21:00:48.576] [sharedprocess] [info] Scanned user extensions: 17
[2018-11-04 21:00:48.587] [sharedprocess] [info] Scanned user extensions: 17
[2018-11-04 21:00:48.592] [sharedprocess] [info] Scanned user extensions: 17
[2018-11-04 21:00:48.643] [sharedprocess] [info] Scanned system extensions: 71
[2018-11-04 21:00:48.647] [sharedprocess] [info] Scanned system extensions: 71
[2018-11-04 21:00:48.651] [sharedprocess] [info] Scanned system extensions: 71
[2018-11-04 21:01:05.767] [sharedprocess] [info] Installing extension: vscode-babel-coloring
[2018-11-04 21:01:05.778] [sharedprocess] [info] Scanned user extensions: 17
[2018-11-04 21:01:06.392] [sharedprocess] [info] Downloaded extension: vscode-babel-coloring /tmp/2eab93cf-8d83-4f38-a81c-309484ae7266
[2018-11-04 21:01:06.428] [sharedprocess] [info] Extracted extension to /home/lvzbel/.vscode/extensions/.dzannotti.vscode-babel-coloring-0.0.4: dzannotti.vscode-babel-coloring-0.0.4
[2018-11-04 21:01:06.428] [sharedprocess] [info] Renamed to /home/lvzbel/.vscode/extensions/dzannotti.vscode-babel-coloring-0.0.4
[2018-11-04 21:01:06.428] [sharedprocess] [info] Installation completed. dzannotti.vscode-babel-coloring-0.0.4
[2018-11-04 21:01:06.434] [sharedprocess] [info] Extensions installed successfully: dzannotti.vscode-babel-coloring
[2018-11-04 21:01:06.565] [sharedprocess] [info] Scanned user extensions: 18
[2018-11-04 21:01:06.586] [sharedprocess] [info] Scanned system extensions: 71
[2018-11-04 21:01:17.889] [sharedprocess] [info] Scanned user extensions: 18
[2018-11-04 21:01:42.888] [sharedprocess] [info] Scanned user extensions: 18
[2018-11-04 21:01:42.892] [sharedprocess] [info] Scanned user extensions: 18
[2018-11-04 21:01:42.899] [sharedprocess] [info] Scanned user extensions: 18
[2018-11-04 21:01:42.956] [sharedprocess] [info] Scanned system extensions: 71
[2018-11-04 21:01:42.960] [sharedprocess] [info] Scanned system extensions: 71
[2018-11-04 21:01:42.965] [sharedprocess] [info] Scanned system extensions: 71
[2018-11-04 21:01:49.333] [sharedprocess] [info] Installing extension: path-intellisense
[2018-11-04 21:01:49.349] [sharedprocess] [info] Scanned user extensions: 18
[2018-11-04 21:01:49.681] [sharedprocess] [info] Downloaded extension: path-intellisense /tmp/c3316adc-7840-4035-994c-46f410a6d012
[2018-11-04 21:01:49.745] [sharedprocess] [info] Extracted extension to /home/lvzbel/.vscode/extensions/.christian-kohler.path-intellisense-1.4.2: christian-kohler.path-intellisense-1.4.2
[2018-11-04 21:01:49.745] [sharedprocess] [info] Renamed to /home/lvzbel/.vscode/extensions/christian-kohler.path-intellisense-1.4.2
[2018-11-04 21:01:49.745] [sharedprocess] [info] Installation completed. christian-kohler.path-intellisense-1.4.2
[2018-11-04 21:01:49.752] [sharedprocess] [info] Extensions installed successfully: christian-kohler.path-intellisense
[2018-11-04 21:01:49.886] [sharedprocess] [info] Scanned user extensions: 19
[2018-11-04 21:01:49.916] [sharedprocess] [info] Scanned system extensions: 71
[2018-11-04 21:03:00.012] [sharedprocess] [info] Scanned user extensions: 19
[2018-11-04 21:03:00.023] [sharedprocess] [info] Scanned user extensions: 19
[2018-11-04 21:03:00.029] [sharedprocess] [info] Scanned user extensions: 19
[2018-11-04 21:03:00.043] [sharedprocess] [info] Scanned user extensions: 19
[2018-11-04 21:03:00.051] [sharedprocess] [info] Scanned user extensions: 19
[2018-11-04 21:03:00.057] [sharedprocess] [info] Scanned user extensions: 19
[2018-11-04 21:03:00.148] [sharedprocess] [info] Scanned system extensions: 71
[2018-11-04 21:03:00.154] [sharedprocess] [info] Scanned system extensions: 71
[2018-11-04 21:03:00.161] [sharedprocess] [info] Scanned system extensions: 71
[2018-11-04 21:03:00.167] [sharedprocess] [info] Scanned system extensions: 71
[2018-11-04 21:03:00.944] [sharedprocess] [info] Scanned user extensions: 19
[2018-11-04 21:08:01.034] [sharedprocess] [info] Scanned user extensions: 19
[2018-11-04 21:13:01.065] [sharedprocess] [info] Scanned user extensions: 19
[2018-11-04 21:14:39.420] [sharedprocess] [info] Scanned user extensions: 19
[2018-11-04 21:14:39.423] [sharedprocess] [info] Scanned user extensions: 19
[2018-11-04 21:14:39.434] [sharedprocess] [info] Scanned user extensions: 19
[2018-11-04 21:14:39.493] [sharedprocess] [info] Scanned system extensions: 71
[2018-11-04 21:14:39.497] [sharedprocess] [info] Scanned system extensions: 71
[2018-11-04 21:14:39.501] [sharedprocess] [info] Scanned system extensions: 71
[2018-11-04 21:18:01.100] [sharedprocess] [info] Scanned user extensions: 19
[2018-11-04 21:23:01.137] [sharedprocess] [info] Scanned user extensions: 19
[2018-11-04 21:28:01.309] [sharedprocess] [info] Scanned user extensions: 19
[2018-11-04 21:33:01.339] [sharedprocess] [info] Scanned user extensions: 19
[2018-11-04 21:38:01.376] [sharedprocess] [info] Scanned user extensions: 19
[2018-11-04 21:43:01.412] [sharedprocess] [info] Scanned user extensions: 19
[2018-11-04 21:48:01.444] [sharedprocess] [info] Scanned user extensions: 19
[2018-11-04 21:53:01.470] [sharedprocess] [info] Scanned user extensions: 19
[2018-11-04 21:58:01.503] [sharedprocess] [info] Scanned user extensions: 19
[2018-11-04 22:03:01.534] [sharedprocess] [info] Scanned user extensions: 19
[2018-11-04 22:08:01.560] [sharedprocess] [info] Scanned user extensions: 19
[2018-11-04 22:13:01.592] [sharedprocess] [info] Scanned user extensions: 19
[2018-11-04 22:18:01.630] [sharedprocess] [info] Scanned user extensions: 19
[2018-11-04 22:23:01.662] [sharedprocess] [info] Scanned user extensions: 19
[2018-11-04 22:28:01.842] [sharedprocess] [info] Scanned user extensions: 19
[2018-11-04 22:33:01.885] [sharedprocess] [info] Scanned user extensions: 19
[2018-11-04 22:38:01.926] [sharedprocess] [info] Scanned user extensions: 19
[2018-11-04 22:43:01.955] [sharedprocess] [info] Scanned user extensions: 19
[2018-11-04 22:48:01.979] [sharedprocess] [info] Scanned user extensions: 19
[2018-11-04 22:53:02.009] [sharedprocess] [info] Scanned user extensions: 19
[2018-11-04 23:26:58.535] [sharedprocess] [info] Scanned user extensions: 19
[2018-11-04 23:31:58.722] [sharedprocess] [info] Scanned user extensions: 19
[2018-11-05 00:00:11.369] [sharedprocess] [info] Scanned user extensions: 19
[2018-11-05 00:05:11.409] [sharedprocess] [info] Scanned user extensions: 19
[2018-11-05 12:02:16.941] [sharedprocess] [info] Scanned user extensions: 19
[2018-11-05 12:07:16.983] [sharedprocess] [info] Scanned user extensions: 19
[2018-11-05 12:09:10.294] [sharedprocess] [info] main {"machineId":"688693ba4ea11fb6dec10aea7b1a39bd11a08b2f7c99da68bb8d3df559db3ab2"}
[2018-11-05 12:09:10.422] [sharedprocess] [info] Scanned user extensions: 19
[2018-11-05 12:09:10.511] [sharedprocess] [info] Scanned system extensions: 71
[2018-11-05 12:09:10.609] [sharedprocess] [info] Scanned user extensions: 19
[2018-11-05 12:09:10.626] [sharedprocess] [info] Scanned user extensions: 19
[2018-11-05 12:09:10.650] [sharedprocess] [info] Scanned user extensions: 19
[2018-11-05 12:09:10.668] [sharedprocess] [info] Scanned system extensions: 71
[2018-11-05 12:09:50.302] [sharedprocess] [info] Starting to clean up unused language packs.
[2018-11-05 12:13:48.974] [sharedprocess] [info] main {"machineId":"688693ba4ea11fb6dec10aea7b1a39bd11a08b2f7c99da68bb8d3df559db3ab2"}
[2018-11-05 12:13:49.087] [sharedprocess] [info] Scanned user extensions: 19
[2018-11-05 12:13:49.134] [sharedprocess] [info] Scanned user extensions: 19
[2018-11-05 12:13:49.141] [sharedprocess] [info] Scanned user extensions: 19
[2018-11-05 12:13:49.150] [sharedprocess] [info] Scanned user extensions: 19
[2018-11-05 12:13:49.197] [sharedprocess] [info] Scanned system extensions: 71
[2018-11-05 12:13:49.200] [sharedprocess] [info] Scanned system extensions: 71
[2018-11-05 12:14:28.982] [sharedprocess] [info] Starting to clean up unused language packs.
[2018-11-05 12:18:49.198] [sharedprocess] [info] Scanned user extensions: 19
[2018-11-05 12:23:49.240] [sharedprocess] [info] Scanned user extensions: 19
[2018-11-05 12:28:49.280] [sharedprocess] [info] Scanned user extensions: 19
[2018-11-05 12:33:49.317] [sharedprocess] [info] Scanned user extensions: 19
[2018-11-05 12:38:49.355] [sharedprocess] [info] Scanned user extensions: 19
[2018-11-05 12:43:49.395] [sharedprocess] [info] Scanned user extensions: 19
[2018-11-05 12:48:49.431] [sharedprocess] [info] Scanned user extensions: 19
[2018-11-05 12:53:49.464] [sharedprocess] [info] Scanned user extensions: 19
[2018-11-05 12:58:49.500] [sharedprocess] [info] Scanned user extensions: 19
[2018-11-05 13:03:49.698] [sharedprocess] [info] Scanned user extensions: 19
[2018-11-05 15:57:13.782] [sharedprocess] [info] Scanned user extensions: 19
[2018-11-05 16:02:13.818] [sharedprocess] [info] Scanned user extensions: 19
[2018-11-05 16:07:13.857] [sharedprocess] [info] Scanned user extensions: 19
[2018-11-05 16:12:13.893] [sharedprocess] [info] Scanned user extensions: 19
[2018-11-05 16:17:13.936] [sharedprocess] [info] Scanned user extensions: 19
[2018-11-05 16:22:13.972] [sharedprocess] [info] Scanned user extensions: 19
[2018-11-05 16:27:14.008] [sharedprocess] [info] Scanned user extensions: 19
[2018-11-05 16:32:14.046] [sharedprocess] [info] Scanned user extensions: 19
[2018-11-05 16:37:14.086] [sharedprocess] [info] Scanned user extensions: 19
[2018-11-05 16:42:14.115] [sharedprocess] [info] Scanned user extensions: 19
[2018-11-05 16:47:14.150] [sharedprocess] [info] Scanned user extensions: 19
[2018-11-05 16:52:14.186] [sharedprocess] [info] Scanned user extensions: 19
[2018-11-05 16:57:14.412] [sharedprocess] [info] Scanned user extensions: 19
[2018-11-05 17:02:14.445] [sharedprocess] [info] Scanned user extensions: 19
[2018-11-05 17:07:14.477] [sharedprocess] [info] Scanned user extensions: 19
[2018-11-05 17:12:14.512] [sharedprocess] [info] Scanned user extensions: 19
[2018-11-05 17:17:14.549] [sharedprocess] [info] Scanned user extensions: 19
[2018-11-05 17:22:14.584] [sharedprocess] [info] Scanned user extensions: 19
[2018-11-05 17:27:14.621] [sharedprocess] [info] Scanned user extensions: 19
[2018-11-05 17:32:14.659] [sharedprocess] [info] Scanned user extensions: 19
[2018-11-05 17:37:14.703] [sharedprocess] [info] Scanned user extensions: 19
[2018-11-05 17:42:14.735] [sharedprocess] [info] Scanned user extensions: 19
[2018-11-05 17:47:14.773] [sharedprocess] [info] Scanned user extensions: 19
[2018-11-05 17:52:14.813] [sharedprocess] [info] Scanned user extensions: 19
[2018-11-05 20:49:20.265] [sharedprocess] [info] Scanned user extensions: 19
[2018-11-05 20:59:25.581] [sharedprocess] [info] Scanned user extensions: 19
[2018-11-05 21:04:25.617] [sharedprocess] [info] Scanned user extensions: 19
[2018-11-05 21:09:25.651] [sharedprocess] [info] Scanned user extensions: 19
[2018-11-05 21:14:25.697] [sharedprocess] [info] Scanned user extensions: 19
[2018-11-05 21:19:25.737] [sharedprocess] [info] Scanned user extensions: 19
[2018-11-05 21:24:25.778] [sharedprocess] [info] Scanned user extensions: 19
[2018-11-05 21:29:25.815] [sharedprocess] [info] Scanned user extensions: 19
[2018-11-05 21:34:25.847] [sharedprocess] [info] Scanned user extensions: 19
[2018-11-05 21:39:25.883] [sharedprocess] [info] Scanned user extensions: 19
[2018-11-05 21:44:25.918] [sharedprocess] [info] Scanned user extensions: 19
[2018-11-05 21:59:03.086] [sharedprocess] [info] Scanned user extensions: 19
[2018-11-05 22:04:03.123] [sharedprocess] [info] Scanned user extensions: 19
[2018-11-05 22:09:03.156] [sharedprocess] [info] Scanned user extensions: 19
[2018-11-05 22:14:03.192] [sharedprocess] [info] Scanned user extensions: 19
[2018-11-05 22:19:03.223] [sharedprocess] [info] Scanned user extensions: 19
[2018-11-05 22:24:03.253] [sharedprocess] [info] Scanned user extensions: 19
[2018-11-05 23:14:36.297] [sharedprocess] [info] Scanned user extensions: 19
[2018-11-05 23:19:36.965] [sharedprocess] [info] Scanned user extensions: 19
[2018-11-05 23:24:37.006] [sharedprocess] [info] Scanned user extensions: 19
[2018-11-06 12:15:54.779] [sharedprocess] [info] Scanned user extensions: 19
[2018-11-06 12:20:55.430] [sharedprocess] [info] Scanned user extensions: 19
[2018-11-06 12:25:55.462] [sharedprocess] [info] Scanned user extensions: 19
[2018-11-06 12:46:17.399] [sharedprocess] [info] Scanned user extensions: 19
[2018-11-06 12:51:17.433] [sharedprocess] [info] Scanned user extensions: 19
[2018-11-06 12:56:17.469] [sharedprocess] [info] Scanned user extensions: 19
[2018-11-06 13:01:17.499] [sharedprocess] [info] Scanned user extensions: 19
[2018-11-06 13:06:17.533] [sharedprocess] [info] Scanned user extensions: 19
[2018-11-06 13:09:46.087] [sharedprocess] [info] Scanned user extensions: 19
[2018-11-06 13:10:11.589] [sharedprocess] [info] Installing extension: vsc-material-theme
[2018-11-06 13:10:11.615] [sharedprocess] [info] Scanned user extensions: 19
[2018-11-06 13:10:13.037] [sharedprocess] [info] Downloaded extension: vsc-material-theme /tmp/ece8222e-bff3-4f93-ab66-d29758546448
[2018-11-06 13:10:14.099] [sharedprocess] [info] Extracted extension to /home/lvzbel/.vscode/extensions/.equinusocio.vsc-material-theme-2.5.1: equinusocio.vsc-material-theme-2.5.1
[2018-11-06 13:10:14.100] [sharedprocess] [info] Renamed to /home/lvzbel/.vscode/extensions/equinusocio.vsc-material-theme-2.5.1
[2018-11-06 13:10:14.100] [sharedprocess] [info] Installation completed. equinusocio.vsc-material-theme-2.5.1
[2018-11-06 13:10:14.112] [sharedprocess] [info] Extensions installed successfully: equinusocio.vsc-material-theme
[2018-11-06 13:10:14.248] [sharedprocess] [info] Scanned user extensions: 20
[2018-11-06 13:10:14.272] [sharedprocess] [info] Scanned system extensions: 71
[2018-11-06 13:10:28.296] [sharedprocess] [info] Installing extension: dark-plus-material
[2018-11-06 13:10:28.323] [sharedprocess] [info] Scanned user extensions: 20
[2018-11-06 13:10:29.461] [sharedprocess] [info] Downloaded extension: dark-plus-material /tmp/819dbecb-9ce9-44a5-a283-8df0ddf44aab
[2018-11-06 13:10:29.501] [sharedprocess] [info] Extracted extension to /home/lvzbel/.vscode/extensions/.vangware.dark-plus-material-1.4.3: vangware.dark-plus-material-1.4.3
[2018-11-06 13:10:29.501] [sharedprocess] [info] Renamed to /home/lvzbel/.vscode/extensions/vangware.dark-plus-material-1.4.3
[2018-11-06 13:10:29.501] [sharedprocess] [info] Installation completed. vangware.dark-plus-material-1.4.3
[2018-11-06 13:10:29.509] [sharedprocess] [info] Extensions installed successfully: vangware.dark-plus-material
[2018-11-06 13:10:29.652] [sharedprocess] [info] Scanned user extensions: 21
[2018-11-06 13:10:29.673] [sharedprocess] [info] Scanned system extensions: 71
[2018-11-06 13:10:43.961] [sharedprocess] [info] Scanned user extensions: 21
[2018-11-06 13:10:43.965] [sharedprocess] [info] Scanned user extensions: 21
[2018-11-06 13:10:43.966] [sharedprocess] [info] Scanned user extensions: 21
[2018-11-06 13:10:43.974] [sharedprocess] [info] Scanned user extensions: 21
[2018-11-06 13:10:43.977] [sharedprocess] [info] Scanned user extensions: 21
[2018-11-06 13:10:43.980] [sharedprocess] [info] Scanned user extensions: 21
[2018-11-06 13:10:44.090] [sharedprocess] [info] Scanned system extensions: 71
[2018-11-06 13:10:44.095] [sharedprocess] [info] Scanned system extensions: 71
[2018-11-06 13:10:44.102] [sharedprocess] [info] Scanned system extensions: 71
[2018-11-06 13:10:44.112] [sharedprocess] [info] Scanned system extensions: 71
[2018-11-06 13:10:44.776] [sharedprocess] [info] Scanned user extensions: 21
[2018-11-06 13:12:17.600] [sharedprocess] [info] Scanned user extensions: 21
[2018-11-06 13:12:17.609] [sharedprocess] [info] Scanned user extensions: 21
[2018-11-06 13:12:17.636] [sharedprocess] [info] Scanned system extensions: 71
[2018-11-06 13:12:18.603] [sharedprocess] [info] Scanned user extensions: 21
[2018-11-06 13:13:05.432] [sharedprocess] [info] Scanned user extensions: 21
[2018-11-06 13:17:18.820] [sharedprocess] [info] Scanned user extensions: 21
[2018-11-06 13:22:18.849] [sharedprocess] [info] Scanned user extensions: 21
[2018-11-06 13:27:18.880] [sharedprocess] [info] Scanned user extensions: 21
[2018-11-06 13:32:18.914] [sharedprocess] [info] Scanned user extensions: 21
[2018-11-06 13:37:18.954] [sharedprocess] [info] Scanned user extensions: 21
[2018-11-06 13:42:18.990] [sharedprocess] [info] Scanned user extensions: 21
[2018-11-06 13:47:19.025] [sharedprocess] [info] Scanned user extensions: 21
[2018-11-06 13:52:19.062] [sharedprocess] [info] Scanned user extensions: 21
[2018-11-06 13:57:19.099] [sharedprocess] [info] Scanned user extensions: 21
[2018-11-06 14:02:19.136] [sharedprocess] [info] Scanned user extensions: 21
[2018-11-06 14:07:19.176] [sharedprocess] [info] Scanned user extensions: 21
[2018-11-06 14:12:19.208] [sharedprocess] [info] Scanned user extensions: 21
[2018-11-06 14:17:19.376] [sharedprocess] [info] Scanned user extensions: 21
[2018-11-06 14:22:19.415] [sharedprocess] [info] Scanned user extensions: 21
[2018-11-06 14:27:19.452] [sharedprocess] [info] Scanned user extensions: 21
[2018-11-06 14:32:19.487] [sharedprocess] [info] Scanned user extensions: 21
[2018-11-06 14:37:19.522] [sharedprocess] [info] Scanned user extensions: 21
[2018-11-06 14:42:19.557] [sharedprocess] [info] Scanned user extensions: 21
[2018-11-06 14:47:19.597] [sharedprocess] [info] Scanned user extensions: 21
[2018-11-06 14:52:19.635] [sharedprocess] [info] Scanned user extensions: 21
[2018-11-06 14:57:19.670] [sharedprocess] [info] Scanned user extensions: 21
[2018-11-06 15:02:19.706] [sharedprocess] [info] Scanned user extensions: 21
[2018-11-06 15:07:19.743] [sharedprocess] [info] Scanned user extensions: 21
[2018-11-06 15:12:19.782] [sharedprocess] [info] Scanned user extensions: 21
[2018-11-06 15:17:20.056] [sharedprocess] [info] Scanned user extensions: 21
[2018-11-06 15:22:20.095] [sharedprocess] [info] Scanned user extensions: 21
[2018-11-06 15:27:20.132] [sharedprocess] [info] Scanned user extensions: 21
[2018-11-06 15:32:20.169] [sharedprocess] [info] Scanned user extensions: 21
[2018-11-06 15:37:20.199] [sharedprocess] [info] Scanned user extensions: 21
[2018-11-06 15:42:20.238] [sharedprocess] [info] Scanned user extensions: 21
[2018-11-06 15:47:20.279] [sharedprocess] [info] Scanned user extensions: 21
[2018-11-06 15:52:20.317] [sharedprocess] [info] Scanned user extensions: 21
[2018-11-06 15:57:20.357] [sharedprocess] [info] Scanned user extensions: 21
[2018-11-06 16:02:20.397] [sharedprocess] [info] Scanned user extensions: 21
[2018-11-06 16:07:20.437] [sharedprocess] [info] Scanned user extensions: 21
[2018-11-08 21:04:16.009] [sharedprocess] [info] Scanned user extensions: 21
[2018-11-08 21:09:16.043] [sharedprocess] [info] Scanned user extensions: 21
[2018-11-08 21:14:16.080] [sharedprocess] [info] Scanned user extensions: 21
[2018-11-08 21:19:16.117] [sharedprocess] [info] Scanned user extensions: 21
[2018-11-08 21:24:16.150] [sharedprocess] [info] Scanned user extensions: 21
[2018-11-08 21:29:16.189] [sharedprocess] [info] Scanned user extensions: 21
[2018-11-08 21:34:16.226] [sharedprocess] [info] Scanned user extensions: 21
[2018-11-08 21:39:16.265] [sharedprocess] [info] Scanned user extensions: 21
[2018-11-08 21:45:58.194] [sharedprocess] [info] Scanned user extensions: 21
[2018-11-08 21:50:58.226] [sharedprocess] [info] Scanned user extensions: 21
[2018-11-08 21:55:58.260] [sharedprocess] [info] Scanned user extensions: 21
[2018-11-08 22:18:30.188] [sharedprocess] [info] Scanned user extensions: 21
[2018-11-08 22:23:30.229] [sharedprocess] [info] Scanned user extensions: 21
[2018-11-08 22:28:30.264] [sharedprocess] [info] Scanned user extensions: 21
[2018-11-08 22:33:30.301] [sharedprocess] [info] Scanned user extensions: 21
[2018-11-08 22:38:30.344] [sharedprocess] [info] Scanned user extensions: 21
[2018-11-08 22:43:30.383] [sharedprocess] [info] Scanned user extensions: 21
[2018-11-08 22:48:30.418] [sharedprocess] [info] Scanned user extensions: 21
[2018-11-08 22:53:30.454] [sharedprocess] [info] Scanned user extensions: 21
[2018-11-08 22:58:30.492] [sharedprocess] [info] Scanned user extensions: 21
[2018-11-08 23:03:30.531] [sharedprocess] [info] Scanned user extensions: 21
[2018-11-08 23:08:30.575] [sharedprocess] [info] Scanned user extensions: 21
[2018-11-08 23:13:30.622] [sharedprocess] [info] Scanned user extensions: 21
[2018-11-08 23:18:30.812] [sharedprocess] [info] Scanned user extensions: 21
[2018-11-08 23:23:30.854] [sharedprocess] [info] Scanned user extensions: 21
[2018-11-08 23:28:30.890] [sharedprocess] [info] Scanned user extensions: 21
[2018-11-08 23:33:30.926] [sharedprocess] [info] Scanned user extensions: 21
[2018-11-09 19:17:26.498] [sharedprocess] [info] Scanned user extensions: 21
[2018-11-09 19:22:26.534] [sharedprocess] [info] Scanned user extensions: 21
[2018-11-09 19:27:26.568] [sharedprocess] [info] Scanned user extensions: 21
[2018-11-09 19:32:26.606] [sharedprocess] [info] Scanned user extensions: 21
[2018-11-09 19:37:26.639] [sharedprocess] [info] Scanned user extensions: 21
[2018-11-09 19:42:26.678] [sharedprocess] [info] Scanned user extensions: 21
[2018-11-09 19:47:26.717] [sharedprocess] [info] Scanned user extensions: 21
[2018-11-09 19:52:26.754] [sharedprocess] [info] Scanned user extensions: 21
[2018-11-09 19:57:26.802] [sharedprocess] [info] Scanned user extensions: 21
[2018-11-09 20:02:26.843] [sharedprocess] [info] Scanned user extensions: 21
[2018-11-09 20:09:24.658] [sharedprocess] [info] Scanned user extensions: 21
[2018-11-09 20:14:24.698] [sharedprocess] [info] Scanned user extensions: 21
[2018-11-09 20:19:24.899] [sharedprocess] [info] Scanned user extensions: 21
[2018-11-09 20:24:24.934] [sharedprocess] [info] Scanned user extensions: 21
[2018-11-09 20:29:24.974] [sharedprocess] [info] Scanned user extensions: 21
[2018-11-09 20:34:25.012] [sharedprocess] [info] Scanned user extensions: 21
[2018-11-09 20:39:25.042] [sharedprocess] [info] Scanned user extensions: 21
[2018-11-09 21:15:57.184] [sharedprocess] [info] Scanned user extensions: 21
[2018-11-09 21:30:17.079] [sharedprocess] [info] Scanned user extensions: 21
[2018-11-09 21:35:17.121] [sharedprocess] [info] Scanned user extensions: 21
[2018-11-09 21:40:17.159] [sharedprocess] [info] Scanned user extensions: 21
[2018-11-09 21:45:17.206] [sharedprocess] [info] Scanned user extensions: 21
[2018-11-09 21:50:17.246] [sharedprocess] [info] Scanned user extensions: 21
[2018-11-09 21:55:17.282] [sharedprocess] [info] Scanned user extensions: 21
[2018-11-09 22:00:17.321] [sharedprocess] [info] Scanned user extensions: 21
[2018-11-09 22:05:17.369] [sharedprocess] [info] Scanned user extensions: 21
[2018-11-09 22:10:17.410] [sharedprocess] [info] Scanned user extensions: 21
[2018-11-09 22:15:17.445] [sharedprocess] [info] Scanned user extensions: 21
[2018-11-09 22:20:17.486] [sharedprocess] [info] Scanned user extensions: 21
[2018-11-09 22:25:17.524] [sharedprocess] [info] Scanned user extensions: 21
[2018-11-09 22:30:17.689] [sharedprocess] [info] Scanned user extensions: 21
[2018-11-09 22:35:17.725] [sharedprocess] [info] Scanned user extensions: 21
[2018-11-09 22:40:17.770] [sharedprocess] [info] Scanned user extensions: 21
[2018-11-09 22:45:17.812] [sharedprocess] [info] Scanned user extensions: 21
[2018-11-09 22:50:17.849] [sharedprocess] [info] Scanned user extensions: 21
[2018-11-09 22:55:17.884] [sharedprocess] [info] Scanned user extensions: 21
[2018-11-09 23:00:17.919] [sharedprocess] [info] Scanned user extensions: 21
[2018-11-10 17:20:11.555] [sharedprocess] [info] Scanned user extensions: 21
[2018-11-10 17:25:11.596] [sharedprocess] [info] Scanned user extensions: 21
[2018-11-10 17:30:11.634] [sharedprocess] [info] Scanned user extensions: 21
[2018-11-10 17:35:11.673] [sharedprocess] [info] Scanned user extensions: 21
[2018-11-10 17:40:11.720] [sharedprocess] [info] Scanned user extensions: 21
[2018-11-10 17:45:11.760] [sharedprocess] [info] Scanned user extensions: 21
[2018-11-10 17:50:11.789] [sharedprocess] [info] Scanned user extensions: 21
[2018-11-10 17:55:11.830] [sharedprocess] [info] Scanned user extensions: 21
[2018-11-10 18:00:11.871] [sharedprocess] [info] Scanned user extensions: 21
[2018-11-11 11:00:48.250] [sharedprocess] [info] Scanned user extensions: 21
[2018-11-11 11:05:48.284] [sharedprocess] [info] Scanned user extensions: 21
[2018-11-11 11:10:48.320] [sharedprocess] [info] Scanned user extensions: 21
[2018-11-11 11:15:48.354] [sharedprocess] [info] Scanned user extensions: 21
[2018-11-11 11:20:48.389] [sharedprocess] [info] Scanned user extensions: 21
[2018-11-11 11:25:48.423] [sharedprocess] [info] Scanned user extensions: 21
[2018-11-11 11:30:48.455] [sharedprocess] [info] Scanned user extensions: 21
[2018-11-11 11:35:48.490] [sharedprocess] [info] Scanned user extensions: 21
[2018-11-11 11:40:48.523] [sharedprocess] [info] Scanned user extensions: 21
[2018-11-11 11:45:48.555] [sharedprocess] [info] Scanned user extensions: 21
[2018-11-11 11:50:48.593] [sharedprocess] [info] Scanned user extensions: 21
[2018-11-11 11:55:48.628] [sharedprocess] [info] Scanned user extensions: 21
[2018-11-11 12:00:48.806] [sharedprocess] [info] Scanned user extensions: 21
[2018-11-11 12:05:48.846] [sharedprocess] [info] Scanned user extensions: 21
[2018-11-11 12:10:48.881] [sharedprocess] [info] Scanned user extensions: 21
[2018-11-11 12:15:48.930] [sharedprocess] [info] Scanned user extensions: 21
[2018-11-11 12:20:48.968] [sharedprocess] [info] Scanned user extensions: 21
[2018-11-11 12:25:48.999] [sharedprocess] [info] Scanned user extensions: 21
[2018-11-11 12:30:49.034] [sharedprocess] [info] Scanned user extensions: 21
[2018-11-11 12:35:49.068] [sharedprocess] [info] Scanned user extensions: 21
[2018-11-11 12:40:49.105] [sharedprocess] [info] Scanned user extensions: 21
[2018-11-11 12:45:49.136] [sharedprocess] [info] Scanned user extensions: 21
[2018-11-11 12:50:49.162] [sharedprocess] [info] Scanned user extensions: 21
[2018-11-11 12:55:49.192] [sharedprocess] [info] Scanned user extensions: 21
[2018-11-11 13:00:49.360] [sharedprocess] [info] Scanned user extensions: 21
[2018-11-11 13:05:49.396] [sharedprocess] [info] Scanned user extensions: 21
[2018-11-11 13:10:49.428] [sharedprocess] [info] Scanned user extensions: 21
[2018-11-11 21:11:32.235] [sharedprocess] [info] Scanned user extensions: 21
[2018-11-11 21:16:32.270] [sharedprocess] [info] Scanned user extensions: 21
[2018-11-11 21:21:32.308] [sharedprocess] [info] Scanned user extensions: 21
[2018-11-11 21:26:32.343] [sharedprocess] [info] Scanned user extensions: 21
[2018-11-11 21:31:32.380] [sharedprocess] [info] Scanned user extensions: 21
[2018-11-11 21:36:32.418] [sharedprocess] [info] Scanned user extensions: 21
[2018-11-11 21:41:32.453] [sharedprocess] [info] Scanned user extensions: 21
[2018-11-11 21:46:32.485] [sharedprocess] [info] Scanned user extensions: 21
[2018-11-11 21:51:20.446] [sharedprocess] [info] Installing extension: prettier-vscode
[2018-11-11 21:51:20.448] [sharedprocess] [info] Installing extension: python
[2018-11-11 21:51:20.477] [sharedprocess] [info] Scanned user extensions: 21
[2018-11-11 21:51:20.479] [sharedprocess] [info] Scanned user extensions: 21
[2018-11-11 21:51:25.463] [sharedprocess] [info] Downloaded extension: python /tmp/72d6d612-6192-48bc-bdf4-a0151fa0d75c
[2018-11-11 21:51:26.107] [sharedprocess] [info] Downloaded extension: prettier-vscode /tmp/2c81a911-5a62-46c8-ab45-ce5cbb745178
[2018-11-11 21:51:32.523] [sharedprocess] [info] Scanned user extensions: 21
[2018-11-11 21:51:36.436] [sharedprocess] [info] Extracted extension to /home/lvzbel/.vscode/extensions/.ms-python.python-2018.10.1: ms-python.python-2018.10.1
[2018-11-11 21:51:36.437] [sharedprocess] [info] Renamed to /home/lvzbel/.vscode/extensions/ms-python.python-2018.10.1
[2018-11-11 21:51:36.437] [sharedprocess] [info] Installation completed. ms-python.python-2018.10.1
[2018-11-11 21:51:36.466] [sharedprocess] [info] Extensions installed successfully: ms-python.python
[2018-11-11 21:51:36.615] [sharedprocess] [info] Scanned user extensions: 21
[2018-11-11 21:51:36.639] [sharedprocess] [info] Scanned system extensions: 71
[2018-11-11 21:51:38.133] [sharedprocess] [info] Extracted extension to /home/lvzbel/.vscode/extensions/.esbenp.prettier-vscode-1.7.2: esbenp.prettier-vscode-1.7.2
[2018-11-11 21:51:38.133] [sharedprocess] [info] Renamed to /home/lvzbel/.vscode/extensions/esbenp.prettier-vscode-1.7.2
[2018-11-11 21:51:38.133] [sharedprocess] [info] Installation completed. esbenp.prettier-vscode-1.7.2
[2018-11-11 21:51:38.150] [sharedprocess] [info] Extensions installed successfully: esbenp.prettier-vscode
[2018-11-11 21:51:38.296] [sharedprocess] [info] Scanned user extensions: 21
[2018-11-11 21:51:38.322] [sharedprocess] [info] Scanned system extensions: 71
[2018-11-11 21:56:32.566] [sharedprocess] [info] Scanned user extensions: 21
[2018-11-11 22:01:32.602] [sharedprocess] [info] Scanned user extensions: 21
[2018-11-11 22:06:32.636] [sharedprocess] [info] Scanned user extensions: 21
[2018-11-11 22:11:32.811] [sharedprocess] [info] Scanned user extensions: 21
[2018-11-11 22:16:32.844] [sharedprocess] [info] Scanned user extensions: 21
[2018-11-11 22:21:32.881] [sharedprocess] [info] Scanned user extensions: 21
[2018-11-11 22:34:24.765] [sharedprocess] [info] Scanned user extensions: 21
[2018-11-11 22:39:25.643] [sharedprocess] [info] Scanned user extensions: 21
[2018-11-11 22:44:25.681] [sharedprocess] [info] Scanned user extensions: 21
[2018-11-11 22:49:25.718] [sharedprocess] [info] Scanned user extensions: 21
[2018-11-11 22:54:25.757] [sharedprocess] [info] Scanned user extensions: 21
[2018-11-11 22:59:25.792] [sharedprocess] [info] Scanned user extensions: 21
[2018-11-11 23:04:25.830] [sharedprocess] [info] Scanned user extensions: 21
[2018-11-11 23:26:18.105] [sharedprocess] [info] Scanned user extensions: 21
[2018-11-11 23:31:18.150] [sharedprocess] [info] Scanned user extensions: 21
[2018-11-11 23:36:18.187] [sharedprocess] [info] Scanned user extensions: 21
[2018-11-11 23:41:18.224] [sharedprocess] [info] Scanned user extensions: 21
[2018-11-11 23:46:18.364] [sharedprocess] [info] Scanned user extensions: 21
[2018-11-11 23:51:18.408] [sharedprocess] [info] Scanned user extensions: 21
[2018-11-11 23:56:18.452] [sharedprocess] [info] Scanned user extensions: 21
[2018-11-12 00:01:18.490] [sharedprocess] [info] Scanned user extensions: 21
[2018-11-12 00:06:18.531] [sharedprocess] [info] Scanned user extensions: 21
[2018-11-12 00:11:18.578] [sharedprocess] [info] Scanned user extensions: 21
[2018-11-12 00:16:18.614] [sharedprocess] [info] Scanned user extensions: 21
[2018-11-12 13:30:28.694] [sharedprocess] [info] Scanned user extensions: 21
[2018-11-12 13:35:28.737] [sharedprocess] [info] Scanned user extensions: 21
[2018-11-12 13:40:28.772] [sharedprocess] [info] Scanned user extensions: 21
[2018-11-12 13:45:28.810] [sharedprocess] [info] Scanned user extensions: 21
[2018-11-12 13:50:28.854] [sharedprocess] [info] Scanned user extensions: 21
[2018-11-12 13:55:28.892] [sharedprocess] [info] Scanned user extensions: 21
[2018-11-12 14:00:28.929] [sharedprocess] [info] Scanned user extensions: 21
[2018-11-12 14:05:28.961] [sharedprocess] [info] Scanned user extensions: 21
[2018-11-12 14:10:29.001] [sharedprocess] [info] Scanned user extensions: 21
[2018-11-12 14:15:29.041] [sharedprocess] [info] Scanned user extensions: 21
[2018-11-12 14:20:29.081] [sharedprocess] [info] Scanned user extensions: 21
[2018-11-12 14:25:29.121] [sharedprocess] [info] Scanned user extensions: 21
[2018-11-12 14:30:29.309] [sharedprocess] [info] Scanned user extensions: 21
[2018-11-12 14:35:29.345] [sharedprocess] [info] Scanned user extensions: 21
[2018-11-12 14:40:29.381] [sharedprocess] [info] Scanned user extensions: 21
[2018-11-12 14:45:29.517] [sharedprocess] [info] Scanned user extensions: 21
[2018-11-12 14:50:29.548] [sharedprocess] [info] Scanned user extensions: 21
[2018-11-12 14:55:29.591] [sharedprocess] [info] Scanned user extensions: 21
[2018-11-12 15:00:29.635] [sharedprocess] [info] Scanned user extensions: 21
[2018-11-12 15:05:29.665] [sharedprocess] [info] Scanned user extensions: 21
[2018-11-12 15:10:29.695] [sharedprocess] [info] Scanned user extensions: 21
[2018-11-12 15:15:29.742] [sharedprocess] [info] Scanned user extensions: 21
[2018-11-12 15:20:29.779] [sharedprocess] [info] Scanned user extensions: 21
[2018-11-12 15:25:29.820] [sharedprocess] [info] Scanned user extensions: 21
[2018-11-12 15:30:30.015] [sharedprocess] [info] Scanned user extensions: 21
[2018-11-12 15:35:30.052] [sharedprocess] [info] Scanned user extensions: 21
[2018-11-12 15:40:30.096] [sharedprocess] [info] Scanned user extensions: 21
[2018-11-12 15:45:30.139] [sharedprocess] [info] Scanned user extensions: 21
[2018-11-12 15:47:01.129] [sharedprocess] [info] Scanned user extensions: 21
[2018-11-12 15:47:01.133] [sharedprocess] [info] Scanned user extensions: 21
[2018-11-12 15:47:01.159] [sharedprocess] [info] Scanned system extensions: 71
[2018-11-12 15:47:01.577] [sharedprocess] [info] Scanned user extensions: 21
[2018-11-12 15:47:49.963] [sharedprocess] [info] Scanned user extensions: 21
[2018-11-12 15:47:49.969] [sharedprocess] [info] Scanned user extensions: 21
[2018-11-12 15:47:50.003] [sharedprocess] [info] Scanned system extensions: 71
[2018-11-12 15:47:51.009] [sharedprocess] [info] Scanned user extensions: 21
[2018-11-12 15:52:51.046] [sharedprocess] [info] Scanned user extensions: 21
[2018-11-12 15:57:51.094] [sharedprocess] [info] Scanned user extensions: 21
[2018-11-12 16:02:51.137] [sharedprocess] [info] Scanned user extensions: 21
[2018-11-12 16:07:51.179] [sharedprocess] [info] Scanned user extensions: 21
[2018-11-12 16:12:51.227] [sharedprocess] [info] Scanned user extensions: 21
[2018-11-12 16:17:51.273] [sharedprocess] [info] Scanned user extensions: 21
[2018-11-12 16:22:51.318] [sharedprocess] [info] Scanned user extensions: 21
[2018-11-12 16:27:51.350] [sharedprocess] [info] Scanned user extensions: 21
[2018-11-12 16:32:51.518] [sharedprocess] [info] Scanned user extensions: 21
[2018-11-12 16:37:51.556] [sharedprocess] [info] Scanned user extensions: 21
[2018-11-12 16:42:51.635] [sharedprocess] [info] Scanned user extensions: 21
[2018-11-12 16:47:51.684] [sharedprocess] [info] Scanned user extensions: 21
[2018-11-12 16:52:51.723] [sharedprocess] [info] Scanned user extensions: 21
[2018-11-12 16:57:51.757] [sharedprocess] [info] Scanned user extensions: 21
[2018-11-12 17:02:51.805] [sharedprocess] [info] Scanned user extensions: 21
[2018-11-12 18:42:26.545] [sharedprocess] [info] Scanned user extensions: 21
[2018-11-12 18:47:26.576] [sharedprocess] [info] Scanned user extensions: 21
[2018-11-12 18:52:26.611] [sharedprocess] [info] Scanned user extensions: 21
[2018-11-12 18:57:26.650] [sharedprocess] [info] Scanned user extensions: 21
[2018-11-12 19:02:26.692] [sharedprocess] [info] Scanned user extensions: 21
[2018-11-12 19:07:26.732] [sharedprocess] [info] Scanned user extensions: 21
[2018-11-12 19:12:26.761] [sharedprocess] [info] Scanned user extensions: 21
[2018-11-12 19:17:26.800] [sharedprocess] [info] Scanned user extensions: 21
[2018-11-12 19:22:26.836] [sharedprocess] [info] Scanned user extensions: 21
[2018-11-12 19:27:26.864] [sharedprocess] [info] Scanned user extensions: 21
[2018-11-12 19:32:26.914] [sharedprocess] [info] Scanned user extensions: 21
[2018-11-12 19:37:26.953] [sharedprocess] [info] Scanned user extensions: 21
[2018-11-12 19:42:27.250] [sharedprocess] [info] Scanned user extensions: 21
[2018-11-12 19:47:27.285] [sharedprocess] [info] Scanned user extensions: 21
[2018-11-12 19:52:27.320] [sharedprocess] [info] Scanned user extensions: 21
[2018-11-12 20:01:01.051] [sharedprocess] [info] Scanned user extensions: 21
[2018-11-12 20:06:01.100] [sharedprocess] [info] Scanned user extensions: 21
[2018-11-12 20:11:01.134] [sharedprocess] [info] Scanned user extensions: 21
[2018-11-12 20:16:01.171] [sharedprocess] [info] Scanned user extensions: 21
[2018-11-12 20:21:01.209] [sharedprocess] [info] Scanned user extensions: 21
[2018-11-12 20:26:01.241] [sharedprocess] [info] Scanned user extensions: 21
[2018-11-12 20:31:01.276] [sharedprocess] [info] Scanned user extensions: 21
[2018-11-13 10:39:48.205] [sharedprocess] [info] Scanned user extensions: 21
[2018-11-13 10:44:48.233] [sharedprocess] [info] Scanned user extensions: 21
[2018-11-13 10:49:48.269] [sharedprocess] [info] Scanned user extensions: 21
[2018-11-13 10:54:48.310] [sharedprocess] [info] Scanned user extensions: 21
[2018-11-13 10:59:48.344] [sharedprocess] [info] Scanned user extensions: 21
[2018-11-13 11:04:48.382] [sharedprocess] [info] Scanned user extensions: 21
[2018-11-13 11:09:48.409] [sharedprocess] [info] Scanned user extensions: 21
[2018-11-13 11:14:48.453] [sharedprocess] [info] Scanned user extensions: 21
[2018-11-13 11:19:48.493] [sharedprocess] [info] Scanned user extensions: 21
[2018-11-13 11:24:48.534] [sharedprocess] [info] Scanned user extensions: 21
[2018-11-13 11:29:48.574] [sharedprocess] [info] Scanned user extensions: 21
[2018-11-13 11:34:48.612] [sharedprocess] [info] Scanned user extensions: 21
[2018-11-13 11:39:48.786] [sharedprocess] [info] Scanned user extensions: 21
[2018-11-13 11:44:48.827] [sharedprocess] [info] Scanned user extensions: 21
[2018-11-13 11:49:48.860] [sharedprocess] [info] Scanned user extensions: 21
[2018-11-13 11:54:48.906] [sharedprocess] [info] Scanned user extensions: 21
[2018-11-13 11:59:48.941] [sharedprocess] [info] Scanned user extensions: 21
[2018-11-13 12:04:48.979] [sharedprocess] [info] Scanned user extensions: 21
