[2018-11-04 12:01:39.889] [renderer1] [info] no standard startup: not just one text editor
[2018-11-04 12:02:01.489] [renderer1] [info] no standard startup: not just one text editor
[2018-11-04 14:47:06.329] [renderer1] [error] cannot open file:///home/lvzbel/GitHub/Advance-CSS-Sass-Course/Natours/icons. Detail: File is directory: Error: cannot open file:///home/lvzbel/GitHub/Advance-CSS-Sass-Course/Natours/icons. Detail: File is directory
    at file:///opt/visual-studio-code/resources/app/out/vs/workbench/workbench.main.js:4319:753
    at Object.m [as _notify] (file:///opt/visual-studio-code/resources/app/out/vs/workbench/workbench.main.js:161:302)
    at Object.enter (file:///opt/visual-studio-code/resources/app/out/vs/workbench/workbench.main.js:164:568)
    at n.Class.derive._creator._run (file:///opt/visual-studio-code/resources/app/out/vs/workbench/workbench.main.js:165:902)
    at n.Class.derive._creator._chainedError (file:///opt/visual-studio-code/resources/app/out/vs/workbench/workbench.main.js:165:261)
    at n (file:///opt/visual-studio-code/resources/app/out/vs/workbench/workbench.main.js:163:40)
    at n.Class.define.cancel.then (file:///opt/visual-studio-code/resources/app/out/vs/workbench/workbench.main.js:166:736)
    at Object.enter (file:///opt/visual-studio-code/resources/app/out/vs/workbench/workbench.main.js:163:109)
    at n.Class.derive._creator._run (file:///opt/visual-studio-code/resources/app/out/vs/workbench/workbench.main.js:165:902)
    at n.Class.derive._creator._setCompleteValue (file:///opt/visual-studio-code/resources/app/out/vs/workbench/workbench.main.js:165:596)
    at Object.m [as _notify] (file:///opt/visual-studio-code/resources/app/out/vs/workbench/workbench.main.js:161:284)
    at Object.enter (file:///opt/visual-studio-code/resources/app/out/vs/workbench/workbench.main.js:164:568)
    at n.Class.derive._creator._run (file:///opt/visual-studio-code/resources/app/out/vs/workbench/workbench.main.js:165:902)
    at n.Class.derive._creator._chainedError (file:///opt/visual-studio-code/resources/app/out/vs/workbench/workbench.main.js:165:261)
    at n (file:///opt/visual-studio-code/resources/app/out/vs/workbench/workbench.main.js:163:40)
    at n.Class.define.cancel.then (file:///opt/visual-studio-code/resources/app/out/vs/workbench/workbench.main.js:166:736)
    at Object.enter (file:///opt/visual-studio-code/resources/app/out/vs/workbench/workbench.main.js:163:109)
    at n.Class.derive._creator._run (file:///opt/visual-studio-code/resources/app/out/vs/workbench/workbench.main.js:165:902)
    at n.Class.derive._creator._setCompleteValue (file:///opt/visual-studio-code/resources/app/out/vs/workbench/workbench.main.js:165:596)
    at Object.m [as _notify] (file:///opt/visual-studio-code/resources/app/out/vs/workbench/workbench.main.js:161:284)
    at Object.enter (file:///opt/visual-studio-code/resources/app/out/vs/workbench/workbench.main.js:164:568)
    at n.Class.derive._creator._run (file:///opt/visual-studio-code/resources/app/out/vs/workbench/workbench.main.js:165:902)
    at n.Class.derive._creator._chainedError (file:///opt/visual-studio-code/resources/app/out/vs/workbench/workbench.main.js:165:261)
    at n (file:///opt/visual-studio-code/resources/app/out/vs/workbench/workbench.main.js:163:40)
    at n.Class.define.cancel.then (file:///opt/visual-studio-code/resources/app/out/vs/workbench/workbench.main.js:166:736)
    at Object.enter (file:///opt/visual-studio-code/resources/app/out/vs/workbench/workbench.main.js:163:109)
    at n.Class.derive._creator._run (file:///opt/visual-studio-code/resources/app/out/vs/workbench/workbench.main.js:165:902)
    at n.Class.derive._creator._setCompleteValue (file:///opt/visual-studio-code/resources/app/out/vs/workbench/workbench.main.js:165:596)
    at Object.m [as _notify] (file:///opt/visual-studio-code/resources/app/out/vs/workbench/workbench.main.js:161:284)
    at Object.enter (file:///opt/visual-studio-code/resources/app/out/vs/workbench/workbench.main.js:164:568)
    at n.Class.derive._creator._run (file:///opt/visual-studio-code/resources/app/out/vs/workbench/workbench.main.js:165:902)
    at n.Class.derive._creator._chainedError (file:///opt/visual-studio-code/resources/app/out/vs/workbench/workbench.main.js:165:261)
    at n (file:///opt/visual-studio-code/resources/app/out/vs/workbench/workbench.main.js:163:40)
    at n.Class.define.cancel.then (file:///opt/visual-studio-code/resources/app/out/vs/workbench/workbench.main.js:166:736)
    at Object.enter (file:///opt/visual-studio-code/resources/app/out/vs/workbench/workbench.main.js:163:109)
    at n.Class.derive._creator._run (file:///opt/visual-studio-code/resources/app/out/vs/workbench/workbench.main.js:165:902)
    at n.Class.derive._creator._setCompleteValue (file:///opt/visual-studio-code/resources/app/out/vs/workbench/workbench.main.js:165:596)
    at Object.m [as _notify] (file:///opt/visual-studio-code/resources/app/out/vs/workbench/workbench.main.js:161:284)
    at Object.enter (file:///opt/visual-studio-code/resources/app/out/vs/workbench/workbench.main.js:164:568)
    at n.Class.derive._creator._run (file:///opt/visual-studio-code/resources/app/out/vs/workbench/workbench.main.js:165:902)
    at n.Class.derive._creator._chainedError (file:///opt/visual-studio-code/resources/app/out/vs/workbench/workbench.main.js:165:261)
    at n (file:///opt/visual-studio-code/resources/app/out/vs/workbench/workbench.main.js:163:40)
    at n.Class.define.cancel.then (file:///opt/visual-studio-code/resources/app/out/vs/workbench/workbench.main.js:166:736)
    at Object.enter (file:///opt/visual-studio-code/resources/app/out/vs/workbench/workbench.main.js:163:109)
    at n.Class.derive._creator._run (file:///opt/visual-studio-code/resources/app/out/vs/workbench/workbench.main.js:165:902)
    at n.Class.derive._creator._setCompleteValue (file:///opt/visual-studio-code/resources/app/out/vs/workbench/workbench.main.js:165:596)
    at Object.m [as _notify] (file:///opt/visual-studio-code/resources/app/out/vs/workbench/workbench.main.js:161:284)
    at Object.enter (file:///opt/visual-studio-code/resources/app/out/vs/workbench/workbench.main.js:164:568)
    at n.Class.derive._oncancel._run (file:///opt/visual-studio-code/resources/app/out/vs/workbench/workbench.main.js:165:902)
    at n.Class.derive._oncancel._error (file:///opt/visual-studio-code/resources/app/out/vs/workbench/workbench.main.js:165:419)
    at l (file:///opt/visual-studio-code/resources/app/out/vs/workbench/workbench.main.js:168:962)
    at file:///opt/visual-studio-code/resources/app/out/vs/workbench/workbench.main.js:169:70
    at Object.m [as _notify] (file:///opt/visual-studio-code/resources/app/out/vs/workbench/workbench.main.js:161:302)
    at Object.enter (file:///opt/visual-studio-code/resources/app/out/vs/workbench/workbench.main.js:164:568)
    at n.Class.derive._creator._run (file:///opt/visual-studio-code/resources/app/out/vs/workbench/workbench.main.js:165:902)
    at n.Class.derive._creator._chainedError (file:///opt/visual-studio-code/resources/app/out/vs/workbench/workbench.main.js:165:261)
    at n (file:///opt/visual-studio-code/resources/app/out/vs/workbench/workbench.main.js:163:40)
    at n.Class.define.cancel.then (file:///opt/visual-studio-code/resources/app/out/vs/workbench/workbench.main.js:166:736)
    at Object.enter (file:///opt/visual-studio-code/resources/app/out/vs/workbench/workbench.main.js:163:109)
    at n.Class.derive._creator._run (file:///opt/visual-studio-code/resources/app/out/vs/workbench/workbench.main.js:165:902)
    at n.Class.derive._creator._setCompleteValue (file:///opt/visual-studio-code/resources/app/out/vs/workbench/workbench.main.js:165:596)
    at Object.g [as _notify] (file:///opt/visual-studio-code/resources/app/out/vs/workbench/workbench.main.js:160:709)
    at Object.enter (file:///opt/visual-studio-code/resources/app/out/vs/workbench/workbench.main.js:164:61)
    at n.Class.derive._creator._run (file:///opt/visual-studio-code/resources/app/out/vs/workbench/workbench.main.js:165:902)
    at n.Class.derive._creator._completed (file:///opt/visual-studio-code/resources/app/out/vs/workbench/workbench.main.js:165:343)
    at Object.g [as _notify] (file:///opt/visual-studio-code/resources/app/out/vs/workbench/workbench.main.js:160:729)
    at Object.enter (file:///opt/visual-studio-code/resources/app/out/vs/workbench/workbench.main.js:164:61)
    at n.Class.derive._oncancel._run (file:///opt/visual-studio-code/resources/app/out/vs/workbench/workbench.main.js:165:902)
    at n.Class.derive._oncancel._completed (file:///opt/visual-studio-code/resources/app/out/vs/workbench/workbench.main.js:165:343)
    at file:///opt/visual-studio-code/resources/app/out/vs/workbench/workbench.main.js:3331:230
    at file:///opt/visual-studio-code/resources/app/out/vs/workbench/workbench.main.js:3332:118
    at file:///opt/visual-studio-code/resources/app/out/vs/workbench/workbench.main.js:284:813
    at Function.<anonymous> (file:///opt/visual-studio-code/resources/app/out/vs/workbench/workbench.main.js:3332:91)
    at file:///opt/visual-studio-code/resources/app/out/vs/workbench/workbench.main.js:284:420
    at s (file:///opt/visual-studio-code/resources/app/out/vs/workbench/workbench.main.js:283:969)
    at file:///opt/visual-studio-code/resources/app/out/vs/workbench/workbench.main.js:284:55
    at _combinedTickCallback (internal/process/next_tick.js:131:7)
    at process._tickCallback (internal/process/next_tick.js:180:9)
