[2018-11-04 12:01:41.420] [sharedprocess] [info] main {"machineId":"688693ba4ea11fb6dec10aea7b1a39bd11a08b2f7c99da68bb8d3df559db3ab2"}
[2018-11-04 12:01:41.537] [sharedprocess] [info] Scanned user extensions: 17
[2018-11-04 12:01:41.568] [sharedprocess] [info] Scanned user extensions: 17
[2018-11-04 12:01:41.572] [sharedprocess] [info] Scanned user extensions: 17
[2018-11-04 12:01:41.589] [sharedprocess] [info] Scanned user extensions: 17
[2018-11-04 12:01:41.626] [sharedprocess] [info] Deleted from disk dsznajder.es7-react-js-snippets-1.8.7
[2018-11-04 12:01:41.636] [sharedprocess] [info] Scanned system extensions: 71
[2018-11-04 12:01:41.639] [sharedprocess] [info] Scanned system extensions: 71
[2018-11-04 12:02:01.612] [sharedprocess] [info] Scanned user extensions: 17
[2018-11-04 12:02:01.628] [sharedprocess] [info] Scanned user extensions: 17
[2018-11-04 12:02:01.639] [sharedprocess] [info] Scanned user extensions: 17
[2018-11-04 12:02:01.725] [sharedprocess] [info] Scanned system extensions: 71
[2018-11-04 12:02:01.732] [sharedprocess] [info] Scanned system extensions: 71
[2018-11-04 12:02:01.750] [sharedprocess] [info] Scanned user extensions: 17
[2018-11-04 12:02:21.425] [sharedprocess] [info] Starting to clean up unused language packs.
[2018-11-04 12:07:01.980] [sharedprocess] [info] Scanned user extensions: 17
[2018-11-04 12:12:02.013] [sharedprocess] [info] Scanned user extensions: 17
[2018-11-04 12:17:02.052] [sharedprocess] [info] Scanned user extensions: 17
[2018-11-04 12:22:02.088] [sharedprocess] [info] Scanned user extensions: 17
[2018-11-04 12:27:02.126] [sharedprocess] [info] Scanned user extensions: 17
[2018-11-04 12:32:02.161] [sharedprocess] [info] Scanned user extensions: 17
[2018-11-04 12:37:02.198] [sharedprocess] [info] Scanned user extensions: 17
[2018-11-04 12:42:02.241] [sharedprocess] [info] Scanned user extensions: 17
[2018-11-04 12:47:02.273] [sharedprocess] [info] Scanned user extensions: 17
[2018-11-04 12:52:02.315] [sharedprocess] [info] Scanned user extensions: 17
[2018-11-04 12:57:02.355] [sharedprocess] [info] Scanned user extensions: 17
[2018-11-04 13:02:02.534] [sharedprocess] [info] Scanned user extensions: 17
[2018-11-04 13:07:02.568] [sharedprocess] [info] Scanned user extensions: 17
[2018-11-04 13:12:02.603] [sharedprocess] [info] Scanned user extensions: 17
[2018-11-04 13:17:02.634] [sharedprocess] [info] Scanned user extensions: 17
[2018-11-04 13:22:02.669] [sharedprocess] [info] Scanned user extensions: 17
[2018-11-04 13:27:02.708] [sharedprocess] [info] Scanned user extensions: 17
[2018-11-04 13:32:02.743] [sharedprocess] [info] Scanned user extensions: 17
[2018-11-04 13:37:02.780] [sharedprocess] [info] Scanned user extensions: 17
[2018-11-04 13:42:02.816] [sharedprocess] [info] Scanned user extensions: 17
[2018-11-04 13:47:02.850] [sharedprocess] [info] Scanned user extensions: 17
[2018-11-04 13:52:02.888] [sharedprocess] [info] Scanned user extensions: 17
[2018-11-04 13:57:02.924] [sharedprocess] [info] Scanned user extensions: 17
[2018-11-04 14:02:03.120] [sharedprocess] [info] Scanned user extensions: 17
[2018-11-04 14:07:03.163] [sharedprocess] [info] Scanned user extensions: 17
[2018-11-04 14:12:03.200] [sharedprocess] [info] Scanned user extensions: 17
[2018-11-04 14:17:03.235] [sharedprocess] [info] Scanned user extensions: 17
[2018-11-04 14:22:03.265] [sharedprocess] [info] Scanned user extensions: 17
[2018-11-04 14:27:03.299] [sharedprocess] [info] Scanned user extensions: 17
[2018-11-04 14:32:03.334] [sharedprocess] [info] Scanned user extensions: 17
[2018-11-04 14:37:03.374] [sharedprocess] [info] Scanned user extensions: 17
[2018-11-04 14:42:03.413] [sharedprocess] [info] Scanned user extensions: 17
[2018-11-04 14:47:03.456] [sharedprocess] [info] Scanned user extensions: 17
[2018-11-04 14:52:03.501] [sharedprocess] [info] Scanned user extensions: 17
[2018-11-04 14:57:03.534] [sharedprocess] [info] Scanned user extensions: 17
[2018-11-04 15:02:03.786] [sharedprocess] [info] Scanned user extensions: 17
[2018-11-04 15:07:03.825] [sharedprocess] [info] Scanned user extensions: 17
[2018-11-04 15:12:03.862] [sharedprocess] [info] Scanned user extensions: 17
[2018-11-04 15:17:03.905] [sharedprocess] [info] Scanned user extensions: 17
[2018-11-04 15:22:03.943] [sharedprocess] [info] Scanned user extensions: 17
[2018-11-04 15:27:03.981] [sharedprocess] [info] Scanned user extensions: 17
[2018-11-04 19:21:20.594] [sharedprocess] [info] Scanned user extensions: 17
[2018-11-04 19:26:20.630] [sharedprocess] [info] Scanned user extensions: 17
[2018-11-04 19:31:20.659] [sharedprocess] [info] Scanned user extensions: 17
[2018-11-04 19:36:20.683] [sharedprocess] [info] Scanned user extensions: 17
