Looking for git in: git
Using git 2.19.1 from git
> git rev-parse --show-toplevel
> git config --get commit.template
Open repository: /home/lvzbel/GitHub/react-course-projects
> git status -z -u
> git symbolic-ref --short HEAD
> git rev-parse master
> git rev-parse --symbolic-full-name master@{u}
> git rev-list --left-right master...refs/remotes/origin/master
> git for-each-ref --format %(refname) %(objectname) --sort -committerdate
> git remote --verbose
> git check-ignore -z --stdin
> git check-ignore -z --stdin
> git status -z -u
> git symbolic-ref --short HEAD
> git rev-parse master
> git rev-parse --symbolic-full-name master@{u}
> git rev-list --left-right master...refs/remotes/origin/master
> git for-each-ref --format %(refname) %(objectname) --sort -committerdate
> git remote --verbose
> git check-ignore -z --stdin
> git check-ignore -z --stdin
> git status -z -u
> git symbolic-ref --short HEAD
> git rev-parse master
> git rev-parse --symbolic-full-name master@{u}
> git rev-list --left-right master...refs/remotes/origin/master
> git for-each-ref --format %(refname) %(objectname) --sort -committerdate
> git remote --verbose
> git show :expensify-app/src/app.js
> git ls-files --stage -- expensify-app/src/
> git status -z -u
> git symbolic-ref --short HEAD
> git rev-parse master
> git rev-parse --symbolic-full-name master@{u}
> git rev-list --left-right master...refs/remotes/origin/master
> git for-each-ref --format %(refname) %(objectname) --sort -committerdate
> git remote --verbose
> git status -z -u
> git symbolic-ref --short HEAD
> git rev-parse master
> git rev-parse --symbolic-full-name master@{u}
> git rev-list --left-right master...refs/remotes/origin/master
> git for-each-ref --format %(refname) %(objectname) --sort -committerdate
> git remote --verbose
> git status -z -u
> git symbolic-ref --short HEAD
> git rev-parse master
> git rev-parse --symbolic-full-name master@{u}
> git rev-list --left-right master...refs/remotes/origin/master
> git for-each-ref --format %(refname) %(objectname) --sort -committerdate
> git remote --verbose
> git check-ignore -z --stdin
> git status -z -u
> git symbolic-ref --short HEAD
> git rev-parse master
> git rev-parse --symbolic-full-name master@{u}
> git rev-list --left-right master...refs/remotes/origin/master
> git for-each-ref --format %(refname) %(objectname) --sort -committerdate
> git remote --verbose
> git check-ignore -z --stdin
> git show :expensify-app/src/styles/styles.scss
> git ls-files --stage -- expensify-app/src/styles/
> git show :expensify-app/src/styles/base/_settings.scss
> git ls-files --stage -- expensify-app/src/styles/base/
> git status -z -u
> git symbolic-ref --short HEAD
> git rev-parse master
> git rev-parse --symbolic-full-name master@{u}
> git rev-list --left-right master...refs/remotes/origin/master
> git for-each-ref --format %(refname) %(objectname) --sort -committerdate
> git remote --verbose
> git show :expensify-app/src/styles/base/_base.scss
> git ls-files --stage -- expensify-app/src/styles/base/
> git status -z -u
> git symbolic-ref --short HEAD
> git rev-parse master
> git rev-parse --symbolic-full-name master@{u}
> git rev-list --left-right master...refs/remotes/origin/master
> git for-each-ref --format %(refname) %(objectname) --sort -committerdate
> git remote --verbose
> git show :expensify-app/src/styles/styles.scss
> git ls-files --stage -- expensify-app/src/styles/
> git status -z -u
> git symbolic-ref --short HEAD
> git rev-parse master
> git rev-parse --symbolic-full-name master@{u}
> git rev-list --left-right master...refs/remotes/origin/master
> git for-each-ref --format %(refname) %(objectname) --sort -committerdate
> git remote --verbose
> git show :expensify-app/.babelrc
> git ls-files --stage -- expensify-app/
> git show :expensify-app/src/styles/styles.scss
> git ls-files --stage -- expensify-app/src/styles/
> git show :expensify-app/src/app.js
> git ls-files --stage -- expensify-app/src/
> git status -z -u
> git symbolic-ref --short HEAD
> git rev-parse master
> git rev-parse --symbolic-full-name master@{u}
> git rev-list --left-right master...refs/remotes/origin/master
> git for-each-ref --format %(refname) %(objectname) --sort -committerdate
> git remote --verbose
> git status -z -u
> git symbolic-ref --short HEAD
> git rev-parse master
> git rev-parse --symbolic-full-name master@{u}
> git rev-list --left-right master...refs/remotes/origin/master
> git for-each-ref --format %(refname) %(objectname) --sort -committerdate
> git remote --verbose
> git check-ignore -z --stdin
> git status -z -u
> git symbolic-ref --short HEAD
> git rev-parse master
> git rev-parse --symbolic-full-name master@{u}
> git rev-list --left-right master...refs/remotes/origin/master
> git for-each-ref --format %(refname) %(objectname) --sort -committerdate
> git remote --verbose
> git status -z -u
> git symbolic-ref --short HEAD
> git rev-parse master
> git rev-parse --symbolic-full-name master@{u}
> git rev-list --left-right master...refs/remotes/origin/master
> git for-each-ref --format %(refname) %(objectname) --sort -committerdate
> git remote --verbose
> git status -z -u
> git symbolic-ref --short HEAD
> git rev-parse master
> git rev-parse --symbolic-full-name master@{u}
> git rev-list --left-right master...refs/remotes/origin/master
> git for-each-ref --format %(refname) %(objectname) --sort -committerdate
> git remote --verbose
> git check-ignore -z --stdin
> git check-ignore -z --stdin
> git show :expensify-app/public/index.html
> git ls-files --stage -- expensify-app/public/
> git status -z -u
> git symbolic-ref --short HEAD
> git rev-parse master
> git rev-parse --symbolic-full-name master@{u}
> git rev-list --left-right master...refs/remotes/origin/master
> git for-each-ref --format %(refname) %(objectname) --sort -committerdate
> git remote --verbose
> git status -z -u
> git symbolic-ref --short HEAD
> git rev-parse master
> git rev-parse --symbolic-full-name master@{u}
> git rev-list --left-right master...refs/remotes/origin/master
> git for-each-ref --format %(refname) %(objectname) --sort -committerdate
> git remote --verbose
> git show :expensify-app/package.json
> git ls-files --stage -- expensify-app/
> git status -z -u
> git symbolic-ref --short HEAD
> git rev-parse master
> git rev-parse --symbolic-full-name master@{u}
> git rev-list --left-right master...refs/remotes/origin/master
> git for-each-ref --format %(refname) %(objectname) --sort -committerdate
> git remote --verbose
> git show :expensify-app/public/index.html
> git ls-files --stage -- expensify-app/public/
> git status -z -u
> git symbolic-ref --short HEAD
> git rev-parse master
> git rev-parse --symbolic-full-name master@{u}
> git rev-list --left-right master...refs/remotes/origin/master
> git for-each-ref --format %(refname) %(objectname) --sort -committerdate
> git remote --verbose
> git show :expensify-app/package.json
> git ls-files --stage -- expensify-app/
> git show :expensify-app/public/index.html
> git ls-files --stage -- expensify-app/public/
> git show :expensify-app/src/app.js
> git ls-files --stage -- expensify-app/src/
> git show :expensify-app/webpack.config.js
> git ls-files --stage -- expensify-app/
> git show :expensify-app/src/app.js
> git ls-files --stage -- expensify-app/src/
> git rev-parse --show-toplevel
fatal: not a git repository (or any of the parent directories): .git
> git show :expensify-app/src/app.js
> git show :expensify-app/src/styles/base/_base.scss
> git show :expensify-app/src/app.js
> git check-ignore -z --stdin
> git check-ignore -z --stdin
> git show :expensify-app/src/routers/AppRouter.js
> git ls-files --stage -- expensify-app/src/routers/
> git show :expensify-app/src/app.js
> git show :expensify-app/src/routers/AppRouter.js
> git ls-files --stage -- expensify-app/src/routers/
> git show :expensify-app/src/app.js
> git show :expensify-app/src/routers/AppRouter.js
> git ls-files --stage -- expensify-app/src/routers/
> git show :expensify-app/src/app.js
> git show :expensify-app/src/routers/AppRouter.js
> git ls-files --stage -- expensify-app/src/routers/
> git show :expensify-app/src/app.js
> git show :expensify-app/src/routers/AppRouter.js
> git ls-files --stage -- expensify-app/src/routers/
> git show :expensify-app/src/app.js
> git show :expensify-app/src/routers/AppRouter.js
> git ls-files --stage -- expensify-app/src/routers/
> git check-ignore -z --stdin
> git show :expensify-app/src/components/ExpenseDasboardPage.js
> git ls-files --stage -- expensify-app/src/components/
> git show :expensify-app/src/components/AddExpensePage.js
> git ls-files --stage -- expensify-app/src/components/
> git show :expensify-app/src/components/EditExpensePage.js
> git ls-files --stage -- expensify-app/src/components/
> git show :expensify-app/src/components/HelpPage.js
> git ls-files --stage -- expensify-app/src/components/
> git show :expensify-app/src/components/NotFoundPage.js
> git ls-files --stage -- expensify-app/src/components/
> git show :expensify-app/src/components/Header.js
> git ls-files --stage -- expensify-app/src/components/
> git show :expensify-app/src/components/EditExpensePage.js
> git ls-files --stage -- expensify-app/src/components/
> git show :expensify-app/src/components/Header.js
> git ls-files --stage -- expensify-app/src/components/
> git show :expensify-app/src/components/AddExpensePage.js
> git ls-files --stage -- expensify-app/src/components/
> git show :expensify-app/src/components/Header.js
> git ls-files --stage -- expensify-app/src/components/
> git show :expensify-app/src/components/NotFoundPage.js
> git ls-files --stage -- expensify-app/src/components/
> git show :expensify-app/src/components/ExpenseDasboardPage.js
> git ls-files --stage -- expensify-app/src/components/
> git show :expensify-app/src/components/NotFoundPage.js
> git ls-files --stage -- expensify-app/src/components/
> git show :expensify-app/src/components/HelpPage.js
> git ls-files --stage -- expensify-app/src/components/
> git show :expensify-app/src/components/EditExpensePage.js
> git ls-files --stage -- expensify-app/src/components/
> git show :expensify-app/src/components/Header.js
> git ls-files --stage -- expensify-app/src/components/
> git show :expensify-app/src/components/NotFoundPage.js
> git ls-files --stage -- expensify-app/src/components/
