[Info  - 10:56:58 PM] Using tsserver from: /opt/visual-studio-code/resources/app/extensions/node_modules/typescript/lib
[Info  - 10:56:58 PM] Forking TSServer
[Info  - 10:56:58 PM] Started TSServer
[Error  - 12:16:25 AM] 'quickinfo' request failed with error.
Error processing request. Debug Failure. Did not expect JsxSelfClosingElement to have an Identifier in its trivia
Error: Debug Failure. Did not expect JsxSelfClosingElement to have an Identifier in its trivia
    at addSyntheticNodes (/opt/visual-studio-code/resources/app/extensions/node_modules/typescript/lib/tsserver.js:116455:30)
    at createChildren (/opt/visual-studio-code/resources/app/extensions/node_modules/typescript/lib/tsserver.js:116444:9)
    at NodeObject.getChildren (/opt/visual-studio-code/resources/app/extensions/node_modules/typescript/lib/tsserver.js:116388:56)
    at getTokenAtPositionWorker (/opt/visual-studio-code/resources/app/extensions/node_modules/typescript/lib/tsserver.js:93114:43)
    at getTouchingToken (/opt/visual-studio-code/resources/app/extensions/node_modules/typescript/lib/tsserver.js:93101:16)
    at Object.getTouchingPropertyName (/opt/visual-studio-code/resources/app/extensions/node_modules/typescript/lib/tsserver.js:93093:16)
    at Object.getQuickInfoAtPosition (/opt/visual-studio-code/resources/app/extensions/node_modules/typescript/lib/tsserver.js:117447:27)
    at IOSession.Session.getQuickInfoWorker (/opt/visual-studio-code/resources/app/extensions/node_modules/typescript/lib/tsserver.js:125237:62)
    at Session.handlers.ts.createMapFromTemplate._a.(anonymous function) (/opt/visual-studio-code/resources/app/extensions/node_modules/typescript/lib/tsserver.js:124289:61)
    at /opt/visual-studio-code/resources/app/extensions/node_modules/typescript/lib/tsserver.js:125824:88
    at IOSession.Session.executeWithRequestId (/opt/visual-studio-code/resources/app/extensions/node_modules/typescript/lib/tsserver.js:125815:28)
    at IOSession.Session.executeCommand (/opt/visual-studio-code/resources/app/extensions/node_modules/typescript/lib/tsserver.js:125824:33)
    at IOSession.Session.onMessage (/opt/visual-studio-code/resources/app/extensions/node_modules/typescript/lib/tsserver.js:125846:35)
    at Interface.<anonymous> (/opt/visual-studio-code/resources/app/extensions/node_modules/typescript/lib/tsserver.js:127106:27)
    at emitOne (events.js:116:13)
    at Interface.emit (events.js:211:7)
    at Interface._onLine (readline.js:282:10)
    at Interface._normalWrite (readline.js:424:12)
    at Socket.ondata (readline.js:141:10)
    at emitOne (events.js:116:13)
    at Socket.emit (events.js:211:7)
    at addChunk (_stream_readable.js:263:12)
    at readableAddChunk (_stream_readable.js:250:11)
    at Socket.Readable.push (_stream_readable.js:208:10)
    at Pipe.onread (net.js:594:20)
[Error  - 12:16:25 AM] 'quickinfo' request failed with error.
Error processing request. Debug Failure. Did not expect JsxSelfClosingElement to have an Identifier in its trivia
Error: Debug Failure. Did not expect JsxSelfClosingElement to have an Identifier in its trivia
    at addSyntheticNodes (/opt/visual-studio-code/resources/app/extensions/node_modules/typescript/lib/tsserver.js:116455:30)
    at createChildren (/opt/visual-studio-code/resources/app/extensions/node_modules/typescript/lib/tsserver.js:116444:9)
    at NodeObject.getChildren (/opt/visual-studio-code/resources/app/extensions/node_modules/typescript/lib/tsserver.js:116388:56)
    at getTokenAtPositionWorker (/opt/visual-studio-code/resources/app/extensions/node_modules/typescript/lib/tsserver.js:93114:43)
    at getTouchingToken (/opt/visual-studio-code/resources/app/extensions/node_modules/typescript/lib/tsserver.js:93101:16)
    at Object.getTouchingPropertyName (/opt/visual-studio-code/resources/app/extensions/node_modules/typescript/lib/tsserver.js:93093:16)
    at Object.getQuickInfoAtPosition (/opt/visual-studio-code/resources/app/extensions/node_modules/typescript/lib/tsserver.js:117447:27)
    at IOSession.Session.getQuickInfoWorker (/opt/visual-studio-code/resources/app/extensions/node_modules/typescript/lib/tsserver.js:125237:62)
    at Session.handlers.ts.createMapFromTemplate._a.(anonymous function) (/opt/visual-studio-code/resources/app/extensions/node_modules/typescript/lib/tsserver.js:124289:61)
    at /opt/visual-studio-code/resources/app/extensions/node_modules/typescript/lib/tsserver.js:125824:88
    at IOSession.Session.executeWithRequestId (/opt/visual-studio-code/resources/app/extensions/node_modules/typescript/lib/tsserver.js:125815:28)
    at IOSession.Session.executeCommand (/opt/visual-studio-code/resources/app/extensions/node_modules/typescript/lib/tsserver.js:125824:33)
    at IOSession.Session.onMessage (/opt/visual-studio-code/resources/app/extensions/node_modules/typescript/lib/tsserver.js:125846:35)
    at Interface.<anonymous> (/opt/visual-studio-code/resources/app/extensions/node_modules/typescript/lib/tsserver.js:127106:27)
    at emitOne (events.js:116:13)
    at Interface.emit (events.js:211:7)
    at Interface._onLine (readline.js:282:10)
    at Interface._normalWrite (readline.js:424:12)
    at Socket.ondata (readline.js:141:10)
    at emitOne (events.js:116:13)
    at Socket.emit (events.js:211:7)
    at addChunk (_stream_readable.js:263:12)
    at readableAddChunk (_stream_readable.js:250:11)
    at Socket.Readable.push (_stream_readable.js:208:10)
    at Pipe.onread (net.js:594:20)
[Error  - 12:16:26 AM] 'definitionAndBoundSpan' request failed with error.
Error processing request. Debug Failure. Did not expect JsxSelfClosingElement to have an Identifier in its trivia
Error: Debug Failure. Did not expect JsxSelfClosingElement to have an Identifier in its trivia
    at addSyntheticNodes (/opt/visual-studio-code/resources/app/extensions/node_modules/typescript/lib/tsserver.js:116455:30)
    at createChildren (/opt/visual-studio-code/resources/app/extensions/node_modules/typescript/lib/tsserver.js:116444:9)
    at NodeObject.getChildren (/opt/visual-studio-code/resources/app/extensions/node_modules/typescript/lib/tsserver.js:116388:56)
    at getTokenAtPositionWorker (/opt/visual-studio-code/resources/app/extensions/node_modules/typescript/lib/tsserver.js:93114:43)
    at getTouchingToken (/opt/visual-studio-code/resources/app/extensions/node_modules/typescript/lib/tsserver.js:93101:16)
    at Object.getTouchingPropertyName (/opt/visual-studio-code/resources/app/extensions/node_modules/typescript/lib/tsserver.js:93093:16)
    at getDefinitionAtPosition (/opt/visual-studio-code/resources/app/extensions/node_modules/typescript/lib/tsserver.js:100482:27)
    at Object.getDefinitionAndBoundSpan (/opt/visual-studio-code/resources/app/extensions/node_modules/typescript/lib/tsserver.js:100628:31)
    at Object.getDefinitionAndBoundSpan (/opt/visual-studio-code/resources/app/extensions/node_modules/typescript/lib/tsserver.js:117500:38)
    at IOSession.Session.getDefinitionAndBoundSpan (/opt/visual-studio-code/resources/app/extensions/node_modules/typescript/lib/tsserver.js:124868:83)
    at Session.handlers.ts.createMapFromTemplate._a.(anonymous function) (/opt/visual-studio-code/resources/app/extensions/node_modules/typescript/lib/tsserver.js:124252:61)
    at /opt/visual-studio-code/resources/app/extensions/node_modules/typescript/lib/tsserver.js:125824:88
    at IOSession.Session.executeWithRequestId (/opt/visual-studio-code/resources/app/extensions/node_modules/typescript/lib/tsserver.js:125815:28)
    at IOSession.Session.executeCommand (/opt/visual-studio-code/resources/app/extensions/node_modules/typescript/lib/tsserver.js:125824:33)
    at IOSession.Session.onMessage (/opt/visual-studio-code/resources/app/extensions/node_modules/typescript/lib/tsserver.js:125846:35)
    at Interface.<anonymous> (/opt/visual-studio-code/resources/app/extensions/node_modules/typescript/lib/tsserver.js:127106:27)
    at emitOne (events.js:116:13)
    at Interface.emit (events.js:211:7)
    at Interface._onLine (readline.js:282:10)
    at Interface._normalWrite (readline.js:424:12)
    at Socket.ondata (readline.js:141:10)
    at emitOne (events.js:116:13)
    at Socket.emit (events.js:211:7)
    at addChunk (_stream_readable.js:263:12)
    at readableAddChunk (_stream_readable.js:250:11)
    at Socket.Readable.push (_stream_readable.js:208:10)
    at Pipe.onread (net.js:594:20)
[Error  - 12:16:26 AM] 'quickinfo' request failed with error.
Error processing request. Debug Failure. Did not expect JsxSelfClosingElement to have an Identifier in its trivia
Error: Debug Failure. Did not expect JsxSelfClosingElement to have an Identifier in its trivia
    at addSyntheticNodes (/opt/visual-studio-code/resources/app/extensions/node_modules/typescript/lib/tsserver.js:116455:30)
    at createChildren (/opt/visual-studio-code/resources/app/extensions/node_modules/typescript/lib/tsserver.js:116444:9)
    at NodeObject.getChildren (/opt/visual-studio-code/resources/app/extensions/node_modules/typescript/lib/tsserver.js:116388:56)
    at getTokenAtPositionWorker (/opt/visual-studio-code/resources/app/extensions/node_modules/typescript/lib/tsserver.js:93114:43)
    at getTouchingToken (/opt/visual-studio-code/resources/app/extensions/node_modules/typescript/lib/tsserver.js:93101:16)
    at Object.getTouchingPropertyName (/opt/visual-studio-code/resources/app/extensions/node_modules/typescript/lib/tsserver.js:93093:16)
    at Object.getQuickInfoAtPosition (/opt/visual-studio-code/resources/app/extensions/node_modules/typescript/lib/tsserver.js:117447:27)
    at IOSession.Session.getQuickInfoWorker (/opt/visual-studio-code/resources/app/extensions/node_modules/typescript/lib/tsserver.js:125237:62)
    at Session.handlers.ts.createMapFromTemplate._a.(anonymous function) (/opt/visual-studio-code/resources/app/extensions/node_modules/typescript/lib/tsserver.js:124289:61)
    at /opt/visual-studio-code/resources/app/extensions/node_modules/typescript/lib/tsserver.js:125824:88
    at IOSession.Session.executeWithRequestId (/opt/visual-studio-code/resources/app/extensions/node_modules/typescript/lib/tsserver.js:125815:28)
    at IOSession.Session.executeCommand (/opt/visual-studio-code/resources/app/extensions/node_modules/typescript/lib/tsserver.js:125824:33)
    at IOSession.Session.onMessage (/opt/visual-studio-code/resources/app/extensions/node_modules/typescript/lib/tsserver.js:125846:35)
    at Interface.<anonymous> (/opt/visual-studio-code/resources/app/extensions/node_modules/typescript/lib/tsserver.js:127106:27)
    at emitOne (events.js:116:13)
    at Interface.emit (events.js:211:7)
    at Interface._onLine (readline.js:282:10)
    at Interface._normalWrite (readline.js:424:12)
    at Socket.ondata (readline.js:141:10)
    at emitOne (events.js:116:13)
    at Socket.emit (events.js:211:7)
    at addChunk (_stream_readable.js:263:12)
    at readableAddChunk (_stream_readable.js:250:11)
    at Socket.Readable.push (_stream_readable.js:208:10)
    at Pipe.onread (net.js:594:20)
